a:4:{s:3:"row";i:1;s:7:"message";s:64:"User with same Email already exists. Email: test123459@gmail.com";s:6:"status";b:0;s:7:"post_id";s:0:"";}
a:4:{s:3:"row";i:2;s:7:"message";s:64:"User with same Email already exists. Email: junaiddar1@gmail.com";s:6:"status";b:0;s:7:"post_id";s:0:"";}
a:4:{s:3:"row";i:3;s:7:"message";s:27:"User imported successfully.";s:6:"status";b:1;s:7:"post_id";i:514;}
a:4:{s:3:"row";i:4;s:7:"message";s:27:"User imported successfully.";s:6:"status";b:1;s:7:"post_id";i:515;}
a:4:{s:3:"row";i:5;s:7:"message";s:27:"User imported successfully.";s:6:"status";b:1;s:7:"post_id";i:516;}
a:4:{s:3:"row";i:6;s:7:"message";s:27:"User imported successfully.";s:6:"status";b:1;s:7:"post_id";i:517;}
a:4:{s:3:"row";i:7;s:7:"message";s:27:"User imported successfully.";s:6:"status";b:1;s:7:"post_id";i:518;}
a:4:{s:3:"row";i:8;s:7:"message";s:27:"User imported successfully.";s:6:"status";b:1;s:7:"post_id";i:519;}
a:4:{s:3:"row";i:9;s:7:"message";s:27:"User imported successfully.";s:6:"status";b:1;s:7:"post_id";i:520;}
a:4:{s:3:"row";i:10;s:7:"message";s:27:"User imported successfully.";s:6:"status";b:1;s:7:"post_id";i:521;}
a:4:{s:3:"row";i:11;s:7:"message";s:27:"User imported successfully.";s:6:"status";b:1;s:7:"post_id";i:522;}
a:4:{s:3:"row";i:12;s:7:"message";s:27:"User imported successfully.";s:6:"status";b:1;s:7:"post_id";i:523;}
a:4:{s:3:"row";i:13;s:7:"message";s:27:"User imported successfully.";s:6:"status";b:1;s:7:"post_id";i:524;}
a:4:{s:3:"row";i:14;s:7:"message";s:60:"User with same Email already exists. Email: agcircus@aol.com";s:6:"status";b:0;s:7:"post_id";s:0:"";}
a:4:{s:3:"row";i:15;s:7:"message";s:27:"User imported successfully.";s:6:"status";b:1;s:7:"post_id";i:525;}
a:4:{s:3:"row";i:16;s:7:"message";s:27:"User imported successfully.";s:6:"status";b:1;s:7:"post_id";i:526;}
a:4:{s:3:"row";i:17;s:7:"message";s:27:"User imported successfully.";s:6:"status";b:1;s:7:"post_id";i:527;}
a:4:{s:3:"row";i:18;s:7:"message";s:27:"User imported successfully.";s:6:"status";b:1;s:7:"post_id";i:528;}
a:4:{s:3:"row";i:19;s:7:"message";s:27:"User imported successfully.";s:6:"status";b:1;s:7:"post_id";i:529;}
a:4:{s:3:"row";i:20;s:7:"message";s:27:"User imported successfully.";s:6:"status";b:1;s:7:"post_id";i:530;}
a:4:{s:3:"row";i:21;s:7:"message";s:27:"User imported successfully.";s:6:"status";b:1;s:7:"post_id";i:531;}
a:4:{s:3:"row";i:22;s:7:"message";s:27:"User imported successfully.";s:6:"status";b:1;s:7:"post_id";i:532;}
a:4:{s:3:"row";i:23;s:7:"message";s:27:"User imported successfully.";s:6:"status";b:1;s:7:"post_id";i:533;}
a:4:{s:3:"row";i:24;s:7:"message";s:27:"User imported successfully.";s:6:"status";b:1;s:7:"post_id";i:534;}
a:4:{s:3:"row";i:25;s:7:"message";s:27:"User imported successfully.";s:6:"status";b:1;s:7:"post_id";i:535;}
a:4:{s:3:"row";i:26;s:7:"message";s:27:"User imported successfully.";s:6:"status";b:1;s:7:"post_id";i:536;}
a:4:{s:3:"row";i:27;s:7:"message";s:27:"User imported successfully.";s:6:"status";b:1;s:7:"post_id";i:537;}
a:4:{s:3:"row";i:28;s:7:"message";s:27:"User imported successfully.";s:6:"status";b:1;s:7:"post_id";i:538;}
a:4:{s:3:"row";i:29;s:7:"message";s:27:"User imported successfully.";s:6:"status";b:1;s:7:"post_id";i:539;}
a:4:{s:3:"row";i:30;s:7:"message";s:27:"User imported successfully.";s:6:"status";b:1;s:7:"post_id";i:540;}
a:4:{s:3:"row";i:31;s:7:"message";s:27:"User imported successfully.";s:6:"status";b:1;s:7:"post_id";i:541;}
a:4:{s:3:"row";i:32;s:7:"message";s:27:"User imported successfully.";s:6:"status";b:1;s:7:"post_id";i:542;}
a:4:{s:3:"row";i:33;s:7:"message";s:27:"User imported successfully.";s:6:"status";b:1;s:7:"post_id";i:543;}
a:4:{s:3:"row";i:34;s:7:"message";s:27:"User imported successfully.";s:6:"status";b:1;s:7:"post_id";i:544;}
a:4:{s:3:"row";i:35;s:7:"message";s:27:"User imported successfully.";s:6:"status";b:1;s:7:"post_id";i:545;}
a:4:{s:3:"row";i:36;s:7:"message";s:27:"User imported successfully.";s:6:"status";b:1;s:7:"post_id";i:546;}
a:4:{s:3:"row";i:37;s:7:"message";s:27:"User imported successfully.";s:6:"status";b:1;s:7:"post_id";i:547;}
a:4:{s:3:"row";i:38;s:7:"message";s:27:"User imported successfully.";s:6:"status";b:1;s:7:"post_id";i:548;}
a:4:{s:3:"row";i:39;s:7:"message";s:27:"User imported successfully.";s:6:"status";b:1;s:7:"post_id";i:549;}
a:4:{s:3:"row";i:40;s:7:"message";s:27:"User imported successfully.";s:6:"status";b:1;s:7:"post_id";i:550;}
a:4:{s:3:"row";i:41;s:7:"message";s:27:"User imported successfully.";s:6:"status";b:1;s:7:"post_id";i:551;}
a:4:{s:3:"row";i:42;s:7:"message";s:27:"User imported successfully.";s:6:"status";b:1;s:7:"post_id";i:552;}
a:4:{s:3:"row";i:43;s:7:"message";s:27:"User imported successfully.";s:6:"status";b:1;s:7:"post_id";i:553;}
a:4:{s:3:"row";i:44;s:7:"message";s:27:"User imported successfully.";s:6:"status";b:1;s:7:"post_id";i:554;}
a:4:{s:3:"row";i:45;s:7:"message";s:27:"User imported successfully.";s:6:"status";b:1;s:7:"post_id";i:555;}
a:4:{s:3:"row";i:46;s:7:"message";s:27:"User imported successfully.";s:6:"status";b:1;s:7:"post_id";i:556;}
a:4:{s:3:"row";i:47;s:7:"message";s:27:"User imported successfully.";s:6:"status";b:1;s:7:"post_id";i:557;}
a:4:{s:3:"row";i:48;s:7:"message";s:27:"User imported successfully.";s:6:"status";b:1;s:7:"post_id";i:558;}
a:4:{s:3:"row";i:49;s:7:"message";s:27:"User imported successfully.";s:6:"status";b:1;s:7:"post_id";i:559;}
a:4:{s:3:"row";i:50;s:7:"message";s:27:"User imported successfully.";s:6:"status";b:1;s:7:"post_id";i:560;}
a:4:{s:3:"row";i:51;s:7:"message";s:27:"User imported successfully.";s:6:"status";b:1;s:7:"post_id";i:561;}
a:4:{s:3:"row";i:52;s:7:"message";s:27:"User imported successfully.";s:6:"status";b:1;s:7:"post_id";i:562;}
a:4:{s:3:"row";i:53;s:7:"message";s:27:"User imported successfully.";s:6:"status";b:1;s:7:"post_id";i:563;}
a:4:{s:3:"row";i:54;s:7:"message";s:27:"User imported successfully.";s:6:"status";b:1;s:7:"post_id";i:564;}
a:4:{s:3:"row";i:55;s:7:"message";s:27:"User imported successfully.";s:6:"status";b:1;s:7:"post_id";i:565;}
a:4:{s:3:"row";i:56;s:7:"message";s:27:"User imported successfully.";s:6:"status";b:1;s:7:"post_id";i:566;}
a:4:{s:3:"row";i:57;s:7:"message";s:27:"User imported successfully.";s:6:"status";b:1;s:7:"post_id";i:567;}
a:4:{s:3:"row";i:58;s:7:"message";s:27:"User imported successfully.";s:6:"status";b:1;s:7:"post_id";i:568;}
a:4:{s:3:"row";i:59;s:7:"message";s:27:"User imported successfully.";s:6:"status";b:1;s:7:"post_id";i:569;}
a:4:{s:3:"row";i:60;s:7:"message";s:27:"User imported successfully.";s:6:"status";b:1;s:7:"post_id";i:570;}
a:4:{s:3:"row";i:61;s:7:"message";s:27:"User imported successfully.";s:6:"status";b:1;s:7:"post_id";i:571;}
a:4:{s:3:"row";i:62;s:7:"message";s:27:"User imported successfully.";s:6:"status";b:1;s:7:"post_id";i:572;}
a:4:{s:3:"row";i:63;s:7:"message";s:27:"User imported successfully.";s:6:"status";b:1;s:7:"post_id";i:573;}
a:4:{s:3:"row";i:64;s:7:"message";s:27:"User imported successfully.";s:6:"status";b:1;s:7:"post_id";i:574;}
a:4:{s:3:"row";i:65;s:7:"message";s:27:"User imported successfully.";s:6:"status";b:1;s:7:"post_id";i:575;}
a:4:{s:3:"row";i:66;s:7:"message";s:27:"User imported successfully.";s:6:"status";b:1;s:7:"post_id";i:576;}
a:4:{s:3:"row";i:67;s:7:"message";s:27:"User imported successfully.";s:6:"status";b:1;s:7:"post_id";i:577;}
a:4:{s:3:"row";i:68;s:7:"message";s:27:"User imported successfully.";s:6:"status";b:1;s:7:"post_id";i:578;}
a:4:{s:3:"row";i:69;s:7:"message";s:27:"User imported successfully.";s:6:"status";b:1;s:7:"post_id";i:579;}
a:4:{s:3:"row";i:70;s:7:"message";s:27:"User imported successfully.";s:6:"status";b:1;s:7:"post_id";i:580;}
a:4:{s:3:"row";i:71;s:7:"message";s:27:"User imported successfully.";s:6:"status";b:1;s:7:"post_id";i:581;}
a:4:{s:3:"row";i:72;s:7:"message";s:27:"User imported successfully.";s:6:"status";b:1;s:7:"post_id";i:582;}
a:4:{s:3:"row";i:73;s:7:"message";s:27:"User imported successfully.";s:6:"status";b:1;s:7:"post_id";i:583;}
a:4:{s:3:"row";i:74;s:7:"message";s:27:"User imported successfully.";s:6:"status";b:1;s:7:"post_id";i:584;}
a:4:{s:3:"row";i:75;s:7:"message";s:27:"User imported successfully.";s:6:"status";b:1;s:7:"post_id";i:585;}
a:4:{s:3:"row";i:76;s:7:"message";s:27:"User imported successfully.";s:6:"status";b:1;s:7:"post_id";i:586;}
a:4:{s:3:"row";i:77;s:7:"message";s:27:"User imported successfully.";s:6:"status";b:1;s:7:"post_id";i:587;}
a:4:{s:3:"row";i:78;s:7:"message";s:27:"User imported successfully.";s:6:"status";b:1;s:7:"post_id";i:588;}
a:4:{s:3:"row";i:79;s:7:"message";s:27:"User imported successfully.";s:6:"status";b:1;s:7:"post_id";i:589;}
a:4:{s:3:"row";i:80;s:7:"message";s:27:"User imported successfully.";s:6:"status";b:1;s:7:"post_id";i:590;}
a:4:{s:3:"row";i:81;s:7:"message";s:27:"User imported successfully.";s:6:"status";b:1;s:7:"post_id";i:591;}
a:4:{s:3:"row";i:82;s:7:"message";s:27:"User imported successfully.";s:6:"status";b:1;s:7:"post_id";i:592;}
a:4:{s:3:"row";i:83;s:7:"message";s:27:"User imported successfully.";s:6:"status";b:1;s:7:"post_id";i:593;}
a:4:{s:3:"row";i:84;s:7:"message";s:27:"User imported successfully.";s:6:"status";b:1;s:7:"post_id";i:594;}
a:4:{s:3:"row";i:85;s:7:"message";s:27:"User imported successfully.";s:6:"status";b:1;s:7:"post_id";i:595;}
a:4:{s:3:"row";i:86;s:7:"message";s:27:"User imported successfully.";s:6:"status";b:1;s:7:"post_id";i:596;}
a:4:{s:3:"row";i:87;s:7:"message";s:27:"User imported successfully.";s:6:"status";b:1;s:7:"post_id";i:597;}
a:4:{s:3:"row";i:88;s:7:"message";s:27:"User imported successfully.";s:6:"status";b:1;s:7:"post_id";i:598;}
a:4:{s:3:"row";i:89;s:7:"message";s:27:"User imported successfully.";s:6:"status";b:1;s:7:"post_id";i:599;}
a:4:{s:3:"row";i:90;s:7:"message";s:27:"User imported successfully.";s:6:"status";b:1;s:7:"post_id";i:600;}
a:4:{s:3:"row";i:91;s:7:"message";s:27:"User imported successfully.";s:6:"status";b:1;s:7:"post_id";i:601;}
a:4:{s:3:"row";i:92;s:7:"message";s:27:"User imported successfully.";s:6:"status";b:1;s:7:"post_id";i:602;}
a:4:{s:3:"row";i:93;s:7:"message";s:27:"User imported successfully.";s:6:"status";b:1;s:7:"post_id";i:603;}
a:4:{s:3:"row";i:94;s:7:"message";s:27:"User imported successfully.";s:6:"status";b:1;s:7:"post_id";i:604;}
a:4:{s:3:"row";i:95;s:7:"message";s:27:"User imported successfully.";s:6:"status";b:1;s:7:"post_id";i:605;}
a:4:{s:3:"row";i:96;s:7:"message";s:27:"User imported successfully.";s:6:"status";b:1;s:7:"post_id";i:606;}
a:4:{s:3:"row";i:97;s:7:"message";s:27:"User imported successfully.";s:6:"status";b:1;s:7:"post_id";i:607;}
a:4:{s:3:"row";i:98;s:7:"message";s:27:"User imported successfully.";s:6:"status";b:1;s:7:"post_id";i:608;}
a:4:{s:3:"row";i:99;s:7:"message";s:27:"User imported successfully.";s:6:"status";b:1;s:7:"post_id";i:609;}
a:4:{s:3:"row";i:100;s:7:"message";s:27:"User imported successfully.";s:6:"status";b:1;s:7:"post_id";i:610;}
a:4:{s:3:"row";i:101;s:7:"message";s:27:"User imported successfully.";s:6:"status";b:1;s:7:"post_id";i:611;}
a:4:{s:3:"row";i:102;s:7:"message";s:27:"User imported successfully.";s:6:"status";b:1;s:7:"post_id";i:612;}
a:4:{s:3:"row";i:103;s:7:"message";s:27:"User imported successfully.";s:6:"status";b:1;s:7:"post_id";i:613;}
a:4:{s:3:"row";i:104;s:7:"message";s:27:"User imported successfully.";s:6:"status";b:1;s:7:"post_id";i:614;}
a:4:{s:3:"row";i:105;s:7:"message";s:27:"User imported successfully.";s:6:"status";b:1;s:7:"post_id";i:615;}
a:4:{s:3:"row";i:106;s:7:"message";s:27:"User imported successfully.";s:6:"status";b:1;s:7:"post_id";i:616;}
a:4:{s:3:"row";i:107;s:7:"message";s:27:"User imported successfully.";s:6:"status";b:1;s:7:"post_id";i:617;}
a:4:{s:3:"row";i:108;s:7:"message";s:27:"User imported successfully.";s:6:"status";b:1;s:7:"post_id";i:618;}
a:4:{s:3:"row";i:109;s:7:"message";s:27:"User imported successfully.";s:6:"status";b:1;s:7:"post_id";i:619;}
a:4:{s:3:"row";i:110;s:7:"message";s:27:"User imported successfully.";s:6:"status";b:1;s:7:"post_id";i:620;}
a:4:{s:3:"row";i:111;s:7:"message";s:27:"User imported successfully.";s:6:"status";b:1;s:7:"post_id";i:621;}
a:4:{s:3:"row";i:112;s:7:"message";s:27:"User imported successfully.";s:6:"status";b:1;s:7:"post_id";i:622;}
a:4:{s:3:"row";i:113;s:7:"message";s:27:"User imported successfully.";s:6:"status";b:1;s:7:"post_id";i:623;}
a:4:{s:3:"row";i:114;s:7:"message";s:27:"User imported successfully.";s:6:"status";b:1;s:7:"post_id";i:624;}
a:4:{s:3:"row";i:115;s:7:"message";s:27:"User imported successfully.";s:6:"status";b:1;s:7:"post_id";i:625;}
a:4:{s:3:"row";i:116;s:7:"message";s:27:"User imported successfully.";s:6:"status";b:1;s:7:"post_id";i:626;}
a:4:{s:3:"row";i:117;s:7:"message";s:27:"User imported successfully.";s:6:"status";b:1;s:7:"post_id";i:627;}
a:4:{s:3:"row";i:118;s:7:"message";s:27:"User imported successfully.";s:6:"status";b:1;s:7:"post_id";i:628;}
a:4:{s:3:"row";i:119;s:7:"message";s:27:"User imported successfully.";s:6:"status";b:1;s:7:"post_id";i:629;}
a:4:{s:3:"row";i:120;s:7:"message";s:27:"User imported successfully.";s:6:"status";b:1;s:7:"post_id";i:630;}
a:4:{s:3:"row";i:121;s:7:"message";s:27:"User imported successfully.";s:6:"status";b:1;s:7:"post_id";i:631;}
a:4:{s:3:"row";i:122;s:7:"message";s:27:"User imported successfully.";s:6:"status";b:1;s:7:"post_id";i:632;}
a:4:{s:3:"row";i:123;s:7:"message";s:27:"User imported successfully.";s:6:"status";b:1;s:7:"post_id";i:633;}
a:4:{s:3:"row";i:124;s:7:"message";s:66:"User with same Email already exists. Email: gregoryshopd@yahoo.com";s:6:"status";b:0;s:7:"post_id";s:0:"";}
a:4:{s:3:"row";i:125;s:7:"message";s:27:"User imported successfully.";s:6:"status";b:1;s:7:"post_id";i:634;}
a:4:{s:3:"row";i:126;s:7:"message";s:27:"User imported successfully.";s:6:"status";b:1;s:7:"post_id";i:635;}
a:4:{s:3:"row";i:127;s:7:"message";s:27:"User imported successfully.";s:6:"status";b:1;s:7:"post_id";i:636;}
a:4:{s:3:"row";i:128;s:7:"message";s:27:"User imported successfully.";s:6:"status";b:1;s:7:"post_id";i:637;}
a:4:{s:3:"row";i:129;s:7:"message";s:27:"User imported successfully.";s:6:"status";b:1;s:7:"post_id";i:638;}
a:4:{s:3:"row";i:130;s:7:"message";s:27:"User imported successfully.";s:6:"status";b:1;s:7:"post_id";i:639;}
a:4:{s:3:"row";i:131;s:7:"message";s:27:"User imported successfully.";s:6:"status";b:1;s:7:"post_id";i:640;}
a:4:{s:3:"row";i:132;s:7:"message";s:27:"User imported successfully.";s:6:"status";b:1;s:7:"post_id";i:641;}
a:4:{s:3:"row";i:133;s:7:"message";s:27:"User imported successfully.";s:6:"status";b:1;s:7:"post_id";i:642;}
a:4:{s:3:"row";i:134;s:7:"message";s:27:"User imported successfully.";s:6:"status";b:1;s:7:"post_id";i:643;}
a:4:{s:3:"row";i:135;s:7:"message";s:27:"User imported successfully.";s:6:"status";b:1;s:7:"post_id";i:644;}
a:4:{s:3:"row";i:136;s:7:"message";s:27:"User imported successfully.";s:6:"status";b:1;s:7:"post_id";i:645;}
a:4:{s:3:"row";i:137;s:7:"message";s:27:"User imported successfully.";s:6:"status";b:1;s:7:"post_id";i:646;}
a:4:{s:3:"row";i:138;s:7:"message";s:27:"User imported successfully.";s:6:"status";b:1;s:7:"post_id";i:647;}
a:4:{s:3:"row";i:139;s:7:"message";s:27:"User imported successfully.";s:6:"status";b:1;s:7:"post_id";i:648;}
a:4:{s:3:"row";i:140;s:7:"message";s:27:"User imported successfully.";s:6:"status";b:1;s:7:"post_id";i:649;}
a:4:{s:3:"row";i:141;s:7:"message";s:27:"User imported successfully.";s:6:"status";b:1;s:7:"post_id";i:650;}
a:4:{s:3:"row";i:142;s:7:"message";s:27:"User imported successfully.";s:6:"status";b:1;s:7:"post_id";i:651;}
a:4:{s:3:"row";i:143;s:7:"message";s:27:"User imported successfully.";s:6:"status";b:1;s:7:"post_id";i:652;}
a:4:{s:3:"row";i:144;s:7:"message";s:27:"User imported successfully.";s:6:"status";b:1;s:7:"post_id";i:653;}
a:4:{s:3:"row";i:145;s:7:"message";s:27:"User imported successfully.";s:6:"status";b:1;s:7:"post_id";i:654;}
a:4:{s:3:"row";i:146;s:7:"message";s:27:"User imported successfully.";s:6:"status";b:1;s:7:"post_id";i:655;}
a:4:{s:3:"row";i:147;s:7:"message";s:27:"User imported successfully.";s:6:"status";b:1;s:7:"post_id";i:656;}
a:4:{s:3:"row";i:148;s:7:"message";s:27:"User imported successfully.";s:6:"status";b:1;s:7:"post_id";i:657;}
a:4:{s:3:"row";i:149;s:7:"message";s:27:"User imported successfully.";s:6:"status";b:1;s:7:"post_id";i:658;}
a:4:{s:3:"row";i:150;s:7:"message";s:27:"User imported successfully.";s:6:"status";b:1;s:7:"post_id";i:659;}
a:4:{s:3:"row";i:151;s:7:"message";s:27:"User imported successfully.";s:6:"status";b:1;s:7:"post_id";i:660;}
a:4:{s:3:"row";i:152;s:7:"message";s:27:"User imported successfully.";s:6:"status";b:1;s:7:"post_id";i:661;}
a:4:{s:3:"row";i:153;s:7:"message";s:27:"User imported successfully.";s:6:"status";b:1;s:7:"post_id";i:662;}
a:4:{s:3:"row";i:154;s:7:"message";s:27:"User imported successfully.";s:6:"status";b:1;s:7:"post_id";i:663;}
a:4:{s:3:"row";i:155;s:7:"message";s:27:"User imported successfully.";s:6:"status";b:1;s:7:"post_id";i:664;}
a:4:{s:3:"row";i:156;s:7:"message";s:63:"User with same Email already exists. Email: test78666@gmail.com";s:6:"status";b:0;s:7:"post_id";s:0:"";}
a:4:{s:3:"row";i:157;s:7:"message";s:60:"User with same Email already exists. Email: test1t@gmail.com";s:6:"status";b:0;s:7:"post_id";s:0:"";}
a:4:{s:3:"row";i:158;s:7:"message";s:27:"User imported successfully.";s:6:"status";b:1;s:7:"post_id";i:665;}
a:4:{s:3:"row";i:159;s:7:"message";s:27:"User imported successfully.";s:6:"status";b:1;s:7:"post_id";i:666;}
a:4:{s:3:"row";i:160;s:7:"message";s:27:"User imported successfully.";s:6:"status";b:1;s:7:"post_id";i:667;}
a:4:{s:3:"row";i:161;s:7:"message";s:27:"User imported successfully.";s:6:"status";b:1;s:7:"post_id";i:668;}
a:4:{s:3:"row";i:162;s:7:"message";s:27:"User imported successfully.";s:6:"status";b:1;s:7:"post_id";i:669;}
a:4:{s:3:"row";i:163;s:7:"message";s:27:"User imported successfully.";s:6:"status";b:1;s:7:"post_id";i:670;}
a:4:{s:3:"row";i:164;s:7:"message";s:27:"User imported successfully.";s:6:"status";b:1;s:7:"post_id";i:671;}
a:4:{s:3:"row";i:165;s:7:"message";s:27:"User imported successfully.";s:6:"status";b:1;s:7:"post_id";i:672;}
a:4:{s:3:"row";i:166;s:7:"message";s:27:"User imported successfully.";s:6:"status";b:1;s:7:"post_id";i:673;}
a:4:{s:3:"row";i:167;s:7:"message";s:27:"User imported successfully.";s:6:"status";b:1;s:7:"post_id";i:674;}
a:4:{s:3:"row";i:168;s:7:"message";s:27:"User imported successfully.";s:6:"status";b:1;s:7:"post_id";i:675;}
a:4:{s:3:"row";i:169;s:7:"message";s:27:"User imported successfully.";s:6:"status";b:1;s:7:"post_id";i:676;}
a:4:{s:3:"row";i:170;s:7:"message";s:27:"User imported successfully.";s:6:"status";b:1;s:7:"post_id";i:677;}
a:4:{s:3:"row";i:171;s:7:"message";s:27:"User imported successfully.";s:6:"status";b:1;s:7:"post_id";i:678;}
a:4:{s:3:"row";i:172;s:7:"message";s:27:"User imported successfully.";s:6:"status";b:1;s:7:"post_id";i:679;}
a:4:{s:3:"row";i:173;s:7:"message";s:27:"User imported successfully.";s:6:"status";b:1;s:7:"post_id";i:680;}
a:4:{s:3:"row";i:174;s:7:"message";s:27:"User imported successfully.";s:6:"status";b:1;s:7:"post_id";i:681;}
a:4:{s:3:"row";i:175;s:7:"message";s:27:"User imported successfully.";s:6:"status";b:1;s:7:"post_id";i:682;}
a:4:{s:3:"row";i:176;s:7:"message";s:27:"User imported successfully.";s:6:"status";b:1;s:7:"post_id";i:683;}
a:4:{s:3:"row";i:177;s:7:"message";s:27:"User imported successfully.";s:6:"status";b:1;s:7:"post_id";i:684;}
a:4:{s:3:"row";i:178;s:7:"message";s:27:"User imported successfully.";s:6:"status";b:1;s:7:"post_id";i:685;}
a:4:{s:3:"row";i:179;s:7:"message";s:27:"User imported successfully.";s:6:"status";b:1;s:7:"post_id";i:686;}
a:4:{s:3:"row";i:180;s:7:"message";s:27:"User imported successfully.";s:6:"status";b:1;s:7:"post_id";i:687;}
a:4:{s:3:"row";i:181;s:7:"message";s:27:"User imported successfully.";s:6:"status";b:1;s:7:"post_id";i:688;}
a:4:{s:3:"row";i:182;s:7:"message";s:58:"User with same Email already exists. Email: test@gmail.com";s:6:"status";b:0;s:7:"post_id";s:0:"";}
a:4:{s:3:"row";i:183;s:7:"message";s:27:"User imported successfully.";s:6:"status";b:1;s:7:"post_id";i:689;}
a:4:{s:3:"row";i:184;s:7:"message";s:27:"User imported successfully.";s:6:"status";b:1;s:7:"post_id";i:690;}
a:4:{s:3:"row";i:185;s:7:"message";s:27:"User imported successfully.";s:6:"status";b:1;s:7:"post_id";i:691;}
a:4:{s:3:"row";i:186;s:7:"message";s:27:"User imported successfully.";s:6:"status";b:1;s:7:"post_id";i:692;}
a:4:{s:3:"row";i:187;s:7:"message";s:27:"User imported successfully.";s:6:"status";b:1;s:7:"post_id";i:693;}
a:4:{s:3:"row";i:188;s:7:"message";s:27:"User imported successfully.";s:6:"status";b:1;s:7:"post_id";i:694;}
a:4:{s:3:"row";i:189;s:7:"message";s:27:"User imported successfully.";s:6:"status";b:1;s:7:"post_id";i:695;}
a:4:{s:3:"row";i:190;s:7:"message";s:27:"User imported successfully.";s:6:"status";b:1;s:7:"post_id";i:696;}
a:4:{s:3:"row";i:191;s:7:"message";s:27:"User imported successfully.";s:6:"status";b:1;s:7:"post_id";i:697;}
a:4:{s:3:"row";i:192;s:7:"message";s:27:"User imported successfully.";s:6:"status";b:1;s:7:"post_id";i:698;}
a:4:{s:3:"row";i:193;s:7:"message";s:27:"User imported successfully.";s:6:"status";b:1;s:7:"post_id";i:699;}
a:4:{s:3:"row";i:194;s:7:"message";s:27:"User imported successfully.";s:6:"status";b:1;s:7:"post_id";i:700;}
a:4:{s:3:"row";i:195;s:7:"message";s:27:"User imported successfully.";s:6:"status";b:1;s:7:"post_id";i:701;}
a:4:{s:3:"row";i:196;s:7:"message";s:27:"User imported successfully.";s:6:"status";b:1;s:7:"post_id";i:702;}
a:4:{s:3:"row";i:197;s:7:"message";s:27:"User imported successfully.";s:6:"status";b:1;s:7:"post_id";i:703;}
a:4:{s:3:"row";i:198;s:7:"message";s:27:"User imported successfully.";s:6:"status";b:1;s:7:"post_id";i:704;}
a:4:{s:3:"row";i:199;s:7:"message";s:27:"User imported successfully.";s:6:"status";b:1;s:7:"post_id";i:705;}
a:4:{s:3:"row";i:200;s:7:"message";s:27:"User imported successfully.";s:6:"status";b:1;s:7:"post_id";i:706;}
a:4:{s:3:"row";i:201;s:7:"message";s:27:"User imported successfully.";s:6:"status";b:1;s:7:"post_id";i:707;}
a:4:{s:3:"row";i:202;s:7:"message";s:27:"User imported successfully.";s:6:"status";b:1;s:7:"post_id";i:708;}
a:4:{s:3:"row";i:203;s:7:"message";s:27:"User imported successfully.";s:6:"status";b:1;s:7:"post_id";i:709;}
a:4:{s:3:"row";i:204;s:7:"message";s:27:"User imported successfully.";s:6:"status";b:1;s:7:"post_id";i:710;}
a:4:{s:3:"row";i:205;s:7:"message";s:27:"User imported successfully.";s:6:"status";b:1;s:7:"post_id";i:711;}
a:4:{s:3:"row";i:206;s:7:"message";s:27:"User imported successfully.";s:6:"status";b:1;s:7:"post_id";i:712;}
a:4:{s:3:"row";i:207;s:7:"message";s:27:"User imported successfully.";s:6:"status";b:1;s:7:"post_id";i:713;}
a:4:{s:3:"row";i:208;s:7:"message";s:27:"User imported successfully.";s:6:"status";b:1;s:7:"post_id";i:714;}
a:4:{s:3:"row";i:209;s:7:"message";s:27:"User imported successfully.";s:6:"status";b:1;s:7:"post_id";i:715;}
a:4:{s:3:"row";i:210;s:7:"message";s:27:"User imported successfully.";s:6:"status";b:1;s:7:"post_id";i:716;}
a:4:{s:3:"row";i:211;s:7:"message";s:27:"User imported successfully.";s:6:"status";b:1;s:7:"post_id";i:717;}
a:4:{s:3:"row";i:212;s:7:"message";s:27:"User imported successfully.";s:6:"status";b:1;s:7:"post_id";i:718;}
a:4:{s:3:"row";i:213;s:7:"message";s:27:"User imported successfully.";s:6:"status";b:1;s:7:"post_id";i:719;}
a:4:{s:3:"row";i:214;s:7:"message";s:27:"User imported successfully.";s:6:"status";b:1;s:7:"post_id";i:720;}
a:4:{s:3:"row";i:215;s:7:"message";s:27:"User imported successfully.";s:6:"status";b:1;s:7:"post_id";i:721;}
a:4:{s:3:"row";i:216;s:7:"message";s:27:"User imported successfully.";s:6:"status";b:1;s:7:"post_id";i:722;}
a:4:{s:3:"row";i:217;s:7:"message";s:27:"User imported successfully.";s:6:"status";b:1;s:7:"post_id";i:723;}
a:4:{s:3:"row";i:218;s:7:"message";s:27:"User imported successfully.";s:6:"status";b:1;s:7:"post_id";i:724;}
a:4:{s:3:"row";i:219;s:7:"message";s:27:"User imported successfully.";s:6:"status";b:1;s:7:"post_id";i:725;}
a:4:{s:3:"row";i:220;s:7:"message";s:27:"User imported successfully.";s:6:"status";b:1;s:7:"post_id";i:726;}
a:4:{s:3:"row";i:221;s:7:"message";s:27:"User imported successfully.";s:6:"status";b:1;s:7:"post_id";i:727;}
a:4:{s:3:"row";i:222;s:7:"message";s:27:"User imported successfully.";s:6:"status";b:1;s:7:"post_id";i:728;}
a:4:{s:3:"row";i:223;s:7:"message";s:27:"User imported successfully.";s:6:"status";b:1;s:7:"post_id";i:729;}
a:4:{s:3:"row";i:224;s:7:"message";s:27:"User imported successfully.";s:6:"status";b:1;s:7:"post_id";i:730;}
a:4:{s:3:"row";i:225;s:7:"message";s:27:"User imported successfully.";s:6:"status";b:1;s:7:"post_id";i:731;}
a:4:{s:3:"row";i:226;s:7:"message";s:27:"User imported successfully.";s:6:"status";b:1;s:7:"post_id";i:732;}
a:4:{s:3:"row";i:227;s:7:"message";s:27:"User imported successfully.";s:6:"status";b:1;s:7:"post_id";i:733;}
a:4:{s:3:"row";i:228;s:7:"message";s:27:"User imported successfully.";s:6:"status";b:1;s:7:"post_id";i:734;}
a:4:{s:3:"row";i:229;s:7:"message";s:27:"User imported successfully.";s:6:"status";b:1;s:7:"post_id";i:735;}
a:4:{s:3:"row";i:230;s:7:"message";s:27:"User imported successfully.";s:6:"status";b:1;s:7:"post_id";i:736;}
a:4:{s:3:"row";i:231;s:7:"message";s:27:"User imported successfully.";s:6:"status";b:1;s:7:"post_id";i:737;}
a:4:{s:3:"row";i:232;s:7:"message";s:27:"User imported successfully.";s:6:"status";b:1;s:7:"post_id";i:738;}
a:4:{s:3:"row";i:233;s:7:"message";s:27:"User imported successfully.";s:6:"status";b:1;s:7:"post_id";i:739;}
a:4:{s:3:"row";i:234;s:7:"message";s:27:"User imported successfully.";s:6:"status";b:1;s:7:"post_id";i:740;}
a:4:{s:3:"row";i:235;s:7:"message";s:27:"User imported successfully.";s:6:"status";b:1;s:7:"post_id";i:741;}
a:4:{s:3:"row";i:236;s:7:"message";s:27:"User imported successfully.";s:6:"status";b:1;s:7:"post_id";i:742;}
a:4:{s:3:"row";i:237;s:7:"message";s:27:"User imported successfully.";s:6:"status";b:1;s:7:"post_id";i:743;}
a:4:{s:3:"row";i:238;s:7:"message";s:27:"User imported successfully.";s:6:"status";b:1;s:7:"post_id";i:744;}
a:4:{s:3:"row";i:239;s:7:"message";s:27:"User imported successfully.";s:6:"status";b:1;s:7:"post_id";i:745;}
a:4:{s:3:"row";i:240;s:7:"message";s:27:"User imported successfully.";s:6:"status";b:1;s:7:"post_id";i:746;}
a:4:{s:3:"row";i:241;s:7:"message";s:27:"User imported successfully.";s:6:"status";b:1;s:7:"post_id";i:747;}
a:4:{s:3:"row";i:242;s:7:"message";s:27:"User imported successfully.";s:6:"status";b:1;s:7:"post_id";i:748;}
a:4:{s:3:"row";i:243;s:7:"message";s:27:"User imported successfully.";s:6:"status";b:1;s:7:"post_id";i:749;}
a:4:{s:3:"row";i:244;s:7:"message";s:27:"User imported successfully.";s:6:"status";b:1;s:7:"post_id";i:750;}
a:4:{s:3:"row";i:245;s:7:"message";s:27:"User imported successfully.";s:6:"status";b:1;s:7:"post_id";i:751;}
a:4:{s:3:"row";i:246;s:7:"message";s:27:"User imported successfully.";s:6:"status";b:1;s:7:"post_id";i:752;}
a:4:{s:3:"row";i:247;s:7:"message";s:27:"User imported successfully.";s:6:"status";b:1;s:7:"post_id";i:753;}
a:4:{s:3:"row";i:248;s:7:"message";s:27:"User imported successfully.";s:6:"status";b:1;s:7:"post_id";i:754;}
a:4:{s:3:"row";i:249;s:7:"message";s:27:"User imported successfully.";s:6:"status";b:1;s:7:"post_id";i:755;}
a:4:{s:3:"row";i:250;s:7:"message";s:27:"User imported successfully.";s:6:"status";b:1;s:7:"post_id";i:756;}
a:4:{s:3:"row";i:251;s:7:"message";s:27:"User imported successfully.";s:6:"status";b:1;s:7:"post_id";i:757;}
a:4:{s:3:"row";i:252;s:7:"message";s:27:"User imported successfully.";s:6:"status";b:1;s:7:"post_id";i:758;}
a:4:{s:3:"row";i:253;s:7:"message";s:27:"User imported successfully.";s:6:"status";b:1;s:7:"post_id";i:759;}
a:4:{s:3:"row";i:254;s:7:"message";s:27:"User imported successfully.";s:6:"status";b:1;s:7:"post_id";i:760;}
a:4:{s:3:"row";i:255;s:7:"message";s:27:"User imported successfully.";s:6:"status";b:1;s:7:"post_id";i:761;}
a:4:{s:3:"row";i:256;s:7:"message";s:27:"User imported successfully.";s:6:"status";b:1;s:7:"post_id";i:762;}
a:4:{s:3:"row";i:257;s:7:"message";s:27:"User imported successfully.";s:6:"status";b:1;s:7:"post_id";i:763;}
a:4:{s:3:"row";i:258;s:7:"message";s:27:"User imported successfully.";s:6:"status";b:1;s:7:"post_id";i:764;}
a:4:{s:3:"row";i:259;s:7:"message";s:27:"User imported successfully.";s:6:"status";b:1;s:7:"post_id";i:765;}
a:4:{s:3:"row";i:260;s:7:"message";s:27:"User imported successfully.";s:6:"status";b:1;s:7:"post_id";i:766;}
a:4:{s:3:"row";i:261;s:7:"message";s:27:"User imported successfully.";s:6:"status";b:1;s:7:"post_id";i:767;}
a:4:{s:3:"row";i:262;s:7:"message";s:27:"User imported successfully.";s:6:"status";b:1;s:7:"post_id";i:768;}
a:4:{s:3:"row";i:263;s:7:"message";s:27:"User imported successfully.";s:6:"status";b:1;s:7:"post_id";i:769;}
a:4:{s:3:"row";i:264;s:7:"message";s:27:"User imported successfully.";s:6:"status";b:1;s:7:"post_id";i:770;}
a:4:{s:3:"row";i:265;s:7:"message";s:27:"User imported successfully.";s:6:"status";b:1;s:7:"post_id";i:771;}
a:4:{s:3:"row";i:266;s:7:"message";s:27:"User imported successfully.";s:6:"status";b:1;s:7:"post_id";i:772;}
a:4:{s:3:"row";i:267;s:7:"message";s:27:"User imported successfully.";s:6:"status";b:1;s:7:"post_id";i:773;}
a:4:{s:3:"row";i:268;s:7:"message";s:27:"User imported successfully.";s:6:"status";b:1;s:7:"post_id";i:774;}
a:4:{s:3:"row";i:269;s:7:"message";s:27:"User imported successfully.";s:6:"status";b:1;s:7:"post_id";i:775;}
a:4:{s:3:"row";i:270;s:7:"message";s:27:"User imported successfully.";s:6:"status";b:1;s:7:"post_id";i:776;}
a:4:{s:3:"row";i:271;s:7:"message";s:27:"User imported successfully.";s:6:"status";b:1;s:7:"post_id";i:777;}
a:4:{s:3:"row";i:272;s:7:"message";s:27:"User imported successfully.";s:6:"status";b:1;s:7:"post_id";i:778;}
a:4:{s:3:"row";i:273;s:7:"message";s:27:"User imported successfully.";s:6:"status";b:1;s:7:"post_id";i:779;}
a:4:{s:3:"row";i:274;s:7:"message";s:27:"User imported successfully.";s:6:"status";b:1;s:7:"post_id";i:780;}
a:4:{s:3:"row";i:275;s:7:"message";s:27:"User imported successfully.";s:6:"status";b:1;s:7:"post_id";i:781;}
a:4:{s:3:"row";i:276;s:7:"message";s:27:"User imported successfully.";s:6:"status";b:1;s:7:"post_id";i:782;}
a:4:{s:3:"row";i:277;s:7:"message";s:27:"User imported successfully.";s:6:"status";b:1;s:7:"post_id";i:783;}
a:4:{s:3:"row";i:278;s:7:"message";s:27:"User imported successfully.";s:6:"status";b:1;s:7:"post_id";i:784;}
a:4:{s:3:"row";i:279;s:7:"message";s:27:"User imported successfully.";s:6:"status";b:1;s:7:"post_id";i:785;}
a:4:{s:3:"row";i:280;s:7:"message";s:27:"User imported successfully.";s:6:"status";b:1;s:7:"post_id";i:786;}
a:4:{s:3:"row";i:281;s:7:"message";s:27:"User imported successfully.";s:6:"status";b:1;s:7:"post_id";i:787;}
a:4:{s:3:"row";i:282;s:7:"message";s:27:"User imported successfully.";s:6:"status";b:1;s:7:"post_id";i:788;}
a:4:{s:3:"row";i:283;s:7:"message";s:27:"User imported successfully.";s:6:"status";b:1;s:7:"post_id";i:789;}
a:4:{s:3:"row";i:284;s:7:"message";s:27:"User imported successfully.";s:6:"status";b:1;s:7:"post_id";i:790;}
a:4:{s:3:"row";i:285;s:7:"message";s:27:"User imported successfully.";s:6:"status";b:1;s:7:"post_id";i:791;}
a:4:{s:3:"row";i:286;s:7:"message";s:27:"User imported successfully.";s:6:"status";b:1;s:7:"post_id";i:792;}
a:4:{s:3:"row";i:287;s:7:"message";s:27:"User imported successfully.";s:6:"status";b:1;s:7:"post_id";i:793;}
a:4:{s:3:"row";i:288;s:7:"message";s:27:"User imported successfully.";s:6:"status";b:1;s:7:"post_id";i:794;}
a:4:{s:3:"row";i:289;s:7:"message";s:27:"User imported successfully.";s:6:"status";b:1;s:7:"post_id";i:795;}
a:4:{s:3:"row";i:290;s:7:"message";s:27:"User imported successfully.";s:6:"status";b:1;s:7:"post_id";i:796;}
a:4:{s:3:"row";i:291;s:7:"message";s:27:"User imported successfully.";s:6:"status";b:1;s:7:"post_id";i:797;}
a:4:{s:3:"row";i:292;s:7:"message";s:27:"User imported successfully.";s:6:"status";b:1;s:7:"post_id";i:798;}
a:4:{s:3:"row";i:293;s:7:"message";s:27:"User imported successfully.";s:6:"status";b:1;s:7:"post_id";i:799;}
a:4:{s:3:"row";i:294;s:7:"message";s:27:"User imported successfully.";s:6:"status";b:1;s:7:"post_id";i:800;}
a:4:{s:3:"row";i:295;s:7:"message";s:27:"User imported successfully.";s:6:"status";b:1;s:7:"post_id";i:801;}
a:4:{s:3:"row";i:296;s:7:"message";s:27:"User imported successfully.";s:6:"status";b:1;s:7:"post_id";i:802;}
a:4:{s:3:"row";i:297;s:7:"message";s:27:"User imported successfully.";s:6:"status";b:1;s:7:"post_id";i:803;}
a:4:{s:3:"row";i:298;s:7:"message";s:27:"User imported successfully.";s:6:"status";b:1;s:7:"post_id";i:804;}
a:4:{s:3:"row";i:299;s:7:"message";s:27:"User imported successfully.";s:6:"status";b:1;s:7:"post_id";i:805;}
a:4:{s:3:"row";i:300;s:7:"message";s:27:"User imported successfully.";s:6:"status";b:1;s:7:"post_id";i:806;}
a:4:{s:3:"row";i:301;s:7:"message";s:27:"User imported successfully.";s:6:"status";b:1;s:7:"post_id";i:807;}
a:4:{s:3:"row";i:302;s:7:"message";s:27:"User imported successfully.";s:6:"status";b:1;s:7:"post_id";i:808;}
a:4:{s:3:"row";i:303;s:7:"message";s:27:"User imported successfully.";s:6:"status";b:1;s:7:"post_id";i:809;}
a:4:{s:3:"row";i:304;s:7:"message";s:27:"User imported successfully.";s:6:"status";b:1;s:7:"post_id";i:810;}
a:4:{s:3:"row";i:305;s:7:"message";s:27:"User imported successfully.";s:6:"status";b:1;s:7:"post_id";i:811;}
a:4:{s:3:"row";i:306;s:7:"message";s:61:"User with same Email already exists. Email: secunda@gmail.com";s:6:"status";b:0;s:7:"post_id";s:0:"";}
a:4:{s:3:"row";i:307;s:7:"message";s:27:"User imported successfully.";s:6:"status";b:1;s:7:"post_id";i:812;}
a:4:{s:3:"row";i:308;s:7:"message";s:27:"User imported successfully.";s:6:"status";b:1;s:7:"post_id";i:813;}
a:4:{s:3:"row";i:309;s:7:"message";s:27:"User imported successfully.";s:6:"status";b:1;s:7:"post_id";i:814;}
a:4:{s:3:"row";i:310;s:7:"message";s:27:"User imported successfully.";s:6:"status";b:1;s:7:"post_id";i:815;}
a:4:{s:3:"row";i:311;s:7:"message";s:27:"User imported successfully.";s:6:"status";b:1;s:7:"post_id";i:816;}
a:4:{s:3:"row";i:312;s:7:"message";s:27:"User imported successfully.";s:6:"status";b:1;s:7:"post_id";i:817;}
a:4:{s:3:"row";i:313;s:7:"message";s:27:"User imported successfully.";s:6:"status";b:1;s:7:"post_id";i:818;}
a:4:{s:3:"row";i:314;s:7:"message";s:27:"User imported successfully.";s:6:"status";b:1;s:7:"post_id";i:819;}
a:4:{s:3:"row";i:315;s:7:"message";s:27:"User imported successfully.";s:6:"status";b:1;s:7:"post_id";i:820;}
a:4:{s:3:"row";i:316;s:7:"message";s:27:"User imported successfully.";s:6:"status";b:1;s:7:"post_id";i:821;}
a:4:{s:3:"row";i:317;s:7:"message";s:27:"User imported successfully.";s:6:"status";b:1;s:7:"post_id";i:822;}
a:4:{s:3:"row";i:318;s:7:"message";s:27:"User imported successfully.";s:6:"status";b:1;s:7:"post_id";i:823;}
a:4:{s:3:"row";i:319;s:7:"message";s:27:"User imported successfully.";s:6:"status";b:1;s:7:"post_id";i:824;}
a:4:{s:3:"row";i:320;s:7:"message";s:27:"User imported successfully.";s:6:"status";b:1;s:7:"post_id";i:825;}
a:4:{s:3:"row";i:321;s:7:"message";s:27:"User imported successfully.";s:6:"status";b:1;s:7:"post_id";i:826;}
a:4:{s:3:"row";i:322;s:7:"message";s:27:"User imported successfully.";s:6:"status";b:1;s:7:"post_id";i:827;}
a:4:{s:3:"row";i:323;s:7:"message";s:27:"User imported successfully.";s:6:"status";b:1;s:7:"post_id";i:828;}
a:4:{s:3:"row";i:324;s:7:"message";s:27:"User imported successfully.";s:6:"status";b:1;s:7:"post_id";i:829;}
a:4:{s:3:"row";i:325;s:7:"message";s:27:"User imported successfully.";s:6:"status";b:1;s:7:"post_id";i:830;}
a:4:{s:3:"row";i:326;s:7:"message";s:27:"User imported successfully.";s:6:"status";b:1;s:7:"post_id";i:831;}
a:4:{s:3:"row";i:327;s:7:"message";s:27:"User imported successfully.";s:6:"status";b:1;s:7:"post_id";i:832;}
a:4:{s:3:"row";i:328;s:7:"message";s:27:"User imported successfully.";s:6:"status";b:1;s:7:"post_id";i:833;}
a:4:{s:3:"row";i:329;s:7:"message";s:27:"User imported successfully.";s:6:"status";b:1;s:7:"post_id";i:834;}
a:4:{s:3:"row";i:330;s:7:"message";s:27:"User imported successfully.";s:6:"status";b:1;s:7:"post_id";i:835;}
a:4:{s:3:"row";i:331;s:7:"message";s:27:"User imported successfully.";s:6:"status";b:1;s:7:"post_id";i:836;}
a:4:{s:3:"row";i:332;s:7:"message";s:27:"User imported successfully.";s:6:"status";b:1;s:7:"post_id";i:837;}
a:4:{s:3:"row";i:333;s:7:"message";s:27:"User imported successfully.";s:6:"status";b:1;s:7:"post_id";i:838;}
a:4:{s:3:"row";i:334;s:7:"message";s:27:"User imported successfully.";s:6:"status";b:1;s:7:"post_id";i:839;}
a:4:{s:3:"row";i:335;s:7:"message";s:27:"User imported successfully.";s:6:"status";b:1;s:7:"post_id";i:840;}
a:4:{s:3:"row";i:336;s:7:"message";s:27:"User imported successfully.";s:6:"status";b:1;s:7:"post_id";i:841;}
a:4:{s:3:"row";i:337;s:7:"message";s:27:"User imported successfully.";s:6:"status";b:1;s:7:"post_id";i:842;}
a:4:{s:3:"row";i:338;s:7:"message";s:27:"User imported successfully.";s:6:"status";b:1;s:7:"post_id";i:843;}
a:4:{s:3:"row";i:339;s:7:"message";s:27:"User imported successfully.";s:6:"status";b:1;s:7:"post_id";i:844;}
a:4:{s:3:"row";i:340;s:7:"message";s:27:"User imported successfully.";s:6:"status";b:1;s:7:"post_id";i:845;}
a:4:{s:3:"row";i:341;s:7:"message";s:27:"User imported successfully.";s:6:"status";b:1;s:7:"post_id";i:846;}
a:4:{s:3:"row";i:342;s:7:"message";s:27:"User imported successfully.";s:6:"status";b:1;s:7:"post_id";i:847;}
a:4:{s:3:"row";i:343;s:7:"message";s:27:"User imported successfully.";s:6:"status";b:1;s:7:"post_id";i:848;}
a:4:{s:3:"row";i:344;s:7:"message";s:27:"User imported successfully.";s:6:"status";b:1;s:7:"post_id";i:849;}
a:4:{s:3:"row";i:345;s:7:"message";s:27:"User imported successfully.";s:6:"status";b:1;s:7:"post_id";i:850;}
a:4:{s:3:"row";i:346;s:7:"message";s:27:"User imported successfully.";s:6:"status";b:1;s:7:"post_id";i:851;}
a:4:{s:3:"row";i:347;s:7:"message";s:27:"User imported successfully.";s:6:"status";b:1;s:7:"post_id";i:852;}
a:4:{s:3:"row";i:348;s:7:"message";s:27:"User imported successfully.";s:6:"status";b:1;s:7:"post_id";i:853;}
a:4:{s:3:"row";i:349;s:7:"message";s:27:"User imported successfully.";s:6:"status";b:1;s:7:"post_id";i:854;}
a:4:{s:3:"row";i:350;s:7:"message";s:27:"User imported successfully.";s:6:"status";b:1;s:7:"post_id";i:855;}
a:4:{s:3:"row";i:351;s:7:"message";s:27:"User imported successfully.";s:6:"status";b:1;s:7:"post_id";i:856;}
a:4:{s:3:"row";i:352;s:7:"message";s:27:"User imported successfully.";s:6:"status";b:1;s:7:"post_id";i:857;}
a:4:{s:3:"row";i:353;s:7:"message";s:27:"User imported successfully.";s:6:"status";b:1;s:7:"post_id";i:858;}
a:4:{s:3:"row";i:354;s:7:"message";s:27:"User imported successfully.";s:6:"status";b:1;s:7:"post_id";i:859;}
a:4:{s:3:"row";i:355;s:7:"message";s:27:"User imported successfully.";s:6:"status";b:1;s:7:"post_id";i:860;}
a:4:{s:3:"row";i:356;s:7:"message";s:27:"User imported successfully.";s:6:"status";b:1;s:7:"post_id";i:861;}
a:4:{s:3:"row";i:357;s:7:"message";s:27:"User imported successfully.";s:6:"status";b:1;s:7:"post_id";i:862;}
a:4:{s:3:"row";i:358;s:7:"message";s:27:"User imported successfully.";s:6:"status";b:1;s:7:"post_id";i:863;}
a:4:{s:3:"row";i:359;s:7:"message";s:27:"User imported successfully.";s:6:"status";b:1;s:7:"post_id";i:864;}
a:4:{s:3:"row";i:360;s:7:"message";s:27:"User imported successfully.";s:6:"status";b:1;s:7:"post_id";i:865;}
a:4:{s:3:"row";i:361;s:7:"message";s:27:"User imported successfully.";s:6:"status";b:1;s:7:"post_id";i:866;}
a:4:{s:3:"row";i:362;s:7:"message";s:27:"User imported successfully.";s:6:"status";b:1;s:7:"post_id";i:867;}
a:4:{s:3:"row";i:363;s:7:"message";s:27:"User imported successfully.";s:6:"status";b:1;s:7:"post_id";i:868;}
a:4:{s:3:"row";i:364;s:7:"message";s:27:"User imported successfully.";s:6:"status";b:1;s:7:"post_id";i:869;}
a:4:{s:3:"row";i:365;s:7:"message";s:27:"User imported successfully.";s:6:"status";b:1;s:7:"post_id";i:870;}
a:4:{s:3:"row";i:366;s:7:"message";s:27:"User imported successfully.";s:6:"status";b:1;s:7:"post_id";i:871;}
a:4:{s:3:"row";i:367;s:7:"message";s:27:"User imported successfully.";s:6:"status";b:1;s:7:"post_id";i:872;}
a:4:{s:3:"row";i:368;s:7:"message";s:27:"User imported successfully.";s:6:"status";b:1;s:7:"post_id";i:873;}
a:4:{s:3:"row";i:369;s:7:"message";s:27:"User imported successfully.";s:6:"status";b:1;s:7:"post_id";i:874;}
a:4:{s:3:"row";i:370;s:7:"message";s:27:"User imported successfully.";s:6:"status";b:1;s:7:"post_id";i:875;}
a:4:{s:3:"row";i:371;s:7:"message";s:27:"User imported successfully.";s:6:"status";b:1;s:7:"post_id";i:876;}
a:4:{s:3:"row";i:372;s:7:"message";s:27:"User imported successfully.";s:6:"status";b:1;s:7:"post_id";i:877;}
a:4:{s:3:"row";i:373;s:7:"message";s:27:"User imported successfully.";s:6:"status";b:1;s:7:"post_id";i:878;}
a:4:{s:3:"row";i:374;s:7:"message";s:27:"User imported successfully.";s:6:"status";b:1;s:7:"post_id";i:879;}
a:4:{s:3:"row";i:375;s:7:"message";s:27:"User imported successfully.";s:6:"status";b:1;s:7:"post_id";i:880;}
a:4:{s:3:"row";i:376;s:7:"message";s:27:"User imported successfully.";s:6:"status";b:1;s:7:"post_id";i:881;}
a:4:{s:3:"row";i:377;s:7:"message";s:27:"User imported successfully.";s:6:"status";b:1;s:7:"post_id";i:882;}
a:4:{s:3:"row";i:378;s:7:"message";s:27:"User imported successfully.";s:6:"status";b:1;s:7:"post_id";i:883;}
a:4:{s:3:"row";i:379;s:7:"message";s:27:"User imported successfully.";s:6:"status";b:1;s:7:"post_id";i:884;}
a:4:{s:3:"row";i:380;s:7:"message";s:27:"User imported successfully.";s:6:"status";b:1;s:7:"post_id";i:885;}
a:4:{s:3:"row";i:381;s:7:"message";s:27:"User imported successfully.";s:6:"status";b:1;s:7:"post_id";i:886;}
a:4:{s:3:"row";i:382;s:7:"message";s:27:"User imported successfully.";s:6:"status";b:1;s:7:"post_id";i:887;}
a:4:{s:3:"row";i:383;s:7:"message";s:27:"User imported successfully.";s:6:"status";b:1;s:7:"post_id";i:888;}
a:4:{s:3:"row";i:384;s:7:"message";s:27:"User imported successfully.";s:6:"status";b:1;s:7:"post_id";i:889;}
a:4:{s:3:"row";i:385;s:7:"message";s:27:"User imported successfully.";s:6:"status";b:1;s:7:"post_id";i:890;}
a:4:{s:3:"row";i:386;s:7:"message";s:27:"User imported successfully.";s:6:"status";b:1;s:7:"post_id";i:891;}
