a:4:{s:3:"row";i:1;s:7:"message";s:27:"User imported successfully.";s:6:"status";b:1;s:7:"post_id";i:408;}
a:4:{s:3:"row";i:2;s:7:"message";s:64:"User with same Email already exists. Email: junaiddar1@gmail.com";s:6:"status";b:0;s:7:"post_id";s:0:"";}
a:4:{s:3:"row";i:3;s:7:"message";s:58:"User with same Email already exists. Email: drricci@me.com";s:6:"status";b:0;s:7:"post_id";s:0:"";}
a:4:{s:3:"row";i:4;s:7:"message";s:64:"User with same Email already exists. Email: acspalding@gmail.com";s:6:"status";b:0;s:7:"post_id";s:0:"";}
a:4:{s:3:"row";i:5;s:7:"message";s:65:"User with same Email already exists. Email: adamtkrause@gmail.com";s:6:"status";b:0;s:7:"post_id";s:0:"";}
a:4:{s:3:"row";i:6;s:7:"message";s:64:"User with same Email already exists. Email: ads.andrew@gmail.com";s:6:"status";b:0;s:7:"post_id";s:0:"";}
a:4:{s:3:"row";i:7;s:7:"message";s:27:"User imported successfully.";s:6:"status";b:1;s:7:"post_id";i:409;}
a:4:{s:3:"row";i:8;s:7:"message";s:27:"User imported successfully.";s:6:"status";b:1;s:7:"post_id";i:410;}
a:4:{s:3:"row";i:9;s:7:"message";s:67:"User with same Email already exists. Email: aponzo@theroyalhotel.ca";s:6:"status";b:0;s:7:"post_id";s:0:"";}
a:4:{s:3:"row";i:10;s:7:"message";s:66:"User with same Email already exists. Email: ale.mantega4@gmail.com";s:6:"status";b:0;s:7:"post_id";s:0:"";}
a:4:{s:3:"row";i:11;s:7:"message";s:71:"User with same Email already exists. Email: alexdeutschland84@gmail.com";s:6:"status";b:0;s:7:"post_id";s:0:"";}
a:4:{s:3:"row";i:12;s:7:"message";s:27:"User imported successfully.";s:6:"status";b:1;s:7:"post_id";i:411;}
a:4:{s:3:"row";i:13;s:7:"message";s:60:"User with same Email already exists. Email: agcircus@aol.com";s:6:"status";b:0;s:7:"post_id";s:0:"";}
a:4:{s:3:"row";i:14;s:7:"message";s:63:"User with same Email already exists. Email: agorton@towerpr.com";s:6:"status";b:0;s:7:"post_id";s:0:"";}
a:4:{s:3:"row";i:15;s:7:"message";s:65:"User with same Email already exists. Email: andrewg@iquestinc.com";s:6:"status";b:0;s:7:"post_id";s:0:"";}
a:4:{s:3:"row";i:16;s:7:"message";s:67:"User with same Email already exists. Email: andrew@tennishockey.com";s:6:"status";b:0;s:7:"post_id";s:0:"";}
a:4:{s:3:"row";i:17;s:7:"message";s:67:"User with same Email already exists. Email: leeatwellking@gmail.com";s:6:"status";b:0;s:7:"post_id";s:0:"";}
a:4:{s:3:"row";i:18;s:7:"message";s:66:"User with same Email already exists. Email: ari@unidencellular.com";s:6:"status";b:0;s:7:"post_id";s:0:"";}
a:4:{s:3:"row";i:19;s:7:"message";s:66:"User with same Email already exists. Email: armstrongacp@gmail.com";s:6:"status";b:0;s:7:"post_id";s:0:"";}
a:4:{s:3:"row";i:20;s:7:"message";s:69:"User with same Email already exists. Email: alex.johnson@scvi-k12.org";s:6:"status";b:0;s:7:"post_id";s:0:"";}
a:4:{s:3:"row";i:21;s:7:"message";s:70:"User with same Email already exists. Email: muhammad.asad@rezaid.co.uk";s:6:"status";b:0;s:7:"post_id";s:0:"";}
a:4:{s:3:"row";i:22;s:7:"message";s:69:"User with same Email already exists. Email: asadtesting1234@gmail.com";s:6:"status";b:0;s:7:"post_id";s:0:"";}
a:4:{s:3:"row";i:23;s:7:"message";s:66:"User with same Email already exists. Email: asadasadasad@gmail.com";s:6:"status";b:0;s:7:"post_id";s:0:"";}
a:4:{s:3:"row";i:24;s:7:"message";s:64:"User with same Email already exists. Email: atoneworks@gmail.com";s:6:"status";b:0;s:7:"post_id";s:0:"";}
a:4:{s:3:"row";i:25;s:7:"message";s:65:"User with same Email already exists. Email: zalkin.alex@gmail.com";s:6:"status";b:0;s:7:"post_id";s:0:"";}
a:4:{s:3:"row";i:26;s:7:"message";s:69:"User with same Email already exists. Email: barbarawatson33@gmail.com";s:6:"status";b:0;s:7:"post_id";s:0:"";}
a:4:{s:3:"row";i:27;s:7:"message";s:64:"User with same Email already exists. Email: bathani514@gmail.com";s:6:"status";b:0;s:7:"post_id";s:0:"";}
a:4:{s:3:"row";i:28;s:7:"message";s:65:"User with same Email already exists. Email: lstott@windstream.net";s:6:"status";b:0;s:7:"post_id";s:0:"";}
a:4:{s:3:"row";i:29;s:7:"message";s:70:"User with same Email already exists. Email: bensbreadseattle@gmail.com";s:6:"status";b:0;s:7:"post_id";s:0:"";}
a:4:{s:3:"row";i:30;s:7:"message";s:68:"User with same Email already exists. Email: bilal.nasir@rezaid.co.uk";s:6:"status";b:0;s:7:"post_id";s:0:"";}
a:4:{s:3:"row";i:31;s:7:"message";s:74:"User with same Email already exists. Email: leroy.shannendoherty@gmail.com";s:6:"status";b:0;s:7:"post_id";s:0:"";}
a:4:{s:3:"row";i:32;s:7:"message";s:63:"User with same Email already exists. Email: brad.rosa@gmail.com";s:6:"status";b:0;s:7:"post_id";s:0:"";}
a:4:{s:3:"row";i:33;s:7:"message";s:67:"User with same Email already exists. Email: briaboyington@gmail.com";s:6:"status";b:0;s:7:"post_id";s:0:"";}
a:4:{s:3:"row";i:34;s:7:"message";s:65:"User with same Email already exists. Email: briancc@optonline.net";s:6:"status";b:0;s:7:"post_id";s:0:"";}
a:4:{s:3:"row";i:35;s:7:"message";s:71:"User with same Email already exists. Email: braisedandinfused@gmail.com";s:6:"status";b:0;s:7:"post_id";s:0:"";}
a:4:{s:3:"row";i:36;s:7:"message";s:27:"User imported successfully.";s:6:"status";b:1;s:7:"post_id";i:412;}
a:4:{s:3:"row";i:37;s:7:"message";s:27:"User imported successfully.";s:6:"status";b:1;s:7:"post_id";i:413;}
a:4:{s:3:"row";i:38;s:7:"message";s:64:"User with same Email already exists. Email: max.lanman@gmail.com";s:6:"status";b:0;s:7:"post_id";s:0:"";}
a:4:{s:3:"row";i:39;s:7:"message";s:61:"User with same Email already exists. Email: asdf@debsmail.com";s:6:"status";b:0;s:7:"post_id";s:0:"";}
a:4:{s:3:"row";i:40;s:7:"message";s:65:"User with same Email already exists. Email: chas@burratapizza.com";s:6:"status";b:0;s:7:"post_id";s:0:"";}
a:4:{s:3:"row";i:41;s:7:"message";s:69:"User with same Email already exists. Email: cheaprewardspdx@gmail.com";s:6:"status";b:0;s:7:"post_id";s:0:"";}
a:4:{s:3:"row";i:42;s:7:"message";s:66:"User with same Email already exists. Email: thechef101@hotmail.com";s:6:"status";b:0;s:7:"post_id";s:0:"";}
a:4:{s:3:"row";i:43;s:7:"message";s:65:"User with same Email already exists. Email: chefdmurphy@gmail.com";s:6:"status";b:0;s:7:"post_id";s:0:"";}
a:4:{s:3:"row";i:44;s:7:"message";s:70:"User with same Email already exists. Email: joshuaplaysviola@gmail.com";s:6:"status";b:0;s:7:"post_id";s:0:"";}
a:4:{s:3:"row";i:45;s:7:"message";s:66:"User with same Email already exists. Email: Chefshanemac@gmail.com";s:6:"status";b:0;s:7:"post_id";s:0:"";}
a:4:{s:3:"row";i:46;s:7:"message";s:64:"User with same Email already exists. Email: asliceofnj@gmail.com";s:6:"status";b:0;s:7:"post_id";s:0:"";}
a:4:{s:3:"row";i:47;s:7:"message";s:66:"User with same Email already exists. Email: chiphazewski@gmail.com";s:6:"status";b:0;s:7:"post_id";s:0:"";}
a:4:{s:3:"row";i:48;s:7:"message";s:27:"User imported successfully.";s:6:"status";b:1;s:7:"post_id";i:414;}
a:4:{s:3:"row";i:49;s:7:"message";s:64:"User with same Email already exists. Email: chuppert@midmark.com";s:6:"status";b:0;s:7:"post_id";s:0:"";}
a:4:{s:3:"row";i:50;s:7:"message";s:61:"User with same Email already exists. Email: cjpn318@gmail.com";s:6:"status";b:0;s:7:"post_id";s:0:"";}
a:4:{s:3:"row";i:51;s:7:"message";s:27:"User imported successfully.";s:6:"status";b:1;s:7:"post_id";i:415;}
a:4:{s:3:"row";i:52;s:7:"message";s:27:"User imported successfully.";s:6:"status";b:1;s:7:"post_id";i:416;}
a:4:{s:3:"row";i:53;s:7:"message";s:63:"User with same Email already exists. Email: corbettkb@yahoo.com";s:6:"status";b:0;s:7:"post_id";s:0:"";}
a:4:{s:3:"row";i:54;s:7:"message";s:63:"User with same Email already exists. Email: cordecker@gmail.com";s:6:"status";b:0;s:7:"post_id";s:0:"";}
a:4:{s:3:"row";i:55;s:7:"message";s:68:"User with same Email already exists. Email: cosmicpiepizza@gmail.com";s:6:"status";b:0;s:7:"post_id";s:0:"";}
a:4:{s:3:"row";i:56;s:7:"message";s:67:"User with same Email already exists. Email: chad.f.peters@gmail.com";s:6:"status";b:0;s:7:"post_id";s:0:"";}
a:4:{s:3:"row";i:57;s:7:"message";s:63:"User with same Email already exists. Email: csewell88@gmail.com";s:6:"status";b:0;s:7:"post_id";s:0:"";}
a:4:{s:3:"row";i:58;s:7:"message";s:62:"User with same Email already exists. Email: cskoch88@gmail.com";s:6:"status";b:0;s:7:"post_id";s:0:"";}
a:4:{s:3:"row";i:59;s:7:"message";s:62:"User with same Email already exists. Email: cwoflinn@gmail.com";s:6:"status";b:0;s:7:"post_id";s:0:"";}
a:4:{s:3:"row";i:60;s:7:"message";s:65:"User with same Email already exists. Email: clarazavani@gmail.com";s:6:"status";b:0;s:7:"post_id";s:0:"";}
a:4:{s:3:"row";i:61;s:7:"message";s:66:"User with same Email already exists. Email: d.f.walker01@gmail.com";s:6:"status";b:0;s:7:"post_id";s:0:"";}
a:4:{s:3:"row";i:62;s:7:"message";s:69:"User with same Email already exists. Email: dan_lorenzini@hotmail.com";s:6:"status";b:0;s:7:"post_id";s:0:"";}
a:4:{s:3:"row";i:63;s:7:"message";s:70:"User with same Email already exists. Email: dannyboy_perez@hotmail.com";s:6:"status";b:0;s:7:"post_id";s:0:"";}
a:4:{s:3:"row";i:64;s:7:"message";s:59:"User with same Email already exists. Email: dan@razzanj.com";s:6:"status";b:0;s:7:"post_id";s:0:"";}
a:4:{s:3:"row";i:65;s:7:"message";s:66:"User with same Email already exists. Email: davereeves84@gmail.com";s:6:"status";b:0;s:7:"post_id";s:0:"";}
a:4:{s:3:"row";i:66;s:7:"message";s:65:"User with same Email already exists. Email: work@workalicious.com";s:6:"status";b:0;s:7:"post_id";s:0:"";}
a:4:{s:3:"row";i:67;s:7:"message";s:27:"User imported successfully.";s:6:"status";b:1;s:7:"post_id";i:417;}
a:4:{s:3:"row";i:68;s:7:"message";s:27:"User imported successfully.";s:6:"status";b:1;s:7:"post_id";i:418;}
a:4:{s:3:"row";i:69;s:7:"message";s:61:"User with same Email already exists. Email: dfderay@gmail.com";s:6:"status";b:0;s:7:"post_id";s:0:"";}
a:4:{s:3:"row";i:70;s:7:"message";s:65:"User with same Email already exists. Email: daviddyke88@gmail.com";s:6:"status";b:0;s:7:"post_id";s:0:"";}
a:4:{s:3:"row";i:71;s:7:"message";s:66:"User with same Email already exists. Email: davidmzucker@gmail.com";s:6:"status";b:0;s:7:"post_id";s:0:"";}
a:4:{s:3:"row";i:72;s:7:"message";s:68:"User with same Email already exists. Email: bizarrebrewing@gmail.com";s:6:"status";b:0;s:7:"post_id";s:0:"";}
a:4:{s:3:"row";i:73;s:7:"message";s:63:"User with same Email already exists. Email: bcdwilliams@cyg.net";s:6:"status";b:0;s:7:"post_id";s:0:"";}
a:4:{s:3:"row";i:74;s:7:"message";s:69:"User with same Email already exists. Email: chrisdegregorio@gmail.com";s:6:"status";b:0;s:7:"post_id";s:0:"";}
a:4:{s:3:"row";i:75;s:7:"message";s:67:"User with same Email already exists. Email: muhfaisal90@hotmail.com";s:6:"status";b:0;s:7:"post_id";s:0:"";}
a:4:{s:3:"row";i:76;s:7:"message";s:67:"User with same Email already exists. Email: coryrosenberg@gmail.com";s:6:"status";b:0;s:7:"post_id";s:0:"";}
a:4:{s:3:"row";i:77;s:7:"message";s:68:"User with same Email already exists. Email: mikejonesphoto@gmail.com";s:6:"status";b:0;s:7:"post_id";s:0:"";}
a:4:{s:3:"row";i:78;s:7:"message";s:63:"User with same Email already exists. Email: dimpap800@gmail.com";s:6:"status";b:0;s:7:"post_id";s:0:"";}
a:4:{s:3:"row";i:79;s:7:"message";s:63:"User with same Email already exists. Email: djkimmich@gmail.com";s:6:"status";b:0;s:7:"post_id";s:0:"";}
a:4:{s:3:"row";i:80;s:7:"message";s:64:"User with same Email already exists. Email: drewbehnke@gmail.com";s:6:"status";b:0;s:7:"post_id";s:0:"";}
a:4:{s:3:"row";i:81;s:7:"message";s:62:"User with same Email already exists. Email: drrmrich@yahoo.com";s:6:"status";b:0;s:7:"post_id";s:0:"";}
a:4:{s:3:"row";i:82;s:7:"message";s:66:"User with same Email already exists. Email: duaa.khan@rezaid.co.uk";s:6:"status";b:0;s:7:"post_id";s:0:"";}
a:4:{s:3:"row";i:83;s:7:"message";s:27:"User imported successfully.";s:6:"status";b:1;s:7:"post_id";i:419;}
a:4:{s:3:"row";i:84;s:7:"message";s:61:"User with same Email already exists. Email: efip331@gmail.com";s:6:"status";b:0;s:7:"post_id";s:0:"";}
a:4:{s:3:"row";i:85;s:7:"message";s:61:"User with same Email already exists. Email: ejl1956@gmail.com";s:6:"status";b:0;s:7:"post_id";s:0:"";}
a:4:{s:3:"row";i:86;s:7:"message";s:66:"User with same Email already exists. Email: emilsevega@hotmail.com";s:6:"status";b:0;s:7:"post_id";s:0:"";}
a:4:{s:3:"row";i:87;s:7:"message";s:69:"User with same Email already exists. Email: erica@erica-henderson.com";s:6:"status";b:0;s:7:"post_id";s:0:"";}
a:4:{s:3:"row";i:88;s:7:"message";s:65:"User with same Email already exists. Email: erincarmen1@gmail.com";s:6:"status";b:0;s:7:"post_id";s:0:"";}
a:4:{s:3:"row";i:89;s:7:"message";s:61:"User with same Email already exists. Email: evanscott5@me.com";s:6:"status";b:0;s:7:"post_id";s:0:"";}
a:4:{s:3:"row";i:90;s:7:"message";s:67:"User with same Email already exists. Email: muhfaisal88@hotmail.com";s:6:"status";b:0;s:7:"post_id";s:0:"";}
a:4:{s:3:"row";i:91;s:7:"message";s:72:"User with same Email already exists. Email: muhammad.faisal@rezaid.co.uk";s:6:"status";b:0;s:7:"post_id";s:0:"";}
a:4:{s:3:"row";i:92;s:7:"message";s:70:"User with same Email already exists. Email: faisal.hameed@rezaid.co.uk";s:6:"status";b:0;s:7:"post_id";s:0:"";}
a:4:{s:3:"row";i:93;s:7:"message";s:71:"User with same Email already exists. Email: testtesttest@mailinator.com";s:6:"status";b:0;s:7:"post_id";s:0:"";}
a:4:{s:3:"row";i:94;s:7:"message";s:73:"User with same Email already exists. Email: nathan@elevatedgastronomy.com";s:6:"status";b:0;s:7:"post_id";s:0:"";}
a:4:{s:3:"row";i:95;s:7:"message";s:66:"User with same Email already exists. Email: 1414glendale@gmail.com";s:6:"status";b:0;s:7:"post_id";s:0:"";}
a:4:{s:3:"row";i:96;s:7:"message";s:63:"User with same Email already exists. Email: fluxgroup@gmail.com";s:6:"status";b:0;s:7:"post_id";s:0:"";}
a:4:{s:3:"row";i:97;s:7:"message";s:67:"User with same Email already exists. Email: frankorga2479@yahoo.com";s:6:"status";b:0;s:7:"post_id";s:0:"";}
a:4:{s:3:"row";i:98;s:7:"message";s:66:"User with same Email already exists. Email: fred@theinterestco.com";s:6:"status";b:0;s:7:"post_id";s:0:"";}
a:4:{s:3:"row";i:99;s:7:"message";s:61:"User with same Email already exists. Email: fsccorn@gmail.com";s:6:"status";b:0;s:7:"post_id";s:0:"";}
a:4:{s:3:"row";i:100;s:7:"message";s:61:"User with same Email already exists. Email: fscoorn@gmail.com";s:6:"status";b:0;s:7:"post_id";s:0:"";}
a:4:{s:3:"row";i:101;s:7:"message";s:70:"User with same Email already exists. Email: gagasgrandmapies@gmail.com";s:6:"status";b:0;s:7:"post_id";s:0:"";}
a:4:{s:3:"row";i:102;s:7:"message";s:64:"User with same Email already exists. Email: richard@schooldev.us";s:6:"status";b:0;s:7:"post_id";s:0:"";}
a:4:{s:3:"row";i:103;s:7:"message";s:63:"User with same Email already exists. Email: giaramita@gmail.com";s:6:"status";b:0;s:7:"post_id";s:0:"";}
a:4:{s:3:"row";i:104;s:7:"message";s:64:"User with same Email already exists. Email: ginnybliss@gmail.com";s:6:"status";b:0;s:7:"post_id";s:0:"";}
a:4:{s:3:"row";i:105;s:7:"message";s:63:"User with same Email already exists. Email: go4itanak@gmail.com";s:6:"status";b:0;s:7:"post_id";s:0:"";}
a:4:{s:3:"row";i:106;s:7:"message";s:64:"User with same Email already exists. Email: gene.oliva@gmail.com";s:6:"status";b:0;s:7:"post_id";s:0:"";}
a:4:{s:3:"row";i:107;s:7:"message";s:64:"User with same Email already exists. Email: danavinson@gmail.com";s:6:"status";b:0;s:7:"post_id";s:0:"";}
a:4:{s:3:"row";i:108;s:7:"message";s:69:"User with same Email already exists. Email: gregory.sturgis@gmail.com";s:6:"status";b:0;s:7:"post_id";s:0:"";}
a:4:{s:3:"row";i:109;s:7:"message";s:66:"User with same Email already exists. Email: gregoryshope@gmail.com";s:6:"status";b:0;s:7:"post_id";s:0:"";}
a:4:{s:3:"row";i:110;s:7:"message";s:66:"User with same Email already exists. Email: gregoryshopd@yahoo.com";s:6:"status";b:0;s:7:"post_id";s:0:"";}
a:4:{s:3:"row";i:111;s:7:"message";s:66:"User with same Email already exists. Email: gregoryshope@yahoo.com";s:6:"status";b:0;s:7:"post_id";s:0:"";}
a:4:{s:3:"row";i:112;s:7:"message";s:66:"User with same Email already exists. Email: heath.corson@gmail.com";s:6:"status";b:0;s:7:"post_id";s:0:"";}
a:4:{s:3:"row";i:113;s:7:"message";s:27:"User imported successfully.";s:6:"status";b:1;s:7:"post_id";i:420;}
a:4:{s:3:"row";i:114;s:7:"message";s:63:"User with same Email already exists. Email: gejeigbri@gmail.com";s:6:"status";b:0;s:7:"post_id";s:0:"";}
a:4:{s:3:"row";i:115;s:7:"message";s:67:"User with same Email already exists. Email: adrianatribin@yahoo.com";s:6:"status";b:0;s:7:"post_id";s:0:"";}
a:4:{s:3:"row";i:116;s:7:"message";s:64:"User with same Email already exists. Email: hiasad1234@gmail.com";s:6:"status";b:0;s:7:"post_id";s:0:"";}
a:4:{s:3:"row";i:117;s:7:"message";s:64:"User with same Email already exists. Email: hiasads123@gmail.com";s:6:"status";b:0;s:7:"post_id";s:0:"";}
a:4:{s:3:"row";i:118;s:7:"message";s:62:"User with same Email already exists. Email: Dagstani@gmail.com";s:6:"status";b:0;s:7:"post_id";s:0:"";}
a:4:{s:3:"row";i:119;s:7:"message";s:65:"User with same Email already exists. Email: holyhansolo@gmail.com";s:6:"status";b:0;s:7:"post_id";s:0:"";}
a:4:{s:3:"row";i:120;s:7:"message";s:70:"User with same Email already exists. Email: honestcrustpizza@gmail.com";s:6:"status";b:0;s:7:"post_id";s:0:"";}
a:4:{s:3:"row";i:121;s:7:"message";s:67:"User with same Email already exists. Email: dan@verrazzanopizza.com";s:6:"status";b:0;s:7:"post_id";s:0:"";}
a:4:{s:3:"row";i:122;s:7:"message";s:63:"User with same Email already exists. Email: 1hollyberry@att.net";s:6:"status";b:0;s:7:"post_id";s:0:"";}
a:4:{s:3:"row";i:123;s:7:"message";s:70:"User with same Email already exists. Email: ianalexandergold@gmail.com";s:6:"status";b:0;s:7:"post_id";s:0:"";}
a:4:{s:3:"row";i:124;s:7:"message";s:27:"User imported successfully.";s:6:"status";b:1;s:7:"post_id";i:421;}
a:4:{s:3:"row";i:125;s:7:"message";s:27:"User imported successfully.";s:6:"status";b:1;s:7:"post_id";i:422;}
a:4:{s:3:"row";i:126;s:7:"message";s:68:"User with same Email already exists. Email: jobermaier1231@gmail.com";s:6:"status";b:0;s:7:"post_id";s:0:"";}
a:4:{s:3:"row";i:127;s:7:"message";s:65:"User with same Email already exists. Email: damien@jackknife.beer";s:6:"status";b:0;s:7:"post_id";s:0:"";}
a:4:{s:3:"row";i:128;s:7:"message";s:66:"User with same Email already exists. Email: jacobtcarr@outlook.com";s:6:"status";b:0;s:7:"post_id";s:0:"";}
a:4:{s:3:"row";i:129;s:7:"message";s:64:"User with same Email already exists. Email: jacopobeni@gmail.com";s:6:"status";b:0;s:7:"post_id";s:0:"";}
a:4:{s:3:"row";i:130;s:7:"message";s:63:"User with same Email already exists. Email: jagercola@gmail.com";s:6:"status";b:0;s:7:"post_id";s:0:"";}
a:4:{s:3:"row";i:131;s:7:"message";s:67:"User with same Email already exists. Email: josealbertini@gmail.com";s:6:"status";b:0;s:7:"post_id";s:0:"";}
a:4:{s:3:"row";i:132;s:7:"message";s:62:"User with same Email already exists. Email: jroajr24@gmail.com";s:6:"status";b:0;s:7:"post_id";s:0:"";}
a:4:{s:3:"row";i:133;s:7:"message";s:27:"User imported successfully.";s:6:"status";b:1;s:7:"post_id";i:423;}
a:4:{s:3:"row";i:134;s:7:"message";s:66:"User with same Email already exists. Email: jared.guzick@yahoo.com";s:6:"status";b:0;s:7:"post_id";s:0:"";}
a:4:{s:3:"row";i:135;s:7:"message";s:62:"User with same Email already exists. Email: jaszmom3@gmail.com";s:6:"status";b:0;s:7:"post_id";s:0:"";}
a:4:{s:3:"row";i:136;s:7:"message";s:76:"User with same Email already exists. Email: josh@blackbirdwoodfiredpizza.com";s:6:"status";b:0;s:7:"post_id";s:0:"";}
a:4:{s:3:"row";i:137;s:7:"message";s:65:"User with same Email already exists. Email: jbiberkraut@gmail.com";s:6:"status";b:0;s:7:"post_id";s:0:"";}
a:4:{s:3:"row";i:138;s:7:"message";s:64:"User with same Email already exists. Email: jblakely10@gmail.com";s:6:"status";b:0;s:7:"post_id";s:0:"";}
a:4:{s:3:"row";i:139;s:7:"message";s:27:"User imported successfully.";s:6:"status";b:1;s:7:"post_id";i:424;}
a:4:{s:3:"row";i:140;s:7:"message";s:63:"User with same Email already exists. Email: test78666@gmail.com";s:6:"status";b:0;s:7:"post_id";s:0:"";}
a:4:{s:3:"row";i:141;s:7:"message";s:60:"User with same Email already exists. Email: test1t@gmail.com";s:6:"status";b:0;s:7:"post_id";s:0:"";}
a:4:{s:3:"row";i:142;s:7:"message";s:63:"User with same Email already exists. Email: jeanhsong@gmail.com";s:6:"status";b:0;s:7:"post_id";s:0:"";}
a:4:{s:3:"row";i:143;s:7:"message";s:27:"User imported successfully.";s:6:"status";b:1;s:7:"post_id";i:425;}
a:4:{s:3:"row";i:144;s:7:"message";s:63:"User with same Email already exists. Email: jnpiersma@gmail.com";s:6:"status";b:0;s:7:"post_id";s:0:"";}
a:4:{s:3:"row";i:145;s:7:"message";s:69:"User with same Email already exists. Email: clausheidejesse@gmail.com";s:6:"status";b:0;s:7:"post_id";s:0:"";}
a:4:{s:3:"row";i:146;s:7:"message";s:27:"User imported successfully.";s:6:"status";b:1;s:7:"post_id";i:426;}
a:4:{s:3:"row";i:147;s:7:"message";s:70:"User with same Email already exists. Email: jayson@mastermindtalks.com";s:6:"status";b:0;s:7:"post_id";s:0:"";}
a:4:{s:3:"row";i:148;s:7:"message";s:61:"User with same Email already exists. Email: jay@pizzabuzz.com";s:6:"status";b:0;s:7:"post_id";s:0:"";}
a:4:{s:3:"row";i:149;s:7:"message";s:65:"User with same Email already exists. Email: john@kindredpizza.com";s:6:"status";b:0;s:7:"post_id";s:0:"";}
a:4:{s:3:"row";i:150;s:7:"message";s:59:"User with same Email already exists. Email: jilla21@msn.com";s:6:"status";b:0;s:7:"post_id";s:0:"";}
a:4:{s:3:"row";i:151;s:7:"message";s:27:"User imported successfully.";s:6:"status";b:1;s:7:"post_id";i:427;}
a:4:{s:3:"row";i:152;s:7:"message";s:58:"User with same Email already exists. Email: gbanar@mac.com";s:6:"status";b:0;s:7:"post_id";s:0:"";}
a:4:{s:3:"row";i:153;s:7:"message";s:64:"User with same Email already exists. Email: drbanarbjj@gmail.com";s:6:"status";b:0;s:7:"post_id";s:0:"";}
a:4:{s:3:"row";i:154;s:7:"message";s:65:"User with same Email already exists. Email: jiudough215@gmail.com";s:6:"status";b:0;s:7:"post_id";s:0:"";}
a:4:{s:3:"row";i:155;s:7:"message";s:27:"User imported successfully.";s:6:"status";b:1;s:7:"post_id";i:428;}
a:4:{s:3:"row";i:156;s:7:"message";s:62:"User with same Email already exists. Email: alboizms@gmail.com";s:6:"status";b:0;s:7:"post_id";s:0:"";}
a:4:{s:3:"row";i:157;s:7:"message";s:62:"User with same Email already exists. Email: johnwick@gmail.com";s:6:"status";b:0;s:7:"post_id";s:0:"";}
a:4:{s:3:"row";i:158;s:7:"message";s:65:"User with same Email already exists. Email: jonbutler84@gmail.com";s:6:"status";b:0;s:7:"post_id";s:0:"";}
a:4:{s:3:"row";i:159;s:7:"message";s:65:"User with same Email already exists. Email: joninalbany@gmail.com";s:6:"status";b:0;s:7:"post_id";s:0:"";}
a:4:{s:3:"row";i:160;s:7:"message";s:64:"User with same Email already exists. Email: jpvoelksen@gmail.com";s:6:"status";b:0;s:7:"post_id";s:0:"";}
a:4:{s:3:"row";i:161;s:7:"message";s:68:"User with same Email already exists. Email: jansanderson70@gmail.com";s:6:"status";b:0;s:7:"post_id";s:0:"";}
a:4:{s:3:"row";i:162;s:7:"message";s:69:"User with same Email already exists. Email: jessicaschupack@gmail.com";s:6:"status";b:0;s:7:"post_id";s:0:"";}
a:4:{s:3:"row";i:163;s:7:"message";s:58:"User with same Email already exists. Email: test@gmail.com";s:6:"status";b:0;s:7:"post_id";s:0:"";}
a:4:{s:3:"row";i:164;s:7:"message";s:66:"User with same Email already exists. Email: junaid123456@gmail.com";s:6:"status";b:0;s:7:"post_id";s:0:"";}
a:4:{s:3:"row";i:165;s:7:"message";s:66:"User with same Email already exists. Email: junaiddd1234@gmail.com";s:6:"status";b:0;s:7:"post_id";s:0:"";}
a:4:{s:3:"row";i:166;s:7:"message";s:64:"User with same Email already exists. Email: justindray@gmail.com";s:6:"status";b:0;s:7:"post_id";s:0:"";}
a:4:{s:3:"row";i:167;s:7:"message";s:66:"User with same Email already exists. Email: jwbluelabel9@gmail.com";s:6:"status";b:0;s:7:"post_id";s:0:"";}
a:4:{s:3:"row";i:168;s:7:"message";s:61:"User with same Email already exists. Email: jzplatt@gmail.com";s:6:"status";b:0;s:7:"post_id";s:0:"";}
a:4:{s:3:"row";i:169;s:7:"message";s:63:"User with same Email already exists. Email: kagman555@gmail.com";s:6:"status";b:0;s:7:"post_id";s:0:"";}
a:4:{s:3:"row";i:170;s:7:"message";s:27:"User imported successfully.";s:6:"status";b:1;s:7:"post_id";i:429;}
a:4:{s:3:"row";i:171;s:7:"message";s:60:"User with same Email already exists. Email: k4artz@gmail.com";s:6:"status";b:0;s:7:"post_id";s:0:"";}
a:4:{s:3:"row";i:172;s:7:"message";s:64:"User with same Email already exists. Email: katiecal63@gmail.com";s:6:"status";b:0;s:7:"post_id";s:0:"";}
a:4:{s:3:"row";i:173;s:7:"message";s:67:"User with same Email already exists. Email: wilson@wilsonsbread.com";s:6:"status";b:0;s:7:"post_id";s:0:"";}
a:4:{s:3:"row";i:174;s:7:"message";s:27:"User imported successfully.";s:6:"status";b:1;s:7:"post_id";i:430;}
a:4:{s:3:"row";i:175;s:7:"message";s:61:"User with same Email already exists. Email: kirw6@hotmail.com";s:6:"status";b:0;s:7:"post_id";s:0:"";}
a:4:{s:3:"row";i:176;s:7:"message";s:74:"User with same Email already exists. Email: ken@hamsandwichhospitality.com";s:6:"status";b:0;s:7:"post_id";s:0:"";}
a:4:{s:3:"row";i:177;s:7:"message";s:63:"User with same Email already exists. Email: kpradhant@gmail.com";s:6:"status";b:0;s:7:"post_id";s:0:"";}
a:4:{s:3:"row";i:178;s:7:"message";s:64:"User with same Email already exists. Email: kylegentry@gmail.com";s:6:"status";b:0;s:7:"post_id";s:0:"";}
a:4:{s:3:"row";i:179;s:7:"message";s:63:"User with same Email already exists. Email: lacotter2@gmail.com";s:6:"status";b:0;s:7:"post_id";s:0:"";}
a:4:{s:3:"row";i:180;s:7:"message";s:65:"User with same Email already exists. Email: largejustin@gmail.com";s:6:"status";b:0;s:7:"post_id";s:0:"";}
a:4:{s:3:"row";i:181;s:7:"message";s:68:"User with same Email already exists. Email: lauracarlsonmn@gmail.com";s:6:"status";b:0;s:7:"post_id";s:0:"";}
a:4:{s:3:"row";i:182;s:7:"message";s:65:"User with same Email already exists. Email: lbuchmann@comcast.net";s:6:"status";b:0;s:7:"post_id";s:0:"";}
a:4:{s:3:"row";i:183;s:7:"message";s:64:"User with same Email already exists. Email: lilyaanderson@me.com";s:6:"status";b:0;s:7:"post_id";s:0:"";}
a:4:{s:3:"row";i:184;s:7:"message";s:27:"User imported successfully.";s:6:"status";b:1;s:7:"post_id";i:431;}
a:4:{s:3:"row";i:185;s:7:"message";s:62:"User with same Email already exists. Email: linzymay@gmail.com";s:6:"status";b:0;s:7:"post_id";s:0:"";}
a:4:{s:3:"row";i:186;s:7:"message";s:65:"User with same Email already exists. Email: lisa@lisashotland.com";s:6:"status";b:0;s:7:"post_id";s:0:"";}
a:4:{s:3:"row";i:187;s:7:"message";s:67:"User with same Email already exists. Email: littlebrewguy@gmail.com";s:6:"status";b:0;s:7:"post_id";s:0:"";}
a:4:{s:3:"row";i:188;s:7:"message";s:66:"User with same Email already exists. Email: austintanker@gmail.com";s:6:"status";b:0;s:7:"post_id";s:0:"";}
a:4:{s:3:"row";i:189;s:7:"message";s:60:"User with same Email already exists. Email: livenew@test.com";s:6:"status";b:0;s:7:"post_id";s:0:"";}
a:4:{s:3:"row";i:190;s:7:"message";s:63:"User with same Email already exists. Email: rezaid@debsmail.com";s:6:"status";b:0;s:7:"post_id";s:0:"";}
a:4:{s:3:"row";i:191;s:7:"message";s:59:"User with same Email already exists. Email: live@tester.com";s:6:"status";b:0;s:7:"post_id";s:0:"";}
a:4:{s:3:"row";i:192;s:7:"message";s:62:"User with same Email already exists. Email: 307pizza@gmail.com";s:6:"status";b:0;s:7:"post_id";s:0:"";}
a:4:{s:3:"row";i:193;s:7:"message";s:66:"User with same Email already exists. Email: lorettaramos@gmail.com";s:6:"status";b:0;s:7:"post_id";s:0:"";}
a:4:{s:3:"row";i:194;s:7:"message";s:73:"User with same Email already exists. Email: lynn.thelelandgroup@gmail.com";s:6:"status";b:0;s:7:"post_id";s:0:"";}
a:4:{s:3:"row";i:195;s:7:"message";s:64:"User with same Email already exists. Email: aa@email-list.online";s:6:"status";b:0;s:7:"post_id";s:0:"";}
a:4:{s:3:"row";i:196;s:7:"message";s:64:"User with same Email already exists. Email: mad.k.gold@gmail.com";s:6:"status";b:0;s:7:"post_id";s:0:"";}
a:4:{s:3:"row";i:197;s:7:"message";s:59:"User with same Email already exists. Email: salar@maipai.ca";s:6:"status";b:0;s:7:"post_id";s:0:"";}
a:4:{s:3:"row";i:198;s:7:"message";s:27:"User imported successfully.";s:6:"status";b:1;s:7:"post_id";i:432;}
a:4:{s:3:"row";i:199;s:7:"message";s:66:"User with same Email already exists. Email: markfuller@outlook.com";s:6:"status";b:0;s:7:"post_id";s:0:"";}
a:4:{s:3:"row";i:200;s:7:"message";s:64:"User with same Email already exists. Email: marydumont@gmail.com";s:6:"status";b:0;s:7:"post_id";s:0:"";}
a:4:{s:3:"row";i:201;s:7:"message";s:65:"User with same Email already exists. Email: matt@avagodigital.com";s:6:"status";b:0;s:7:"post_id";s:0:"";}
a:4:{s:3:"row";i:202;s:7:"message";s:71:"User with same Email already exists. Email: matthewjamesduffy@gmail.com";s:6:"status";b:0;s:7:"post_id";s:0:"";}
a:4:{s:3:"row";i:203;s:7:"message";s:63:"User with same Email already exists. Email: mattisvs@telenet.be";s:6:"status";b:0;s:7:"post_id";s:0:"";}
a:4:{s:3:"row";i:204;s:7:"message";s:69:"User with same Email already exists. Email: mculverchimenti@gmail.com";s:6:"status";b:0;s:7:"post_id";s:0:"";}
a:4:{s:3:"row";i:205;s:7:"message";s:62:"User with same Email already exists. Email: mcirinelli@cox.net";s:6:"status";b:0;s:7:"post_id";s:0:"";}
a:4:{s:3:"row";i:206;s:7:"message";s:63:"User with same Email already exists. Email: md@theyumyumtree.in";s:6:"status";b:0;s:7:"post_id";s:0:"";}
a:4:{s:3:"row";i:207;s:7:"message";s:67:"User with same Email already exists. Email: meanpiespizza@gmail.com";s:6:"status";b:0;s:7:"post_id";s:0:"";}
a:4:{s:3:"row";i:208;s:7:"message";s:61:"User with same Email already exists. Email: Melina635@aol.com";s:6:"status";b:0;s:7:"post_id";s:0:"";}
a:4:{s:3:"row";i:209;s:7:"message";s:62:"User with same Email already exists. Email: jammu922@gmail.com";s:6:"status";b:0;s:7:"post_id";s:0:"";}
a:4:{s:3:"row";i:210;s:7:"message";s:66:"User with same Email already exists. Email: mike@noblepiepizza.com";s:6:"status";b:0;s:7:"post_id";s:0:"";}
a:4:{s:3:"row";i:211;s:7:"message";s:66:"User with same Email already exists. Email: Mikedowney17@gmail.com";s:6:"status";b:0;s:7:"post_id";s:0:"";}
a:4:{s:3:"row";i:212;s:7:"message";s:66:"User with same Email already exists. Email: mike.hj.rice@gmail.com";s:6:"status";b:0;s:7:"post_id";s:0:"";}
a:4:{s:3:"row";i:213;s:7:"message";s:66:"User with same Email already exists. Email: mrmikeoliver@gmail.com";s:6:"status";b:0;s:7:"post_id";s:0:"";}
a:4:{s:3:"row";i:214;s:7:"message";s:65:"User with same Email already exists. Email: mike@thecrustpizza.ca";s:6:"status";b:0;s:7:"post_id";s:0:"";}
a:4:{s:3:"row";i:215;s:7:"message";s:68:"User with same Email already exists. Email: misterschell@schellz.com";s:6:"status";b:0;s:7:"post_id";s:0:"";}
a:4:{s:3:"row";i:216;s:7:"message";s:27:"User imported successfully.";s:6:"status";b:1;s:7:"post_id";i:433;}
a:4:{s:3:"row";i:217;s:7:"message";s:65:"User with same Email already exists. Email: drews.chris@gmail.com";s:6:"status";b:0;s:7:"post_id";s:0:"";}
a:4:{s:3:"row";i:218;s:7:"message";s:65:"User with same Email already exists. Email: mariapatti1@yahoo.com";s:6:"status";b:0;s:7:"post_id";s:0:"";}
a:4:{s:3:"row";i:219;s:7:"message";s:27:"User imported successfully.";s:6:"status";b:1;s:7:"post_id";i:434;}
a:4:{s:3:"row";i:220;s:7:"message";s:27:"User imported successfully.";s:6:"status";b:1;s:7:"post_id";i:435;}
a:4:{s:3:"row";i:221;s:7:"message";s:27:"User imported successfully.";s:6:"status";b:1;s:7:"post_id";i:436;}
a:4:{s:3:"row";i:222;s:7:"message";s:27:"User imported successfully.";s:6:"status";b:1;s:7:"post_id";i:437;}
a:4:{s:3:"row";i:223;s:7:"message";s:27:"User imported successfully.";s:6:"status";b:1;s:7:"post_id";i:438;}
a:4:{s:3:"row";i:224;s:7:"message";s:27:"User imported successfully.";s:6:"status";b:1;s:7:"post_id";i:439;}
a:4:{s:3:"row";i:225;s:7:"message";s:27:"User imported successfully.";s:6:"status";b:1;s:7:"post_id";i:440;}
a:4:{s:3:"row";i:226;s:7:"message";s:27:"User imported successfully.";s:6:"status";b:1;s:7:"post_id";i:441;}
a:4:{s:3:"row";i:227;s:7:"message";s:27:"User imported successfully.";s:6:"status";b:1;s:7:"post_id";i:442;}
a:4:{s:3:"row";i:228;s:7:"message";s:60:"User with same Email already exists. Email: neelp3@gmail.com";s:6:"status";b:0;s:7:"post_id";s:0:"";}
a:4:{s:3:"row";i:229;s:7:"message";s:63:"User with same Email already exists. Email: neilcline@gmail.com";s:6:"status";b:0;s:7:"post_id";s:0:"";}
a:4:{s:3:"row";i:230;s:7:"message";s:67:"User with same Email already exists. Email: james007m@sbcglobal.net";s:6:"status";b:0;s:7:"post_id";s:0:"";}
a:4:{s:3:"row";i:231;s:7:"message";s:27:"User imported successfully.";s:6:"status";b:1;s:7:"post_id";i:443;}
a:4:{s:3:"row";i:232;s:7:"message";s:27:"User imported successfully.";s:6:"status";b:1;s:7:"post_id";i:444;}
a:4:{s:3:"row";i:233;s:7:"message";s:58:"User with same Email already exists. Email: nick@allen.net";s:6:"status";b:0;s:7:"post_id";s:0:"";}
a:4:{s:3:"row";i:234;s:7:"message";s:27:"User imported successfully.";s:6:"status";b:1;s:7:"post_id";i:445;}
a:4:{s:3:"row";i:235;s:7:"message";s:62:"User with same Email already exists. Email: nixoward@gmail.com";s:6:"status";b:0;s:7:"post_id";s:0:"";}
a:4:{s:3:"row";i:236;s:7:"message";s:63:"User with same Email already exists. Email: ninisarna@gmail.com";s:6:"status";b:0;s:7:"post_id";s:0:"";}
a:4:{s:3:"row";i:237;s:7:"message";s:67:"User with same Email already exists. Email: pcventures538@gmail.com";s:6:"status";b:0;s:7:"post_id";s:0:"";}
a:4:{s:3:"row";i:238;s:7:"message";s:67:"User with same Email already exists. Email: pizzazoom2020@gmail.com";s:6:"status";b:0;s:7:"post_id";s:0:"";}
a:4:{s:3:"row";i:239;s:7:"message";s:66:"User with same Email already exists. Email: noel.brohner@gmail.com";s:6:"status";b:0;s:7:"post_id";s:0:"";}
a:4:{s:3:"row";i:240;s:7:"message";s:60:"User with same Email already exists. Email: odedpf@gmail.com";s:6:"status";b:0;s:7:"post_id";s:0:"";}
a:4:{s:3:"row";i:241;s:7:"message";s:27:"User imported successfully.";s:6:"status";b:1;s:7:"post_id";i:446;}
a:4:{s:3:"row";i:242;s:7:"message";s:62:"User with same Email already exists. Email: omikhail@gmail.com";s:6:"status";b:0;s:7:"post_id";s:0:"";}
a:4:{s:3:"row";i:243;s:7:"message";s:67:"User with same Email already exists. Email: oskar.montano@gmail.com";s:6:"status";b:0;s:7:"post_id";s:0:"";}
a:4:{s:3:"row";i:244;s:7:"message";s:67:"User with same Email already exists. Email: p1zz4pr0@protonmail.com";s:6:"status";b:0;s:7:"post_id";s:0:"";}
a:4:{s:3:"row";i:245;s:7:"message";s:27:"User imported successfully.";s:6:"status";b:1;s:7:"post_id";i:447;}
a:4:{s:3:"row";i:246;s:7:"message";s:72:"User with same Email already exists. Email: palwashae.malik@rezaid.co.uk";s:6:"status";b:0;s:7:"post_id";s:0:"";}
a:4:{s:3:"row";i:247;s:7:"message";s:64:"User with same Email already exists. Email: shaminay+6@gmail.com";s:6:"status";b:0;s:7:"post_id";s:0:"";}
a:4:{s:3:"row";i:248;s:7:"message";s:60:"User with same Email already exists. Email: aaa@debsmail.com";s:6:"status";b:0;s:7:"post_id";s:0:"";}
a:4:{s:3:"row";i:249;s:7:"message";s:27:"User imported successfully.";s:6:"status";b:1;s:7:"post_id";i:448;}
a:4:{s:3:"row";i:250;s:7:"message";s:66:"User with same Email already exists. Email: bwolff2005@hotmail.com";s:6:"status";b:0;s:7:"post_id";s:0:"";}
a:4:{s:3:"row";i:251;s:7:"message";s:68:"User with same Email already exists. Email: ordersforelise@gmail.com";s:6:"status";b:0;s:7:"post_id";s:0:"";}
a:4:{s:3:"row";i:252;s:7:"message";s:66:"User with same Email already exists. Email: filipporappa@gmail.com";s:6:"status";b:0;s:7:"post_id";s:0:"";}
a:4:{s:3:"row";i:253;s:7:"message";s:73:"User with same Email already exists. Email: kimberly.a.griffith@gmail.com";s:6:"status";b:0;s:7:"post_id";s:0:"";}
a:4:{s:3:"row";i:254;s:7:"message";s:27:"User imported successfully.";s:6:"status";b:1;s:7:"post_id";i:449;}
a:4:{s:3:"row";i:255;s:7:"message";s:64:"User with same Email already exists. Email: c3concepts@gmail.com";s:6:"status";b:0;s:7:"post_id";s:0:"";}
a:4:{s:3:"row";i:256;s:7:"message";s:73:"User with same Email already exists. Email: francisco.sierra412@gmail.com";s:6:"status";b:0;s:7:"post_id";s:0:"";}
a:4:{s:3:"row";i:257;s:7:"message";s:61:"User with same Email already exists. Email: rbkeene@gmail.com";s:6:"status";b:0;s:7:"post_id";s:0:"";}
a:4:{s:3:"row";i:258;s:7:"message";s:61:"User with same Email already exists. Email: rauccis@gmail.com";s:6:"status";b:0;s:7:"post_id";s:0:"";}
a:4:{s:3:"row";i:259;s:7:"message";s:60:"User with same Email already exists. Email: rbennett@msn.com";s:6:"status";b:0;s:7:"post_id";s:0:"";}
a:4:{s:3:"row";i:260;s:7:"message";s:60:"User with same Email already exists. Email: rccbcp@gmail.com";s:6:"status";b:0;s:7:"post_id";s:0:"";}
a:4:{s:3:"row";i:261;s:7:"message";s:67:"User with same Email already exists. Email: spencer@diomiopasta.com";s:6:"status";b:0;s:7:"post_id";s:0:"";}
a:4:{s:3:"row";i:262;s:7:"message";s:67:"User with same Email already exists. Email: restaurant110@yahoo.com";s:6:"status";b:0;s:7:"post_id";s:0:"";}
a:4:{s:3:"row";i:263;s:7:"message";s:69:"User with same Email already exists. Email: rezaidtestuser2@gmail.com";s:6:"status";b:0;s:7:"post_id";s:0:"";}
a:4:{s:3:"row";i:264;s:7:"message";s:69:"User with same Email already exists. Email: rezaidtestuser3@gmail.com";s:6:"status";b:0;s:7:"post_id";s:0:"";}
a:4:{s:3:"row";i:265;s:7:"message";s:65:"User with same Email already exists. Email: rezaiduser4@gmail.com";s:6:"status";b:0;s:7:"post_id";s:0:"";}
a:4:{s:3:"row";i:266;s:7:"message";s:65:"User with same Email already exists. Email: hello@rich-howell.com";s:6:"status";b:0;s:7:"post_id";s:0:"";}
a:4:{s:3:"row";i:267;s:7:"message";s:27:"User imported successfully.";s:6:"status";b:1;s:7:"post_id";i:450;}
a:4:{s:3:"row";i:268;s:7:"message";s:62:"User with same Email already exists. Email: rjessier@gmail.com";s:6:"status";b:0;s:7:"post_id";s:0:"";}
a:4:{s:3:"row";i:269;s:7:"message";s:66:"User with same Email already exists. Email: ryandeussing@gmail.com";s:6:"status";b:0;s:7:"post_id";s:0:"";}
a:4:{s:3:"row";i:270;s:7:"message";s:66:"User with same Email already exists. Email: ryanhaywoodj@gmail.com";s:6:"status";b:0;s:7:"post_id";s:0:"";}
a:4:{s:3:"row";i:271;s:7:"message";s:67:"User with same Email already exists. Email: benjirockwell@gmail.com";s:6:"status";b:0;s:7:"post_id";s:0:"";}
a:4:{s:3:"row";i:272;s:7:"message";s:67:"User with same Email already exists. Email: sam@cornellyseattle.com";s:6:"status";b:0;s:7:"post_id";s:0:"";}
a:4:{s:3:"row";i:273;s:7:"message";s:68:"User with same Email already exists. Email: saritagallegos@gmail.com";s:6:"status";b:0;s:7:"post_id";s:0:"";}
a:4:{s:3:"row";i:274;s:7:"message";s:60:"User with same Email already exists. Email: saschrot@aol.com";s:6:"status";b:0;s:7:"post_id";s:0:"";}
a:4:{s:3:"row";i:275;s:7:"message";s:68:"User with same Email already exists. Email: scollingwood31@gmail.com";s:6:"status";b:0;s:7:"post_id";s:0:"";}
a:4:{s:3:"row";i:276;s:7:"message";s:68:"User with same Email already exists. Email: scottboxenbaum@gmail.com";s:6:"status";b:0;s:7:"post_id";s:0:"";}
a:4:{s:3:"row";i:277;s:7:"message";s:61:"User with same Email already exists. Email: secunda@gmail.com";s:6:"status";b:0;s:7:"post_id";s:0:"";}
a:4:{s:3:"row";i:278;s:7:"message";s:72:"User with same Email already exists. Email: akardias@serveautomation.com";s:6:"status";b:0;s:7:"post_id";s:0:"";}
a:4:{s:3:"row";i:279;s:7:"message";s:27:"User imported successfully.";s:6:"status";b:1;s:7:"post_id";i:451;}
a:4:{s:3:"row";i:280;s:7:"message";s:68:"User with same Email already exists. Email: testinggggg123@gmail.com";s:6:"status";b:0;s:7:"post_id";s:0:"";}
a:4:{s:3:"row";i:281;s:7:"message";s:70:"User with same Email already exists. Email: fishytesting1234@gmail.com";s:6:"status";b:0;s:7:"post_id";s:0:"";}
a:4:{s:3:"row";i:282;s:7:"message";s:70:"User with same Email already exists. Email: shaminay.khan@rezaid.co.uk";s:6:"status";b:0;s:7:"post_id";s:0:"";}
a:4:{s:3:"row";i:283;s:7:"message";s:70:"User with same Email already exists. Email: testtesttest1234@gmail.com";s:6:"status";b:0;s:7:"post_id";s:0:"";}
a:4:{s:3:"row";i:284;s:7:"message";s:68:"User with same Email already exists. Email: testestest1234@gmail.com";s:6:"status";b:0;s:7:"post_id";s:0:"";}
a:4:{s:3:"row";i:285;s:7:"message";s:68:"User with same Email already exists. Email: testesting1234@gmail.com";s:6:"status";b:0;s:7:"post_id";s:0:"";}
a:4:{s:3:"row";i:286;s:7:"message";s:68:"User with same Email already exists. Email: testtest123456@gmail.com";s:6:"status";b:0;s:7:"post_id";s:0:"";}
a:4:{s:3:"row";i:287;s:7:"message";s:69:"User with same Email already exists. Email: testingtest1234@gmail.com";s:6:"status";b:0;s:7:"post_id";s:0:"";}
a:4:{s:3:"row";i:288;s:7:"message";s:69:"User with same Email already exists. Email: testtesting1234@gmail.com";s:6:"status";b:0;s:7:"post_id";s:0:"";}
a:4:{s:3:"row";i:289;s:7:"message";s:78:"User with same Email already exists. Email: shaminaytestingorder1234@gmail.com";s:6:"status";b:0;s:7:"post_id";s:0:"";}
a:4:{s:3:"row";i:290;s:7:"message";s:64:"User with same Email already exists. Email: shaminay+2@gmail.com";s:6:"status";b:0;s:7:"post_id";s:0:"";}
a:4:{s:3:"row";i:291;s:7:"message";s:73:"User with same Email already exists. Email: testingshaminay1234@gmail.com";s:6:"status";b:0;s:7:"post_id";s:0:"";}
a:4:{s:3:"row";i:292;s:7:"message";s:66:"User with same Email already exists. Email: testingtes12@gmail.com";s:6:"status";b:0;s:7:"post_id";s:0:"";}
a:4:{s:3:"row";i:293;s:7:"message";s:68:"User with same Email already exists. Email: testingtes1234@gmail.com";s:6:"status";b:0;s:7:"post_id";s:0:"";}
a:4:{s:3:"row";i:294;s:7:"message";s:68:"User with same Email already exists. Email: testinggtm1234@gmail.com";s:6:"status";b:0;s:7:"post_id";s:0:"";}
a:4:{s:3:"row";i:295;s:7:"message";s:69:"User with same Email already exists. Email: shaun_howells@hotmail.com";s:6:"status";b:0;s:7:"post_id";s:0:"";}
a:4:{s:3:"row";i:296;s:7:"message";s:64:"User with same Email already exists. Email: shilling10@gmail.com";s:6:"status";b:0;s:7:"post_id";s:0:"";}
a:4:{s:3:"row";i:297;s:7:"message";s:65:"User with same Email already exists. Email: SteveJMiles@gmail.com";s:6:"status";b:0;s:7:"post_id";s:0:"";}
a:4:{s:3:"row";i:298;s:7:"message";s:64:"User with same Email already exists. Email: skardina@verizon.net";s:6:"status";b:0;s:7:"post_id";s:0:"";}
a:4:{s:3:"row";i:299;s:7:"message";s:63:"User with same Email already exists. Email: eshepard@slower.net";s:6:"status";b:0;s:7:"post_id";s:0:"";}
a:4:{s:3:"row";i:300;s:7:"message";s:56:"User with same Email already exists. Email: rr@gmail.com";s:6:"status";b:0;s:7:"post_id";s:0:"";}
a:4:{s:3:"row";i:301;s:7:"message";s:65:"User with same Email already exists. Email: test1234567@gmail.com";s:6:"status";b:0;s:7:"post_id";s:0:"";}
a:4:{s:3:"row";i:302;s:7:"message";s:27:"User imported successfully.";s:6:"status";b:1;s:7:"post_id";i:452;}
a:4:{s:3:"row";i:303;s:7:"message";s:66:"User with same Email already exists. Email: scottfmartin@gmail.com";s:6:"status";b:0;s:7:"post_id";s:0:"";}
a:4:{s:3:"row";i:304;s:7:"message";s:65:"User with same Email already exists. Email: ingram.nate@gmail.com";s:6:"status";b:0;s:7:"post_id";s:0:"";}
a:4:{s:3:"row";i:305;s:7:"message";s:64:"User with same Email already exists. Email: nbhsinchon@gmail.com";s:6:"status";b:0;s:7:"post_id";s:0:"";}
a:4:{s:3:"row";i:306;s:7:"message";s:74:"User with same Email already exists. Email: stefan@catapult-management.com";s:6:"status";b:0;s:7:"post_id";s:0:"";}
a:4:{s:3:"row";i:307;s:7:"message";s:70:"User with same Email already exists. Email: tulipano.stefano@gmail.com";s:6:"status";b:0;s:7:"post_id";s:0:"";}
a:4:{s:3:"row";i:308;s:7:"message";s:63:"User with same Email already exists. Email: jjpizzo69@gmail.com";s:6:"status";b:0;s:7:"post_id";s:0:"";}
a:4:{s:3:"row";i:309;s:7:"message";s:67:"User with same Email already exists. Email: mike.r.shafer@gmail.com";s:6:"status";b:0;s:7:"post_id";s:0:"";}
a:4:{s:3:"row";i:310;s:7:"message";s:65:"User with same Email already exists. Email: suveersarna@gmail.com";s:6:"status";b:0;s:7:"post_id";s:0:"";}
a:4:{s:3:"row";i:311;s:7:"message";s:57:"User with same Email already exists. Email: tony@cuda.org";s:6:"status";b:0;s:7:"post_id";s:0:"";}
a:4:{s:3:"row";i:312;s:7:"message";s:66:"User with same Email already exists. Email: testuser2@testuser.com";s:6:"status";b:0;s:7:"post_id";s:0:"";}
a:4:{s:3:"row";i:313;s:7:"message";s:27:"User imported successfully.";s:6:"status";b:1;s:7:"post_id";i:453;}
a:4:{s:3:"row";i:314;s:7:"message";s:63:"User with same Email already exists. Email: rezaidmcr@gmail.com";s:6:"status";b:0;s:7:"post_id";s:0:"";}
a:4:{s:3:"row";i:315;s:7:"message";s:27:"User imported successfully.";s:6:"status";b:1;s:7:"post_id";i:454;}
a:4:{s:3:"row";i:316;s:7:"message";s:62:"User with same Email already exists. Email: test1234@gmail.com";s:6:"status";b:0;s:7:"post_id";s:0:"";}
a:4:{s:3:"row";i:317;s:7:"message";s:59:"User with same Email already exists. Email: test1@gmail.com";s:6:"status";b:0;s:7:"post_id";s:0:"";}
a:4:{s:3:"row";i:318;s:7:"message";s:64:"User with same Email already exists. Email: test123456@gmail.com";s:6:"status";b:0;s:7:"post_id";s:0:"";}
a:4:{s:3:"row";i:319;s:7:"message";s:61:"User with same Email already exists. Email: test786@gmail.com";s:6:"status";b:0;s:7:"post_id";s:0:"";}
a:4:{s:3:"row";i:320;s:7:"message";s:61:"User with same Email already exists. Email: test999@gmail.com";s:6:"status";b:0;s:7:"post_id";s:0:"";}
a:4:{s:3:"row";i:321;s:7:"message";s:64:"User with same Email already exists. Email: tesafweght@gmail.com";s:6:"status";b:0;s:7:"post_id";s:0:"";}
a:4:{s:3:"row";i:322;s:7:"message";s:64:"User with same Email already exists. Email: shaminay+5@gmail.com";s:6:"status";b:0;s:7:"post_id";s:0:"";}
a:4:{s:3:"row";i:323;s:7:"message";s:71:"User with same Email already exists. Email: tedatuten@email-list.online";s:6:"status";b:0;s:7:"post_id";s:0:"";}
a:4:{s:3:"row";i:324;s:7:"message";s:68:"User with same Email already exists. Email: shaminaytest+3@gmail.com";s:6:"status";b:0;s:7:"post_id";s:0:"";}
a:4:{s:3:"row";i:325;s:7:"message";s:68:"User with same Email already exists. Email: shaminaytest+5@gmail.com";s:6:"status";b:0;s:7:"post_id";s:0:"";}
a:4:{s:3:"row";i:326;s:7:"message";s:62:"User with same Email already exists. Email: qaaqq@debsmail.com";s:6:"status";b:0;s:7:"post_id";s:0:"";}
a:4:{s:3:"row";i:327;s:7:"message";s:65:"User with same Email already exists. Email: testuser@testuser.com";s:6:"status";b:0;s:7:"post_id";s:0:"";}
a:4:{s:3:"row";i:328;s:7:"message";s:62:"User with same Email already exists. Email: testuser@gmail.com";s:6:"status";b:0;s:7:"post_id";s:0:"";}
a:4:{s:3:"row";i:329;s:7:"message";s:69:"User with same Email already exists. Email: picktheflick0+5@gmail.com";s:6:"status";b:0;s:7:"post_id";s:0:"";}
a:4:{s:3:"row";i:330;s:7:"message";s:61:"User with same Email already exists. Email: teterj2@gmail.com";s:6:"status";b:0;s:7:"post_id";s:0:"";}
a:4:{s:3:"row";i:331;s:7:"message";s:61:"User with same Email already exists. Email: test123@gmail.com";s:6:"status";b:0;s:7:"post_id";s:0:"";}
a:4:{s:3:"row";i:332;s:7:"message";s:59:"User with same Email already exists. Email: sthayse@aol.com";s:6:"status";b:0;s:7:"post_id";s:0:"";}
a:4:{s:3:"row";i:333;s:7:"message";s:64:"User with same Email already exists. Email: billydeanm@gmail.com";s:6:"status";b:0;s:7:"post_id";s:0:"";}
a:4:{s:3:"row";i:334;s:7:"message";s:27:"User imported successfully.";s:6:"status";b:1;s:7:"post_id";i:455;}
a:4:{s:3:"row";i:335;s:7:"message";s:63:"User with same Email already exists. Email: thezaman162@aol.com";s:6:"status";b:0;s:7:"post_id";s:0:"";}
a:4:{s:3:"row";i:336;s:7:"message";s:73:"User with same Email already exists. Email: tony.bass@kingarthurflour.com";s:6:"status";b:0;s:7:"post_id";s:0:"";}
a:4:{s:3:"row";i:337;s:7:"message";s:27:"User imported successfully.";s:6:"status";b:1;s:7:"post_id";i:456;}
a:4:{s:3:"row";i:338;s:7:"message";s:69:"User with same Email already exists. Email: travisjheitkamp@gmail.com";s:6:"status";b:0;s:7:"post_id";s:0:"";}
a:4:{s:3:"row";i:339;s:7:"message";s:65:"User with same Email already exists. Email: runawaygray@gmail.com";s:6:"status";b:0;s:7:"post_id";s:0:"";}
a:4:{s:3:"row";i:340;s:7:"message";s:64:"User with same Email already exists. Email: tyepalonen@gmail.com";s:6:"status";b:0;s:7:"post_id";s:0:"";}
a:4:{s:3:"row";i:341;s:7:"message";s:63:"User with same Email already exists. Email: valsafran@yahoo.com";s:6:"status";b:0;s:7:"post_id";s:0:"";}
a:4:{s:3:"row";i:342;s:7:"message";s:63:"User with same Email already exists. Email: varuntuli@gmail.com";s:6:"status";b:0;s:7:"post_id";s:0:"";}
a:4:{s:3:"row";i:343;s:7:"message";s:68:"User with same Email already exists. Email: vince@gaetanosonline.com";s:6:"status";b:0;s:7:"post_id";s:0:"";}
a:4:{s:3:"row";i:344;s:7:"message";s:67:"User with same Email already exists. Email: vincegiuliano@yahoo.com";s:6:"status";b:0;s:7:"post_id";s:0:"";}
a:4:{s:3:"row";i:345;s:7:"message";s:63:"User with same Email already exists. Email: waqasgcu1@gmail.com";s:6:"status";b:0;s:7:"post_id";s:0:"";}
a:4:{s:3:"row";i:346;s:7:"message";s:62:"User with same Email already exists. Email: wavehook@gmail.com";s:6:"status";b:0;s:7:"post_id";s:0:"";}
a:4:{s:3:"row";i:347;s:7:"message";s:63:"User with same Email already exists. Email: test12345@gmail.com";s:6:"status";b:0;s:7:"post_id";s:0:"";}
a:4:{s:3:"row";i:348;s:7:"message";s:63:"User with same Email already exists. Email: p_hasbargen@msn.com";s:6:"status";b:0;s:7:"post_id";s:0:"";}
a:4:{s:3:"row";i:349;s:7:"message";s:27:"User imported successfully.";s:6:"status";b:1;s:7:"post_id";i:457;}
a:4:{s:3:"row";i:350;s:7:"message";s:66:"User with same Email already exists. Email: woodmang@hotmail.co.uk";s:6:"status";b:0;s:7:"post_id";s:0:"";}
