2023-03-07T16:26:51+00:00 CRITICAL Uncaught ArgumentCountError: Too few arguments to function url_to_postid(), 0 passed in D:\laragon\www\faisal\wp-content\themes\oceanwp\functions.php on line 4018 and exactly 1 expected in D:\laragon\www\faisal\wp-includes\rewrite.php:491
Stack trace:
#0 D:\laragon\www\faisal\wp-content\themes\oceanwp\functions.php(4018): url_to_postid()
#1 D:\laragon\www\faisal\wp-includes\class-wp-hook.php(308): event_page_title_khuzemah('')
#2 D:\laragon\www\faisal\wp-includes\class-wp-hook.php(332): WP_Hook->apply_filters(NULL, Array)
#3 D:\laragon\www\faisal\wp-includes\plugin.php(517): WP_Hook->do_action(Array)
#4 D:\laragon\www\faisal\wp-settings.php(617): do_action('init')
#5 D:\laragon\www\faisal\wp-config.php(110): require_once('D:\\laragon\\www\\...')
#6 D:\laragon\www\faisal\wp-load.php(50): require_once('D:\\laragon\\www\\...')
#7 D:\laragon\www\faisal\wp-admin\admin-ajax.php(22): require_once('D:\\laragon\\www\\...')
#8 {main}
  thrown in D:\laragon\www\faisal\wp-includes\rewrite.php on line 491

2023-03-07T16:26:53+00:00 CRITICAL Uncaught ArgumentCountError: Too few arguments to function url_to_postid(), 0 passed in D:\laragon\www\faisal\wp-content\themes\oceanwp\functions.php on line 4018 and exactly 1 expected in D:\laragon\www\faisal\wp-includes\rewrite.php:491
Stack trace:
#0 D:\laragon\www\faisal\wp-content\themes\oceanwp\functions.php(4018): url_to_postid()
#1 D:\laragon\www\faisal\wp-includes\class-wp-hook.php(308): event_page_title_khuzemah('')
#2 D:\laragon\www\faisal\wp-includes\class-wp-hook.php(332): WP_Hook->apply_filters(NULL, Array)
#3 D:\laragon\www\faisal\wp-includes\plugin.php(517): WP_Hook->do_action(Array)
#4 D:\laragon\www\faisal\wp-settings.php(617): do_action('init')
#5 D:\laragon\www\faisal\wp-config.php(110): require_once('D:\\laragon\\www\\...')
#6 D:\laragon\www\faisal\wp-load.php(50): require_once('D:\\laragon\\www\\...')
#7 D:\laragon\www\faisal\wp-blog-header.php(13): require_once('D:\\laragon\\www\\...')
#8 D:\laragon\www\faisal\index.php(17): require('D:\\laragon\\www\\...')
#9 {main}
  thrown in D:\laragon\www\faisal\wp-includes\rewrite.php on line 491

2023-03-07T16:26:57+00:00 CRITICAL Uncaught ArgumentCountError: Too few arguments to function url_to_postid(), 0 passed in D:\laragon\www\faisal\wp-content\themes\oceanwp\functions.php on line 4018 and exactly 1 expected in D:\laragon\www\faisal\wp-includes\rewrite.php:491
Stack trace:
#0 D:\laragon\www\faisal\wp-content\themes\oceanwp\functions.php(4018): url_to_postid()
#1 D:\laragon\www\faisal\wp-includes\class-wp-hook.php(308): event_page_title_khuzemah('')
#2 D:\laragon\www\faisal\wp-includes\class-wp-hook.php(332): WP_Hook->apply_filters(NULL, Array)
#3 D:\laragon\www\faisal\wp-includes\plugin.php(517): WP_Hook->do_action(Array)
#4 D:\laragon\www\faisal\wp-settings.php(617): do_action('init')
#5 D:\laragon\www\faisal\wp-config.php(110): require_once('D:\\laragon\\www\\...')
#6 D:\laragon\www\faisal\wp-load.php(50): require_once('D:\\laragon\\www\\...')
#7 D:\laragon\www\faisal\wp-admin\admin-ajax.php(22): require_once('D:\\laragon\\www\\...')
#8 {main}
  thrown in D:\laragon\www\faisal\wp-includes\rewrite.php on line 491

2023-03-07T16:28:25+00:00 CRITICAL Uncaught Error: Call to undefined function get_id() in D:\laragon\www\faisal\wp-content\themes\oceanwp\functions.php:4018
Stack trace:
#0 D:\laragon\www\faisal\wp-includes\class-wp-hook.php(308): event_page_title_khuzemah('')
#1 D:\laragon\www\faisal\wp-includes\class-wp-hook.php(332): WP_Hook->apply_filters(NULL, Array)
#2 D:\laragon\www\faisal\wp-includes\plugin.php(517): WP_Hook->do_action(Array)
#3 D:\laragon\www\faisal\wp-settings.php(617): do_action('init')
#4 D:\laragon\www\faisal\wp-config.php(110): require_once('D:\\laragon\\www\\...')
#5 D:\laragon\www\faisal\wp-load.php(50): require_once('D:\\laragon\\www\\...')
#6 D:\laragon\www\faisal\wp-blog-header.php(13): require_once('D:\\laragon\\www\\...')
#7 D:\laragon\www\faisal\index.php(17): require('D:\\laragon\\www\\...')
#8 {main}
  thrown in D:\laragon\www\faisal\wp-content\themes\oceanwp\functions.php on line 4018

2023-03-07T16:28:41+00:00 CRITICAL Uncaught Error: Call to undefined function get_id() in D:\laragon\www\faisal\wp-content\themes\oceanwp\functions.php:4018
Stack trace:
#0 D:\laragon\www\faisal\wp-includes\class-wp-hook.php(308): event_page_title_khuzemah('')
#1 D:\laragon\www\faisal\wp-includes\class-wp-hook.php(332): WP_Hook->apply_filters(NULL, Array)
#2 D:\laragon\www\faisal\wp-includes\plugin.php(517): WP_Hook->do_action(Array)
#3 D:\laragon\www\faisal\wp-settings.php(617): do_action('init')
#4 D:\laragon\www\faisal\wp-config.php(110): require_once('D:\\laragon\\www\\...')
#5 D:\laragon\www\faisal\wp-load.php(50): require_once('D:\\laragon\\www\\...')
#6 D:\laragon\www\faisal\wp-blog-header.php(13): require_once('D:\\laragon\\www\\...')
#7 D:\laragon\www\faisal\index.php(17): require('D:\\laragon\\www\\...')
#8 {main}
  thrown in D:\laragon\www\faisal\wp-content\themes\oceanwp\functions.php on line 4018

2023-03-07T16:30:56+00:00 CRITICAL Uncaught ArgumentCountError: Too few arguments to function tribe_tickets_get_event_ids(), 0 passed in D:\laragon\www\faisal\wp-content\themes\oceanwp\functions.php on line 4018 and exactly 1 expected in D:\laragon\www\faisal\wp-content\plugins\event-tickets\src\template-tags\tickets.php:801
Stack trace:
#0 D:\laragon\www\faisal\wp-content\themes\oceanwp\functions.php(4018): tribe_tickets_get_event_ids()
#1 D:\laragon\www\faisal\wp-includes\class-wp-hook.php(308): event_page_title_khuzemah('')
#2 D:\laragon\www\faisal\wp-includes\class-wp-hook.php(332): WP_Hook->apply_filters(NULL, Array)
#3 D:\laragon\www\faisal\wp-includes\plugin.php(517): WP_Hook->do_action(Array)
#4 D:\laragon\www\faisal\wp-settings.php(617): do_action('init')
#5 D:\laragon\www\faisal\wp-config.php(110): require_once('D:\\laragon\\www\\...')
#6 D:\laragon\www\faisal\wp-load.php(50): require_once('D:\\laragon\\www\\...')
#7 D:\laragon\www\faisal\wp-blog-header.php(13): require_once('D:\\laragon\\www\\...')
#8 D:\laragon\www\faisal\index.php(17): require('D:\\laragon\\www\\...')
#9 {main}
  thrown in D:\laragon\www\faisal\wp-content\plugins\event-tickets\src\template-tags\tickets.php on line 801

2023-03-07T16:30:59+00:00 CRITICAL Uncaught ArgumentCountError: Too few arguments to function tribe_tickets_get_event_ids(), 0 passed in D:\laragon\www\faisal\wp-content\themes\oceanwp\functions.php on line 4018 and exactly 1 expected in D:\laragon\www\faisal\wp-content\plugins\event-tickets\src\template-tags\tickets.php:801
Stack trace:
#0 D:\laragon\www\faisal\wp-content\themes\oceanwp\functions.php(4018): tribe_tickets_get_event_ids()
#1 D:\laragon\www\faisal\wp-includes\class-wp-hook.php(308): event_page_title_khuzemah('')
#2 D:\laragon\www\faisal\wp-includes\class-wp-hook.php(332): WP_Hook->apply_filters(NULL, Array)
#3 D:\laragon\www\faisal\wp-includes\plugin.php(517): WP_Hook->do_action(Array)
#4 D:\laragon\www\faisal\wp-settings.php(617): do_action('init')
#5 D:\laragon\www\faisal\wp-config.php(110): require_once('D:\\laragon\\www\\...')
#6 D:\laragon\www\faisal\wp-load.php(50): require_once('D:\\laragon\\www\\...')
#7 D:\laragon\www\faisal\wp-admin\admin-ajax.php(22): require_once('D:\\laragon\\www\\...')
#8 {main}
  thrown in D:\laragon\www\faisal\wp-content\plugins\event-tickets\src\template-tags\tickets.php on line 801

2023-03-07T16:32:10+00:00 CRITICAL syntax error, unexpected token "if", expecting "{" in D:\laragon\www\faisal\wp-content\themes\oceanwp\functions.php on line 4009

2023-03-07T16:32:53+00:00 CRITICAL syntax error, unexpected token "if", expecting "{" in D:\laragon\www\faisal\wp-content\themes\oceanwp\functions.php on line 4009

2023-03-07T16:32:56+00:00 CRITICAL syntax error, unexpected token "if", expecting "{" in D:\laragon\www\faisal\wp-content\themes\oceanwp\functions.php on line 4009

2023-03-07T16:33:49+00:00 CRITICAL syntax error, unexpected token ";", expecting "{" in D:\laragon\www\faisal\wp-content\themes\oceanwp\functions.php on line 4021

2023-03-07T16:33:54+00:00 CRITICAL syntax error, unexpected token ";", expecting "{" in D:\laragon\www\faisal\wp-content\themes\oceanwp\functions.php on line 4021

2023-03-07T16:40:01+00:00 CRITICAL Uncaught ArgumentCountError: Too few arguments to function tribe_tickets_get_event_ids(), 0 passed in D:\laragon\www\faisal\wp-content\themes\oceanwp\functions.php on line 4018 and exactly 1 expected in D:\laragon\www\faisal\wp-content\plugins\event-tickets\src\template-tags\tickets.php:801
Stack trace:
#0 D:\laragon\www\faisal\wp-content\themes\oceanwp\functions.php(4018): tribe_tickets_get_event_ids()
#1 D:\laragon\www\faisal\wp-includes\class-wp-hook.php(308): event_page_title_khuzemah('')
#2 D:\laragon\www\faisal\wp-includes\class-wp-hook.php(332): WP_Hook->apply_filters(NULL, Array)
#3 D:\laragon\www\faisal\wp-includes\plugin.php(517): WP_Hook->do_action(Array)
#4 D:\laragon\www\faisal\wp-settings.php(617): do_action('init')
#5 D:\laragon\www\faisal\wp-config.php(110): require_once('D:\\laragon\\www\\...')
#6 D:\laragon\www\faisal\wp-load.php(50): require_once('D:\\laragon\\www\\...')
#7 D:\laragon\www\faisal\wp-admin\admin-ajax.php(22): require_once('D:\\laragon\\www\\...')
#8 {main}
  thrown in D:\laragon\www\faisal\wp-content\plugins\event-tickets\src\template-tags\tickets.php on line 801

2023-03-07T16:42:03+00:00 CRITICAL Uncaught ArgumentCountError: Too few arguments to function tribe_tickets_get_event_ids(), 0 passed in D:\laragon\www\faisal\wp-content\themes\oceanwp\functions.php on line 4018 and exactly 1 expected in D:\laragon\www\faisal\wp-content\plugins\event-tickets\src\template-tags\tickets.php:801
Stack trace:
#0 D:\laragon\www\faisal\wp-content\themes\oceanwp\functions.php(4018): tribe_tickets_get_event_ids()
#1 D:\laragon\www\faisal\wp-includes\class-wp-hook.php(308): event_page_title_khuzemah('')
#2 D:\laragon\www\faisal\wp-includes\class-wp-hook.php(332): WP_Hook->apply_filters(NULL, Array)
#3 D:\laragon\www\faisal\wp-includes\plugin.php(517): WP_Hook->do_action(Array)
#4 D:\laragon\www\faisal\wp-settings.php(617): do_action('init')
#5 D:\laragon\www\faisal\wp-config.php(110): require_once('D:\\laragon\\www\\...')
#6 D:\laragon\www\faisal\wp-load.php(50): require_once('D:\\laragon\\www\\...')
#7 D:\laragon\www\faisal\wp-admin\admin-ajax.php(22): require_once('D:\\laragon\\www\\...')
#8 {main}
  thrown in D:\laragon\www\faisal\wp-content\plugins\event-tickets\src\template-tags\tickets.php on line 801

2023-03-07T16:44:04+00:00 CRITICAL Uncaught ArgumentCountError: Too few arguments to function tribe_tickets_get_event_ids(), 0 passed in D:\laragon\www\faisal\wp-content\themes\oceanwp\functions.php on line 4018 and exactly 1 expected in D:\laragon\www\faisal\wp-content\plugins\event-tickets\src\template-tags\tickets.php:801
Stack trace:
#0 D:\laragon\www\faisal\wp-content\themes\oceanwp\functions.php(4018): tribe_tickets_get_event_ids()
#1 D:\laragon\www\faisal\wp-includes\class-wp-hook.php(308): event_page_title_khuzemah('')
#2 D:\laragon\www\faisal\wp-includes\class-wp-hook.php(332): WP_Hook->apply_filters(NULL, Array)
#3 D:\laragon\www\faisal\wp-includes\plugin.php(517): WP_Hook->do_action(Array)
#4 D:\laragon\www\faisal\wp-settings.php(617): do_action('init')
#5 D:\laragon\www\faisal\wp-config.php(110): require_once('D:\\laragon\\www\\...')
#6 D:\laragon\www\faisal\wp-load.php(50): require_once('D:\\laragon\\www\\...')
#7 D:\laragon\www\faisal\wp-admin\admin-ajax.php(22): require_once('D:\\laragon\\www\\...')
#8 {main}
  thrown in D:\laragon\www\faisal\wp-content\plugins\event-tickets\src\template-tags\tickets.php on line 801

2023-03-07T16:46:05+00:00 CRITICAL Uncaught ArgumentCountError: Too few arguments to function tribe_tickets_get_event_ids(), 0 passed in D:\laragon\www\faisal\wp-content\themes\oceanwp\functions.php on line 4018 and exactly 1 expected in D:\laragon\www\faisal\wp-content\plugins\event-tickets\src\template-tags\tickets.php:801
Stack trace:
#0 D:\laragon\www\faisal\wp-content\themes\oceanwp\functions.php(4018): tribe_tickets_get_event_ids()
#1 D:\laragon\www\faisal\wp-includes\class-wp-hook.php(308): event_page_title_khuzemah('')
#2 D:\laragon\www\faisal\wp-includes\class-wp-hook.php(332): WP_Hook->apply_filters(NULL, Array)
#3 D:\laragon\www\faisal\wp-includes\plugin.php(517): WP_Hook->do_action(Array)
#4 D:\laragon\www\faisal\wp-settings.php(617): do_action('init')
#5 D:\laragon\www\faisal\wp-config.php(110): require_once('D:\\laragon\\www\\...')
#6 D:\laragon\www\faisal\wp-load.php(50): require_once('D:\\laragon\\www\\...')
#7 D:\laragon\www\faisal\wp-admin\admin-ajax.php(22): require_once('D:\\laragon\\www\\...')
#8 {main}
  thrown in D:\laragon\www\faisal\wp-content\plugins\event-tickets\src\template-tags\tickets.php on line 801

