2022-09-29T14:18:22+00:00 CRITICAL Uncaught Error: Call to a member function needs_shipping() on null in C:\laragon\www\faisal\wp-content\plugins\woocommerce\includes\class-wc-cart.php:1532
Stack trace:
#0 C:\laragon\www\faisal\wp-content\plugins\woocommerce\includes\class-wc-cart.php(1420): WC_Cart->needs_shipping()
#1 C:\laragon\www\faisal\wp-content\plugins\woocommerce\includes\class-wc-ajax.php(370): WC_Cart->calculate_shipping()
#2 C:\laragon\www\faisal\wp-includes\class-wp-hook.php(307): WC_AJAX::update_order_review('')
#3 C:\laragon\www\faisal\wp-includes\class-wp-hook.php(331): WP_Hook->apply_filters(NULL, Array)
#4 C:\laragon\www\faisal\wp-includes\plugin.php(476): WP_Hook->do_action(Array)
#5 C:\laragon\www\faisal\wp-content\plugins\woocommerce\includes\class-wc-ajax.php(93): do_action('wc_ajax_update_...')
#6 C:\laragon\www\faisal\wp-includes\class-wp-hook.php(307): WC_AJAX::do_wc_ajax('')
#7 C:\laragon\www\faisal\wp-includes\class-wp-hook.php(331): WP_Hook->apply_filters(false, Array)
#8 C:\laragon\www\faisal\wp-includes\plugin.php in C:\laragon\www\faisal\wp-content\plugins\woocommerce\includes\class-wc-cart.php on line 1532

2022-09-29T14:18:30+00:00 CRITICAL Uncaught Error: Call to a member function needs_shipping() on null in C:\laragon\www\faisal\wp-content\plugins\woocommerce\includes\class-wc-cart.php:1532
Stack trace:
#0 C:\laragon\www\faisal\wp-content\plugins\woocommerce\includes\class-wc-cart.php(1420): WC_Cart->needs_shipping()
#1 C:\laragon\www\faisal\wp-content\plugins\woocommerce\includes\class-wc-ajax.php(370): WC_Cart->calculate_shipping()
#2 C:\laragon\www\faisal\wp-includes\class-wp-hook.php(307): WC_AJAX::update_order_review('')
#3 C:\laragon\www\faisal\wp-includes\class-wp-hook.php(331): WP_Hook->apply_filters(NULL, Array)
#4 C:\laragon\www\faisal\wp-includes\plugin.php(476): WP_Hook->do_action(Array)
#5 C:\laragon\www\faisal\wp-content\plugins\woocommerce\includes\class-wc-ajax.php(93): do_action('wc_ajax_update_...')
#6 C:\laragon\www\faisal\wp-includes\class-wp-hook.php(307): WC_AJAX::do_wc_ajax('')
#7 C:\laragon\www\faisal\wp-includes\class-wp-hook.php(331): WP_Hook->apply_filters(false, Array)
#8 C:\laragon\www\faisal\wp-includes\plugin.php in C:\laragon\www\faisal\wp-content\plugins\woocommerce\includes\class-wc-cart.php on line 1532

2022-09-29T14:47:27+00:00 CRITICAL Uncaught Error: Call to a member function get_total() on bool in C:\laragon\www\faisal\wp-content\themes\oceanwp\footer.php:713
Stack trace:
#0 C:\laragon\www\faisal\wp-includes\template.php(770): require_once()
#1 C:\laragon\www\faisal\wp-includes\template.php(716): load_template('C:\\laragon\\www\\...', true, Array)
#2 C:\laragon\www\faisal\wp-includes\general-template.php(92): locate_template(Array, true, true, Array)
#3 C:\laragon\www\faisal\wp-content\themes\oceanwp\page.php(67): get_footer()
#4 C:\laragon\www\faisal\wp-includes\template-loader.php(106): include('C:\\laragon\\www\\...')
#5 C:\laragon\www\faisal\wp-blog-header.php(19): require_once('C:\\laragon\\www\\...')
#6 C:\laragon\www\faisal\index.php(17): require('C:\\laragon\\www\\...')
#7 {main}
  thrown in C:\laragon\www\faisal\wp-content\themes\oceanwp\footer.php on line 713

