2022-08-13T21:16:47+00:00 NOTICE action_scheduler.queue_job :: MailChimp_WooCommerce_User_Submit queued :: obj_id 926
2022-08-13T21:17:13+00:00 NOTICE member.sync :: Updated Member parents@foderas.com :: Array
(
    [previous_status] => transactional
    [status] => 1
    [merge_fields] => Array
        (
            [FNAME] => Christopher
            [LNAME] => Fodera
        )

)

2022-08-13T21:18:05+00:00 NOTICE action_scheduler.queue_job :: MailChimp_WooCommerce_User_Submit queued :: obj_id 926
2022-08-13T21:18:13+00:00 NOTICE member.sync :: Subscribed Member slowrisepizza@al-escondite.com :: Array
(
    [status_if_new] => 1
    [merge_fields] => Array
        (
            [FNAME] => Andrea and Chris
            [LNAME] => Fodera
        )

)

