2022-08-25T21:14:41+00:00 NOTICE action_scheduler.queue_job :: MailChimp_WooCommerce_User_Submit queued :: obj_id 1
2022-08-25T21:14:41+00:00 NOTICE action_scheduler.queue_job :: MailChimp_WooCommerce_Single_Order starts in 90 seconds :: obj_id 16350
2022-08-25T21:14:42+00:00 NOTICE debug :: Order ID 16350 was pending and is now processing :: Array
(
    [new_order] => 1
    [tracking] => Array
        (
            [campaign_id] => 
            [landing_site] => https://www.slowrisepizza.com/my-account/
        )

)

2022-08-25T21:14:43+00:00 NOTICE debug :: Order ID 16350 was processing and is now completed :: Array
(
    [new_order] => 
    [tracking] => 
)

2022-08-25T21:15:17+00:00 NOTICE member.sync :: Updated Member noel@slowrisepizza.com ( merge fields only ) :: Array
(
    [merge_fields] => Array
        (
            [FNAME] => Noel
            [LNAME] => Brohner
        )

)

2022-08-25T21:15:38+00:00 NOTICE action_scheduler.queue_job :: MailChimp_WooCommerce_User_Submit queued :: obj_id 1
2022-08-25T21:15:38+00:00 NOTICE action_scheduler.queue_job :: MailChimp_WooCommerce_Single_Order starts in 90 seconds :: obj_id 16352
2022-08-25T21:15:39+00:00 NOTICE debug :: Order ID 16352 was pending and is now processing :: Array
(
    [new_order] => 1
    [tracking] => Array
        (
            [campaign_id] => 
            [landing_site] => https://www.slowrisepizza.com/
        )

)

2022-08-25T21:15:40+00:00 NOTICE debug :: Order ID 16352 was processing and is now completed :: Array
(
    [new_order] => 
    [tracking] => 
)

2022-08-25T21:16:44+00:00 NOTICE member.sync :: Updated Member noel@slowrisepizza.com ( merge fields only ) :: Array
(
    [merge_fields] => Array
        (
            [FNAME] => Noel
            [LNAME] => Brohner
        )

)

2022-08-25T21:16:45+00:00 ERROR order_submit.error :: addStoreOrder :: #16350 :: Error Code 404 :: Resource Not FoundThe requested resource could not be found. on 1965 in /www/slowrisepizza_805/public/wp-content/plugins/mailchimp-for-woocommerce/includes/api/class-mailchimp-api.php
2022-08-25T21:17:10+00:00 ERROR order_submit.error :: addStoreOrder :: #16352 :: Error Code 404 :: Resource Not FoundThe requested resource could not be found. on 1965 in /www/slowrisepizza_805/public/wp-content/plugins/mailchimp-for-woocommerce/includes/api/class-mailchimp-api.php
2022-08-25T23:58:39+00:00 NOTICE action_scheduler.queue_job :: MailChimp_WooCommerce_Cart_Update queued :: obj_id 0413bbfc7d0388f897e91d7036a4a341
2022-08-25T23:59:28+00:00 NOTICE action_scheduler.queue_job :: MailChimp_WooCommerce_User_Submit queued :: obj_id 1302
2022-08-25T23:59:28+00:00 NOTICE action_scheduler.queue_job :: MailChimp_WooCommerce_Single_Order starts in 90 seconds :: obj_id 16355
2022-08-25T23:59:29+00:00 ERROR abandoned_cart.error :: email: kmcnair@gmail.com :: attempting product update :: Resource Not FoundThe requested resource could not be found.
2022-08-25T23:59:29+00:00 NOTICE product_submit.error :: addStoreProduct :: #5291 :: Error Code 404 :: Resource Not FoundThe requested resource could not be found. on 1965 in /www/slowrisepizza_805/public/wp-content/plugins/mailchimp-for-woocommerce/includes/api/class-mailchimp-api.php
2022-08-25T23:59:29+00:00 ERROR abandoned_cart.error :: Error Code 404 :: Resource Not FoundThe requested resource could not be found. on 1965 in /www/slowrisepizza_805/public/wp-content/plugins/mailchimp-for-woocommerce/includes/api/class-mailchimp-api.php
2022-08-25T23:59:30+00:00 NOTICE member.sync :: Subscribed Member kmcnair@gmail.com :: Array
(
    [status_if_new] => 1
    [merge_fields] => Array
        (
            [FNAME] => Kelsey
            [LNAME] => McNair
        )

)

2022-08-25T23:59:36+00:00 NOTICE debug :: Order ID 16355 was pending and is now processing :: Array
(
    [new_order] => 1
    [tracking] => Array
        (
            [campaign_id] => 
            [landing_site] => https://www.slowrisepizza.com/
        )

)

2022-08-25T23:59:36+00:00 NOTICE action_scheduler.queue_job :: MailChimp_WooCommerce_User_Submit queued :: obj_id 1302
2022-08-25T23:59:36+00:00 NOTICE debug :: Order ID 16355 was processing and is now completed :: Array
(
    [new_order] => 
    [tracking] => 
)

