2023-01-30T13:00:16+00:00 NOTICE action_scheduler.queue_job :: MailChimp_WooCommerce_User_Submit queued :: obj_id 1
2023-01-30T13:00:17+00:00 NOTICE action_scheduler.queue_job :: MailChimp_WooCommerce_Single_Order starts in 90 seconds :: obj_id 16397
2023-01-30T13:00:27+00:00 NOTICE member.sync :: Updated Member noel@slowrisepizza.com :: Array
(
    [status] => subscribed
    [language] => 
    [merge_fields] => Array
        (
            [FNAME] => Noel
            [LNAME] => Brohner
        )

    [gdpr_fields] => 
)

2023-01-30T13:00:33+00:00 NOTICE debug :: Order ID 16397 was pending and is now processing :: Array
(
    [new_order] => 1
    [tracking] => Array
        (
            [campaign_id] => 
            [landing_site] => http://localhost/faisal/faisal/event/
        )

)

2023-01-30T13:00:49+00:00 NOTICE debug :: Order ID 16397 was processing and is now completed :: Array
(
    [new_order] => 
    [tracking] => 
)

2023-01-30T13:03:04+00:00 ERROR order_submit.error :: addStoreOrder :: #16397 :: Error Code 404 :: Resource Not FoundThe requested resource could not be found. on 2389 in D:\laragon\www\faisal\wp-content\plugins\mailchimp-for-woocommerce\includes\api\class-mailchimp-api.php
