2022-08-26T00:01:42+00:00 ERROR order_submit.error :: addStoreOrder :: #16355 :: Error Code 404 :: Resource Not FoundThe requested resource could not be found. on 1965 in /www/slowrisepizza_805/public/wp-content/plugins/mailchimp-for-woocommerce/includes/api/class-mailchimp-api.php
2022-08-26T18:11:18+00:00 NOTICE action_scheduler.queue_job :: MailChimp_WooCommerce_Cart_Update queued :: obj_id 2664bfd740513a0222e13c695c7964ec
2022-08-26T18:11:20+00:00 ERROR abandoned_cart.error :: email: samuelbpew@gmail.com :: attempting product update :: Resource Not FoundThe requested resource could not be found.
2022-08-26T18:11:21+00:00 NOTICE product_submit.error :: addStoreProduct :: #5293 :: Error Code 404 :: Resource Not FoundThe requested resource could not be found. on 1965 in /www/slowrisepizza_805/public/wp-content/plugins/mailchimp-for-woocommerce/includes/api/class-mailchimp-api.php
2022-08-26T18:11:21+00:00 ERROR abandoned_cart.error :: Error Code 404 :: Resource Not FoundThe requested resource could not be found. on 1965 in /www/slowrisepizza_805/public/wp-content/plugins/mailchimp-for-woocommerce/includes/api/class-mailchimp-api.php
2022-08-26T18:11:42+00:00 NOTICE action_scheduler.queue_job :: MailChimp_WooCommerce_User_Submit queued :: obj_id 1303
2022-08-26T18:11:42+00:00 NOTICE action_scheduler.queue_job :: MailChimp_WooCommerce_Single_Order starts in 90 seconds :: obj_id 16357
2022-08-26T18:11:49+00:00 NOTICE debug :: Order ID 16357 was pending and is now processing :: Array
(
    [new_order] => 1
    [tracking] => Array
        (
            [campaign_id] => 
            [landing_site] => https://www.slowrisepizza.com/
        )

)

2022-08-26T18:11:50+00:00 NOTICE debug :: Order ID 16357 was processing and is now completed :: Array
(
    [new_order] => 
    [tracking] => 
)

2022-08-26T18:12:17+00:00 NOTICE member.sync :: Subscribed Member samuelbpew@gmail.com :: Array
(
    [status_if_new] => 1
    [merge_fields] => Array
        (
            [FNAME] => samuel
            [LNAME] => pew
        )

)

2022-08-26T18:14:44+00:00 ERROR order_submit.error :: addStoreOrder :: #16357 :: Error Code 404 :: Resource Not FoundThe requested resource could not be found. on 1965 in /www/slowrisepizza_805/public/wp-content/plugins/mailchimp-for-woocommerce/includes/api/class-mailchimp-api.php
