2022-08-29T19:16:24+00:00 NOTICE action_scheduler.queue_job :: MailChimp_WooCommerce_Cart_Update queued :: obj_id 1d356adb0ff1e7b54d71d9c93a04c7d6
2022-08-29T19:16:26+00:00 ERROR abandoned_cart.error :: email: rgutierrez@ranchomed.com :: attempting product update :: Resource Not FoundThe requested resource could not be found.
2022-08-29T19:16:26+00:00 NOTICE product_submit.error :: addStoreProduct :: #5293 :: Error Code 404 :: Resource Not FoundThe requested resource could not be found. on 1965 in /www/slowrisepizza_805/public/wp-content/plugins/mailchimp-for-woocommerce/includes/api/class-mailchimp-api.php
2022-08-29T19:16:26+00:00 ERROR abandoned_cart.error :: Error Code 404 :: Resource Not FoundThe requested resource could not be found. on 1965 in /www/slowrisepizza_805/public/wp-content/plugins/mailchimp-for-woocommerce/includes/api/class-mailchimp-api.php
2022-08-29T19:17:13+00:00 NOTICE action_scheduler.queue_job :: MailChimp_WooCommerce_User_Submit queued :: obj_id 1299
2022-08-29T19:17:13+00:00 NOTICE action_scheduler.queue_job :: MailChimp_WooCommerce_Single_Order starts in 90 seconds :: obj_id 16359
2022-08-29T19:17:15+00:00 NOTICE member.sync :: Updated Member rgutierrez@ranchomed.com ( merge fields only ) :: Array
(
    [merge_fields] => Array
        (
            [FNAME] => Rolando
            [LNAME] => gutierrez
        )

)

2022-08-29T19:17:20+00:00 NOTICE debug :: Order ID 16359 was pending and is now processing :: Array
(
    [new_order] => 1
    [tracking] => Array
        (
            [campaign_id] => 
            [landing_site] => https://www.slowrisepizza.com/
        )

)

2022-08-29T19:17:21+00:00 NOTICE debug :: Order ID 16359 was processing and is now completed :: Array
(
    [new_order] => 
    [tracking] => 
)

2022-08-29T19:19:37+00:00 ERROR order_submit.error :: addStoreOrder :: #16359 :: Error Code 404 :: Resource Not FoundThe requested resource could not be found. on 1965 in /www/slowrisepizza_805/public/wp-content/plugins/mailchimp-for-woocommerce/includes/api/class-mailchimp-api.php
