2022-11-29T18:39:44+00:00 NOTICE action_scheduler.queue_job :: MailChimp_WooCommerce_User_Submit queued :: obj_id 1
2022-11-29T18:39:44+00:00 NOTICE action_scheduler.queue_job :: MailChimp_WooCommerce_Single_Order starts in 90 seconds :: obj_id 16386
2022-11-29T18:39:56+00:00 NOTICE debug :: Order ID 16386 was pending and is now processing :: Array
(
    [new_order] => 1
    [tracking] => Array
        (
            [campaign_id] => 
            [landing_site] => http://localhost/faisal/faisal/wp-login.php?redirect_to=http%3A%2F%2Flocalhost%2Ffaisal%2Fwp-admin%2F&action=confirm_admin_email&wp_lang=en_US
        )

)

2022-11-29T18:40:03+00:00 NOTICE debug :: Order ID 16386 was processing and is now completed :: Array
(
    [new_order] => 
    [tracking] => 
)

2022-11-29T18:40:18+00:00 NOTICE member.sync :: Updated Member noel@slowrisepizza.com :: Array
(
    [status] => subscribed
    [language] => 
    [merge_fields] => Array
        (
            [FNAME] => Noel
            [LNAME] => Brohner
        )

    [gdpr_fields] => 
)

