2022-08-03T07:50:16+00:00 INFO Subscription Request Parameters: Array
(
    [method] => POST
    [uri] => https://api-3t.paypal.com/nvp
    [user-agent] => WooCommerce-Subscriptions-PayPal/3.0.13 (WooCommerce/6.5.1; WordPress/5.9.3)
    [headers] => Array
        (
        )

    [body] => Array
(
    [USER] => ***************************
    [PWD] => ****************
    [SIGNATURE] => ********************************************************
    [VERSION] => 124
    [METHOD] => SetExpressCheckout
    [L_BILLINGTYPE0] => MerchantInitiatedBillingSingleAgreement
    [L_BILLINGAGREEMENTDESCRIPTION0] => Orders with Slow Rise Pizza Co
    [RETURNURL] => https://www.slowrisepizza.com/wc-api/wcs_paypal/?action=reference_transaction_account_check
    [CANCELURL] => https://www.slowrisepizza.com/wc-api/wcs_paypal/?action=reference_transaction_account_check
    [BRANDNAME] => Slow Rise Pizza Co
    [LANDINGPAGE] => Login
    [NOSHIPPING] => 1
    [MAXAMT] => 0.00
)

    [duration] => 0.46275s
)

2022-08-03T07:50:16+00:00 INFO Subscription Request Response: Array
(
    [code] => 200
    [message] => OK
    [headers] => Requests_Utility_CaseInsensitiveDictionary Object
        (
            [data:protected] => Array
                (
                    [content-type] => text/plain; charset=utf-8
                    [content-length] => 293
                    [date] => Wed, 03 Aug 2022 07:50:16 GMT
                    [cache-control] => max-age=0, no-cache, no-store, must-revalidate
                    [paypal-debug-id] => b515dae69bfa0
                    [traceparent] => 00-0000000000000000000b515dae69bfa0-9bce0e59479fa32f-01
                    [x-paypal-api-rc] => 11452
                    [x-paypal-operation-name] => SetExpressCheckout
                    [http_x_pp_az_locator] => ccg14.slc
                    [strict-transport-security] => max-age=31536000; includeSubDomains
                )

        )

    [body] => Array
(
    [TIMESTAMP] => 2022-08-03T07:50:16Z
    [CORRELATIONID] => b515dae69bfa0
    [ACK] => Failure
    [VERSION] => 124
    [BUILD] => 57278533
    [L_ERRORCODE0] => 11452
    [L_SHORTMESSAGE0] => Merchant not enabled for reference transactions
    [L_LONGMESSAGE0] => Merchant not enabled for reference transactions
    [L_SEVERITYCODE0] => Error
)

)

