2022-09-29T14:36:15+00:00 INFO Subscription Request Parameters: Array
(
    [method] => POST
    [uri] => https://api-3t.paypal.com/nvp
    [user-agent] => WooCommerce-Subscriptions-PayPal/4.5.1 (WooCommerce/6.9.4; WordPress/6.0.2)
    [headers] => Array
        (
        )

    [body] => Array
(
    [USER] => ***************************
    [PWD] => ****************
    [SIGNATURE] => ********************************************************
    [VERSION] => 124
    [METHOD] => SetExpressCheckout
    [L_BILLINGTYPE0] => MerchantInitiatedBillingSingleAgreement
    [L_BILLINGAGREEMENTDESCRIPTION0] => Orders with Slow Rise Pizza Co
    [RETURNURL] => http://localhost/faisal/wc-api/wcs_paypal/?action=reference_transaction_account_check
    [CANCELURL] => http://localhost/faisal/wc-api/wcs_paypal/?action=reference_transaction_account_check
    [BRANDNAME] => Slow Rise Pizza Co
    [LANDINGPAGE] => Login
    [NOSHIPPING] => 1
    [MAXAMT] => 0.00
)

    [duration] => 1.71187s
)

2022-09-29T14:36:15+00:00 INFO Subscription Request Response: Array
(
    [code] => 200
    [message] => OK
    [headers] => Requests_Utility_CaseInsensitiveDictionary Object
        (
            [data:protected] => Array
                (
                    [content-type] => text/plain; charset=utf-8
                    [content-length] => 293
                    [date] => Thu, 29 Sep 2022 14:36:15 GMT
                    [cache-control] => max-age=0, no-cache, no-store, must-revalidate
                    [paypal-debug-id] => 56a9016ae2ad5
                    [traceparent] => 00-000000000000000000056a9016ae2ad5-6e184f1aa2c6aeaf-01
                    [x-paypal-api-rc] => 11452
                    [x-paypal-operation-name] => SetExpressCheckout
                    [http_x_pp_az_locator] => ccg14.slc
                    [strict-transport-security] => max-age=31536000; includeSubDomains
                )

        )

    [body] => Array
(
    [TIMESTAMP] => 2022-09-29T14:36:15Z
    [CORRELATIONID] => 56a9016ae2ad5
    [ACK] => Failure
    [VERSION] => 124
    [BUILD] => 57682976
    [L_ERRORCODE0] => 11452
    [L_SHORTMESSAGE0] => Merchant not enabled for reference transactions
    [L_LONGMESSAGE0] => Merchant not enabled for reference transactions
    [L_SEVERITYCODE0] => Error
)

)

