09-20-2022 @ 09:07:14 - 3.1.0 - No subscription webhooks found using API version 3. No updates needed.
09-20-2022 @ 09:07:14 - 4.5.1 upgrade complete from Subscriptions v3.0.13 while WooCommerce WC_VERSION 6.9.2 and database version 6.9.2 was active.
09-20-2022 @ 09:07:14 - Environment info:
09-20-2022 @ 09:07:14 -     WordPress Version : 6.0.2
09-20-2022 @ 09:07:14 - Active Plugins:
09-20-2022 @ 09:07:14 -     Ocean Extra by OceanWP – 2.0.4
09-20-2022 @ 09:07:14 -     Livemesh Addons for Elementor by Livemesh – 7.2.3
09-20-2022 @ 09:07:14 -     Advanced Custom Fields by Delicious Brains – 5.12.3
09-20-2022 @ 09:07:14 -     Akismet Anti-Spam by Automattic – 5.0
09-20-2022 @ 09:07:14 -     Better Notifications for WP by Made with Fuel – 1.9.1
09-20-2022 @ 09:07:14 -     Contact Form 7 by Takayuki Miyoshi – 5.6.3
09-20-2022 @ 09:07:14 -     WooCommerce Coupon Generator by Jeroen Sormani – 1.2.0
09-20-2022 @ 09:07:14 -     Custom Permalinks by Sami Ahmed Siddiqui – 2.4.0
09-20-2022 @ 09:07:14 -     Elementor by Elementor.com – 3.7.7
09-20-2022 @ 09:07:14 -     Essential Addons for Elementor by WPDeveloper – 5.2.4
09-20-2022 @ 09:07:14 -     Event Tickets Plus by The Events Calendar – 5.6.0
09-20-2022 @ 09:07:14 -     Event Tickets by The Events Calendar – 5.5.0
09-20-2022 @ 09:07:14 -     The Events Calendar PRO by The Events Calendar – 6.0.0
09-20-2022 @ 09:07:14 -     The Events Calendar: Virtual Events by The Events Calendar – 1.13.0
09-20-2022 @ 09:07:14 -     GDPR by Trew Knowledge – 2.1.2
09-20-2022 @ 09:07:14 -     Google Analytics for WordPress by MonsterInsights by MonsterInsights – 8.8.2
09-20-2022 @ 09:07:14 -     Header and Footer Scripts by Digital Liberation – 2.2.1
09-20-2022 @ 09:07:14 -     Kadence WooCommerce Email Designer by Kadence WP – 1.5.6
09-20-2022 @ 09:07:14 -     Mailchimp for WooCommerce by Mailchimp – 2.7.5
09-20-2022 @ 09:07:14 -     Meta Tag Manager by Marcus Sykes – 3.0.2
09-20-2022 @ 09:07:14 -     Ocean Demo Import by OceanWP – 1.0.11
09-20-2022 @ 09:07:14 -     One Click Accessibility by One Click Accessibility – 2.0.3
09-20-2022 @ 09:07:14 -     Testimonial Rotator by Hal Gatewood – 3.0.3
09-20-2022 @ 09:07:14 -     The Events Calendar: Filter Bar by The Events Calendar – 5.4.0
09-20-2022 @ 09:07:14 -     The Events Calendar by The Events Calendar – 6.0.0.1
09-20-2022 @ 09:07:14 -     Import Export WordPress Users and WooCommerce Customers by WebToffee – 2.3.4
09-20-2022 @ 09:07:14 -     VdoCipher by VdoCipher – 1.27
09-20-2022 @ 09:07:14 -     Preview E-mails for WooCommerce by Digamber Pradhan – 2.1.0
09-20-2022 @ 09:07:14 -     WooCommerce Stripe Gateway by WooCommerce – 6.7.0
09-20-2022 @ 09:07:14 -     WooCommerce PayPal Payments by WooCommerce – 1.9.3
09-20-2022 @ 09:07:14 -     WooCommerce Subscriptions Gifting by WooCommerce – 2.1.2
09-20-2022 @ 09:07:14 -     WooCommerce Subscriptions by WooCommerce – 4.5.1
09-20-2022 @ 09:07:14 -     WooCommerce by Automattic – 6.9.2
09-20-2022 @ 09:07:14 -     MyRewards by Long Watch Studio – 4.9.1
09-20-2022 @ 09:07:14 -     Yoast SEO by Team Yoast – 19.7.1
09-20-2022 @ 09:07:14 -     WP Bouncer by strangerstudios, Andrew Norcross – 1.5
09-20-2022 @ 09:07:14 -     WP Mail SMTP by WPForms – 3.5.2
09-20-2022 @ 09:07:14 -     WP Maintenance Mode & Coming Soon by Themeisle – 2.5.1
