10-22-2022 @ 08:52:45 - 4.6.0 upgrade complete from Subscriptions v4.5.1 while WooCommerce WC_VERSION 7.0.0 and database version 7.0.0 was active.
10-22-2022 @ 08:52:45 - Environment info:
10-22-2022 @ 08:52:45 -     WordPress Version : 6.0.3
10-22-2022 @ 08:52:45 - Active Plugins:
10-22-2022 @ 08:52:45 -     Ocean Extra by OceanWP – 2.0.5
10-22-2022 @ 08:52:45 -     Livemesh Addons for Elementor by Livemesh – 7.2.3
10-22-2022 @ 08:52:45 -     Advanced Custom Fields by WP Engine – 6.0.3
10-22-2022 @ 08:52:45 -     Better Notifications for WP by Made with Fuel – 1.9.1
10-22-2022 @ 08:52:45 -     Contact Form 7 by Takayuki Miyoshi – 5.6.4
10-22-2022 @ 08:52:45 -     WooCommerce Coupon Generator by Jeroen Sormani – 1.2.0
10-22-2022 @ 08:52:45 -     Custom Permalinks by Sami Ahmed Siddiqui – 2.4.0
10-22-2022 @ 08:52:45 -     Elementor by Elementor.com – 3.7.8
10-22-2022 @ 08:52:45 -     Essential Addons for Elementor by WPDeveloper – 5.3.2
10-22-2022 @ 08:52:45 -     Event Tickets Plus by The Events Calendar – 5.6.1
10-22-2022 @ 08:52:45 -     Event Tickets by The Events Calendar – 5.5.1
10-22-2022 @ 08:52:45 -     The Events Calendar PRO by The Events Calendar – 6.0.1
10-22-2022 @ 08:52:45 -     The Events Calendar: Virtual Events by The Events Calendar – 1.13.1
10-22-2022 @ 08:52:45 -     GDPR by Trew Knowledge – 2.1.2
10-22-2022 @ 08:52:45 -     Google Analytics for WordPress by MonsterInsights by MonsterInsights – 8.9.1
10-22-2022 @ 08:52:45 -     Header and Footer Scripts by Digital Liberation – 2.2.1
10-22-2022 @ 08:52:45 -     Kadence WooCommerce Email Designer by Kadence WP – 1.5.7
10-22-2022 @ 08:52:45 -     Mailchimp for WooCommerce by Mailchimp – 2.7.5
10-22-2022 @ 08:52:45 -     Meta Tag Manager by Marcus Sykes – 3.0.2
10-22-2022 @ 08:52:45 -     Ocean Demo Import by OceanWP – 1.0.11
10-22-2022 @ 08:52:45 -     One Click Accessibility by One Click Accessibility – 2.0.3
10-22-2022 @ 08:52:45 -     Testimonial Rotator by Hal Gatewood – 3.0.3
10-22-2022 @ 08:52:45 -     The Events Calendar: Filter Bar by The Events Calendar – 5.4.0
10-22-2022 @ 08:52:45 -     The Events Calendar by The Events Calendar – 6.0.1
10-22-2022 @ 08:52:45 -     Import Export WordPress Users and WooCommerce Customers by WebToffee – 2.3.4
10-22-2022 @ 08:52:45 -     VdoCipher by VdoCipher – 1.27
10-22-2022 @ 08:52:45 -     Preview E-mails for WooCommerce by Digamber Pradhan – 2.1.1
10-22-2022 @ 08:52:45 -     WooCommerce Stripe Gateway by WooCommerce – 6.9.0
10-22-2022 @ 08:52:45 -     WooCommerce PayPal Payments by WooCommerce – 1.9.4
10-22-2022 @ 08:52:45 -     WooCommerce Subscriptions Gifting by WooCommerce – 2.1.2
10-22-2022 @ 08:52:45 -     WooCommerce Subscriptions by WooCommerce – 4.6.0
10-22-2022 @ 08:52:45 -     WooCommerce by Automattic – 7.0.0
10-22-2022 @ 08:52:45 -     MyRewards by Long Watch Studio – 4.9.7.1
10-22-2022 @ 08:52:45 -     Yoast SEO by Team Yoast – 19.8
10-22-2022 @ 08:52:45 -     WP Bouncer by strangerstudios, Andrew Norcross – 1.5
10-22-2022 @ 08:52:45 -     WP Mail SMTP by WPForms – 3.6.1
10-22-2022 @ 08:52:45 -     WP Maintenance Mode & Coming Soon by Themeisle – 2.5.4
