07-07-2023 @ 10:05:41 - 5.8.0 upgrade complete from Subscriptions v5.7.1 while WooCommerce WC_VERSION 7.8.2 and database version 7.8.2 was active.
07-07-2023 @ 10:05:41 - Environment info:
07-07-2023 @ 10:05:41 -     WordPress Version : 6.2.2
07-07-2023 @ 10:05:41 - Active Plugins:
07-07-2023 @ 10:05:41 -     Livemesh Addons for Elementor by Livemesh – 7.9
07-07-2023 @ 10:05:41 -     Really Simple Featured Video by Small Town Dev, Co. – 0.7.1
07-07-2023 @ 10:05:41 -     Ocean Extra by OceanWP – 2.1.7
07-07-2023 @ 10:05:41 -     Advanced Custom Fields by WP Engine – 6.1.7
07-07-2023 @ 10:05:41 -     Better Notifications for WP by Made with Fuel – 1.9.3
07-07-2023 @ 10:05:41 -     Contact Form 7 by Takayuki Miyoshi – 5.7.7
07-07-2023 @ 10:05:41 -     WooCommerce Coupon Generator by Jeroen Sormani – 1.2.0
07-07-2023 @ 10:05:41 -     Custom Permalinks by Sami Ahmed Siddiqui – 2.5.2
07-07-2023 @ 10:05:41 -     Elementor by Elementor.com – 3.14.1
07-07-2023 @ 10:05:41 -     Essential Addons for Elementor by WPDeveloper – 5.8.1
07-07-2023 @ 10:05:41 -     Event Tickets Plus by The Events Calendar – 5.7.2
07-07-2023 @ 10:05:41 -     Event Tickets by The Events Calendar – 5.6.2
07-07-2023 @ 10:05:41 -     The Events Calendar Pro by The Events Calendar – 6.1.0
07-07-2023 @ 10:05:41 -     The Events Calendar: Virtual Events by The Events Calendar – 1.15.1
07-07-2023 @ 10:05:41 -     GDPR by Trew Knowledge – 2.1.2
07-07-2023 @ 10:05:41 -     Google Analytics for WordPress by MonsterInsights by MonsterInsights – 8.17
07-07-2023 @ 10:05:41 -     Header and Footer Scripts by Digital Liberation – 2.2.1
07-07-2023 @ 10:05:41 -     Kadence WooCommerce Email Designer by Kadence WP – 1.5.11
07-07-2023 @ 10:05:41 -     Mailchimp for WooCommerce by Mailchimp – 2.8.3
07-07-2023 @ 10:05:41 -     Meta Tag Manager by Marcus Sykes – 3.0.2
07-07-2023 @ 10:05:41 -     Ocean Demo Import by OceanWP – 1.0.11
07-07-2023 @ 10:05:41 -     One Click Accessibility by One Click Accessibility – 2.1.0
07-07-2023 @ 10:05:41 -     Testimonial Rotator by Hal Gatewood – 3.0.3
07-07-2023 @ 10:05:41 -     The Events Calendar: Filter Bar by The Events Calendar – 5.5.0
07-07-2023 @ 10:05:41 -     The Events Calendar by The Events Calendar – 6.1.2.2
07-07-2023 @ 10:05:41 -     Import Export WordPress Users and WooCommerce Customers by WebToffee – 2.4.1
07-07-2023 @ 10:05:41 -     VdoCipher by VdoCipher – 1.29
07-07-2023 @ 10:05:41 -     Preview E-mails for WooCommerce by Digamber Pradhan – 2.1.3
07-07-2023 @ 10:05:41 -     WooCommerce Stripe Gateway by WooCommerce – 7.4.1
07-07-2023 @ 10:05:41 -     WooCommerce PayPal Payments by WooCommerce – 2.1.0
07-07-2023 @ 10:05:41 -     WooCommerce Subscriptions Gifting by WooCommerce – 2.1.2
07-07-2023 @ 10:05:41 -     WooCommerce Subscriptions by WooCommerce – 5.2.0
07-07-2023 @ 10:05:41 -     WooCommerce by Automattic – 7.8.2
07-07-2023 @ 10:05:41 -     MyRewards by Long Watch Studio – 5.0.11
07-07-2023 @ 10:05:41 -     Yoast SEO by Team Yoast – 20.7
07-07-2023 @ 10:05:41 -     WP Bouncer - Limit Simultaneous Logins by Stranger Studios – 1.5.1
07-07-2023 @ 10:05:41 -     WP Mail SMTP by WP Mail SMTP – 3.8.0
07-07-2023 @ 10:05:41 -     LightStart - Maintenance Mode, Coming Soon and Landing Page Builder by Themeisle – 2.6.8
