05-11-2023 @ 10:18:32 - 5.7.1 upgrade complete from Subscriptions v5.1.0 while WooCommerce WC_VERSION 7.7.0 and database version 7.5.0 was active.
05-11-2023 @ 10:18:32 - Environment info:
05-11-2023 @ 10:18:32 -     WordPress Version : 6.1.1
05-11-2023 @ 10:18:32 - Active Plugins:
05-11-2023 @ 10:18:32 -     Really Simple Featured Video by Small Town Dev, Co. – 0.6.0
05-11-2023 @ 10:18:32 -     Ocean Extra by OceanWP – 2.1.6
05-11-2023 @ 10:18:32 -     Livemesh Addons for Elementor by Livemesh – 7.5
05-11-2023 @ 10:18:32 -     Advanced Custom Fields by WP Engine – 6.1.6
05-11-2023 @ 10:18:32 -     Better Notifications for WP by Made with Fuel – 1.9.2
05-11-2023 @ 10:18:32 -     Contact Form 7 by Takayuki Miyoshi – 5.7.6
05-11-2023 @ 10:18:32 -     WooCommerce Coupon Generator by Jeroen Sormani – 1.2.0
05-11-2023 @ 10:18:32 -     Custom Permalinks by Sami Ahmed Siddiqui – 2.5.2
05-11-2023 @ 10:18:32 -     Elementor by Elementor.com – 3.13.1
05-11-2023 @ 10:18:32 -     Essential Addons for Elementor by WPDeveloper – 5.7.2
05-11-2023 @ 10:18:32 -     Event Tickets Plus by The Events Calendar – 5.6.10
05-11-2023 @ 10:18:32 -     Event Tickets by The Events Calendar – 5.5.11.1
05-11-2023 @ 10:18:32 -     The Events Calendar Pro by The Events Calendar – 6.0.12
05-11-2023 @ 10:18:32 -     The Events Calendar: Virtual Events by The Events Calendar – 1.13.6
05-11-2023 @ 10:18:32 -     GDPR by Trew Knowledge – 2.1.2
05-11-2023 @ 10:18:32 -     Google Analytics for WordPress by MonsterInsights by MonsterInsights – 8.14.1
05-11-2023 @ 10:18:32 -     Header and Footer Scripts by Digital Liberation – 2.2.1
05-11-2023 @ 10:18:32 -     Kadence WooCommerce Email Designer by Kadence WP – 1.5.10
05-11-2023 @ 10:18:32 -     Mailchimp for WooCommerce by Mailchimp – 2.8.3
05-11-2023 @ 10:18:32 -     Meta Tag Manager by Marcus Sykes – 3.0.2
05-11-2023 @ 10:18:32 -     Ocean Demo Import by OceanWP – 1.0.11
05-11-2023 @ 10:18:32 -     One Click Accessibility by One Click Accessibility – 2.1.0
05-11-2023 @ 10:18:32 -     Testimonial Rotator by Hal Gatewood – 3.0.3
05-11-2023 @ 10:18:32 -     The Events Calendar: Filter Bar by The Events Calendar – 5.4.4
05-11-2023 @ 10:18:32 -     The Events Calendar by The Events Calendar – 6.0.13
05-11-2023 @ 10:18:32 -     Import Export WordPress Users and WooCommerce Customers by WebToffee – 2.3.9
05-11-2023 @ 10:18:32 -     VdoCipher by VdoCipher – 1.29
05-11-2023 @ 10:18:32 -     Preview E-mails for WooCommerce by Digamber Pradhan – 2.1.1
05-11-2023 @ 10:18:32 -     WooCommerce Stripe Gateway by WooCommerce – 7.4.0
05-11-2023 @ 10:18:32 -     WooCommerce PayPal Payments by WooCommerce – 2.0.4
05-11-2023 @ 10:18:32 -     WooCommerce Subscriptions Gifting by WooCommerce – 2.1.2
05-11-2023 @ 10:18:32 -     WooCommerce Subscriptions by WooCommerce – 5.1.2
05-11-2023 @ 10:18:32 -     WooCommerce by Automattic – 7.7.0
05-11-2023 @ 10:18:32 -     MyRewards by Long Watch Studio – 5.0.8
05-11-2023 @ 10:18:32 -     Yoast SEO by Team Yoast – 20.7
05-11-2023 @ 10:18:32 -     WP Bouncer - Limit Simultaneous Logins by Stranger Studios – 1.5.1
05-11-2023 @ 10:18:32 -     WP Mail SMTP by WP Mail SMTP – 3.8.0
05-11-2023 @ 10:18:32 -     LightStart - Maintenance Mode, Coming Soon and Landing Page Builder by Themeisle – 2.6.7
