01-04-2023 @ 07:14:14 - 5.1.0 upgrade complete from Subscriptions v4.6.0 while WooCommerce WC_VERSION 7.2.2 and database version 7.1.0 was active.
01-04-2023 @ 07:14:14 - Environment info:
01-04-2023 @ 07:14:14 -     WordPress Version : 6.1.1
01-04-2023 @ 07:14:14 - Active Plugins:
01-04-2023 @ 07:14:14 -     Ocean Extra by OceanWP – 2.0.6
01-04-2023 @ 07:14:14 -     Livemesh Addons for Elementor by Livemesh – 7.2.4
01-04-2023 @ 07:14:14 -     Advanced Custom Fields by WP Engine – 6.0.6
01-04-2023 @ 07:14:14 -     Better Notifications for WP by Made with Fuel – 1.9.1
01-04-2023 @ 07:14:14 -     Contact Form 7 by Takayuki Miyoshi – 5.7.2
01-04-2023 @ 07:14:14 -     WooCommerce Coupon Generator by Jeroen Sormani – 1.2.0
01-04-2023 @ 07:14:14 -     Custom Permalinks by Sami Ahmed Siddiqui – 2.4.0
01-04-2023 @ 07:14:14 -     Elementor by Elementor.com – 3.9.2
01-04-2023 @ 07:14:14 -     Essential Addons for Elementor by WPDeveloper – 5.5.2
01-04-2023 @ 07:14:14 -     Event Tickets Plus by The Events Calendar – 5.6.4
01-04-2023 @ 07:14:14 -     Event Tickets by The Events Calendar – 5.5.5
01-04-2023 @ 07:14:14 -     The Events Calendar PRO by The Events Calendar – 6.0.5.1
01-04-2023 @ 07:14:14 -     The Events Calendar: Virtual Events by The Events Calendar – 1.13.3
01-04-2023 @ 07:14:14 -     GDPR by Trew Knowledge – 2.1.2
01-04-2023 @ 07:14:14 -     Google Analytics for WordPress by MonsterInsights by MonsterInsights – 8.11.0
01-04-2023 @ 07:14:14 -     Header and Footer Scripts by Digital Liberation – 2.2.1
01-04-2023 @ 07:14:14 -     Kadence WooCommerce Email Designer by Kadence WP – 1.5.7
01-04-2023 @ 07:14:14 -     Mailchimp for WooCommerce by Mailchimp – 2.7.6
01-04-2023 @ 07:14:14 -     Meta Tag Manager by Marcus Sykes – 3.0.2
01-04-2023 @ 07:14:14 -     Ocean Demo Import by OceanWP – 1.0.11
01-04-2023 @ 07:14:14 -     One Click Accessibility by One Click Accessibility – 2.1.0
01-04-2023 @ 07:14:14 -     Really Simple Featured Video by Krishna Kant Chourasiya – 0.5.5
01-04-2023 @ 07:14:14 -     Testimonial Rotator by Hal Gatewood – 3.0.3
01-04-2023 @ 07:14:14 -     The Events Calendar: Filter Bar by The Events Calendar – 5.4.1
01-04-2023 @ 07:14:14 -     The Events Calendar by The Events Calendar – 6.0.6.2
01-04-2023 @ 07:14:14 -     Import Export WordPress Users and WooCommerce Customers by WebToffee – 2.3.6
01-04-2023 @ 07:14:14 -     VdoCipher by VdoCipher – 1.27
01-04-2023 @ 07:14:14 -     Preview E-mails for WooCommerce by Digamber Pradhan – 2.1.1
01-04-2023 @ 07:14:14 -     WooCommerce Stripe Gateway by WooCommerce – 7.0.1
01-04-2023 @ 07:14:14 -     WooCommerce PayPal Payments by WooCommerce – 2.0.1
01-04-2023 @ 07:14:14 -     WooCommerce Subscriptions Gifting by WooCommerce – 2.1.2
01-04-2023 @ 07:14:14 -     WooCommerce Subscriptions by WooCommerce – 4.7.0
01-04-2023 @ 07:14:14 -     WooCommerce by Automattic – 7.2.2
01-04-2023 @ 07:14:14 -     MyRewards by Long Watch Studio – 4.9.8.1
01-04-2023 @ 07:14:14 -     Yoast SEO by Team Yoast – 19.13
01-04-2023 @ 07:14:14 -     WP Bouncer by strangerstudios, Andrew Norcross – 1.5
01-04-2023 @ 07:14:14 -     WP Mail SMTP by WPForms – 3.7.0
01-04-2023 @ 07:14:14 -     LightStart - Maintenance Mode, Coming Soon and Landing Page Builder by Themeisle – 2.6.2
