04-28-2021 @ 04:16:07 - ---[ New import started at 2021-04-28 11:16:07 ] PHP Memory: 512 MB, WP Memory: 40 MB
04-28-2021 @ 04:16:07 - Preparing for import.
04-28-2021 @ 04:16:07 - Row :1 - Parsing item.
04-28-2021 @ 04:16:07 - Row :1 - Parsing failed. Reason: User with same Email already exists. Email: test123459@gmail.com
04-28-2021 @ 04:16:07 - Row :2 - Parsing item.
04-28-2021 @ 04:16:07 - Row :2 - Parsing failed. Reason: User with same Email already exists. Email: junaiddar1@gmail.com
04-28-2021 @ 04:16:07 - Row :3 - Parsing item.
04-28-2021 @ 04:16:07 - Row :3 - Parsing failed. Reason: User with same Email already exists. Email: drricci@me.com
04-28-2021 @ 04:16:07 - Row :4 - Parsing item.
04-28-2021 @ 04:16:07 - Row :4 - Parsing failed. Reason: User with same Email already exists. Email: acspalding@gmail.com
04-28-2021 @ 04:16:07 - Row :5 - Parsing item.
04-28-2021 @ 04:16:07 - Row :5 - Parsing failed. Reason: User with same Email already exists. Email: adamtkrause@gmail.com
04-28-2021 @ 04:16:07 - Row :6 - Parsing item.
04-28-2021 @ 04:16:07 - Row :6 - Parsing failed. Reason: User with same Email already exists. Email: ads.andrew@gmail.com
04-28-2021 @ 04:16:07 - Row :7 - Parsing item.
04-28-2021 @ 04:16:07 - Row :7 - Parsing failed. Reason: User with same Email already exists. Email: ajandrews0918@gmail.com
04-28-2021 @ 04:16:07 - Row :8 - Parsing item.
04-28-2021 @ 04:16:07 - Row :8 - Parsing failed. Reason: User with same Email already exists. Email: alan@sofisslice.com
04-28-2021 @ 04:16:07 - Row :9 - Parsing item.
04-28-2021 @ 04:16:07 - Row :9 - Parsing failed. Reason: User with same Email already exists. Email: aponzo@theroyalhotel.ca
04-28-2021 @ 04:16:07 - Row :10 - Parsing item.
04-28-2021 @ 04:16:07 - Row :10 - Parsing failed. Reason: User with same Email already exists. Email: ale.mantega4@gmail.com
04-28-2021 @ 04:16:07 - Row :11 - Parsing item.
04-28-2021 @ 04:16:07 - Row :11 - Parsing failed. Reason: User with same Email already exists. Email: alexdeutschland84@gmail.com
04-28-2021 @ 04:16:07 - Row :12 - Parsing item.
04-28-2021 @ 04:16:07 - Row :12 - Parsing failed. Reason: User with same Email already exists. Email: Allan.Machado2011@gmail.com
04-28-2021 @ 04:16:07 - Row :13 - Parsing item.
04-28-2021 @ 04:16:07 - Row :13 - Parsing failed. Reason: User with same Email already exists. Email: agcircus@aol.com
04-28-2021 @ 04:16:07 - Row :14 - Parsing item.
04-28-2021 @ 04:16:07 - Row :14 - Parsing failed. Reason: User with same Email already exists. Email: agorton@towerpr.com
04-28-2021 @ 04:16:07 - Row :15 - Parsing item.
04-28-2021 @ 04:16:07 - Row :15 - Parsing failed. Reason: User with same Email already exists. Email: andrewg@iquestinc.com
04-28-2021 @ 04:16:07 - Row :16 - Parsing item.
04-28-2021 @ 04:16:07 - Row :16 - Parsing failed. Reason: User with same Email already exists. Email: andrew@tennishockey.com
04-28-2021 @ 04:16:07 - Row :17 - Parsing item.
04-28-2021 @ 04:16:07 - Row :17 - Parsing failed. Reason: User with same Email already exists. Email: leeatwellking@gmail.com
04-28-2021 @ 04:16:07 - Row :18 - Parsing item.
04-28-2021 @ 04:16:07 - Row :18 - Parsing failed. Reason: User with same Email already exists. Email: ari@unidencellular.com
04-28-2021 @ 04:16:07 - Row :19 - Parsing item.
04-28-2021 @ 04:16:07 - Row :19 - Parsing failed. Reason: User with same Email already exists. Email: armstrongacp@gmail.com
04-28-2021 @ 04:16:07 - Row :20 - Parsing item.
04-28-2021 @ 04:16:07 - Row :20 - Parsing failed. Reason: User with same Email already exists. Email: alex.johnson@scvi-k12.org
04-28-2021 @ 04:16:07 - Row :21 - Parsing item.
04-28-2021 @ 04:16:07 - Row :21 - Parsing failed. Reason: User with same Email already exists. Email: muhammad.asad@rezaid.co.uk
04-28-2021 @ 04:16:07 - Row :22 - Parsing item.
04-28-2021 @ 04:16:07 - Row :22 - Parsing failed. Reason: User with same Email already exists. Email: asadtesting1234@gmail.com
04-28-2021 @ 04:16:07 - Row :23 - Parsing item.
04-28-2021 @ 04:16:07 - Row :23 - Parsing failed. Reason: User with same Email already exists. Email: asadasadasad@gmail.com
04-28-2021 @ 04:16:07 - Row :24 - Parsing item.
04-28-2021 @ 04:16:07 - Row :24 - Parsing failed. Reason: User with same Email already exists. Email: atoneworks@gmail.com
04-28-2021 @ 04:16:07 - Row :25 - Parsing item.
04-28-2021 @ 04:16:07 - Row :25 - Parsing failed. Reason: User with same Email already exists. Email: zalkin.alex@gmail.com
04-28-2021 @ 04:16:07 - Row :26 - Parsing item.
04-28-2021 @ 04:16:07 - Row :26 - Parsing failed. Reason: User with same Email already exists. Email: barbarawatson33@gmail.com
04-28-2021 @ 04:16:07 - Row :27 - Parsing item.
04-28-2021 @ 04:16:07 - Row :27 - Parsing failed. Reason: User with same Email already exists. Email: bathani514@gmail.com
04-28-2021 @ 04:16:07 - Row :28 - Parsing item.
04-28-2021 @ 04:16:07 - Row :28 - Parsing failed. Reason: User with same Email already exists. Email: lstott@windstream.net
04-28-2021 @ 04:16:07 - Row :29 - Parsing item.
04-28-2021 @ 04:16:07 - Row :29 - Parsing failed. Reason: User with same Email already exists. Email: bensbreadseattle@gmail.com
04-28-2021 @ 04:16:07 - Row :30 - Parsing item.
04-28-2021 @ 04:16:07 - Row :30 - Parsing failed. Reason: User with same Email already exists. Email: bilal.nasir@rezaid.co.uk
04-28-2021 @ 04:16:07 - Row :31 - Parsing item.
04-28-2021 @ 04:16:07 - Row :31 - Parsing failed. Reason: User with same Email already exists. Email: leroy.shannendoherty@gmail.com
04-28-2021 @ 04:16:07 - Row :32 - Parsing item.
04-28-2021 @ 04:16:07 - Row :32 - Parsing failed. Reason: User with same Email already exists. Email: brad.rosa@gmail.com
04-28-2021 @ 04:16:07 - Row :33 - Parsing item.
04-28-2021 @ 04:16:07 - Row :33 - Parsing failed. Reason: User with same Email already exists. Email: briaboyington@gmail.com
04-28-2021 @ 04:16:07 - Row :34 - Parsing item.
04-28-2021 @ 04:16:07 - Row :34 - Parsing failed. Reason: User with same Email already exists. Email: briancc@optonline.net
04-28-2021 @ 04:16:07 - Row :35 - Parsing item.
04-28-2021 @ 04:16:07 - Row :35 - Parsing failed. Reason: User with same Email already exists. Email: braisedandinfused@gmail.com
04-28-2021 @ 04:16:07 - Row :36 - Parsing item.
04-28-2021 @ 04:16:07 - Row :36 - Parsing failed. Reason: User with same Email already exists. Email: gm@theparamountla.com
04-28-2021 @ 04:16:07 - Row :37 - Parsing item.
04-28-2021 @ 04:16:07 - Row :37 - Parsing failed. Reason: User with same Email already exists. Email: buster@benson.fm
04-28-2021 @ 04:16:07 - Row :38 - Parsing item.
04-28-2021 @ 04:16:07 - Row :38 - Parsing failed. Reason: User with same Email already exists. Email: max.lanman@gmail.com
04-28-2021 @ 04:16:07 - Row :39 - Parsing item.
04-28-2021 @ 04:16:07 - Row :39 - Parsing failed. Reason: User with same Email already exists. Email: asdf@debsmail.com
04-28-2021 @ 04:16:07 - Row :40 - Parsing item.
04-28-2021 @ 04:16:07 - Row :40 - Parsing failed. Reason: User with same Email already exists. Email: chas@burratapizza.com
04-28-2021 @ 04:16:07 - Row :41 - Parsing item.
04-28-2021 @ 04:16:07 - Row :41 - Parsing failed. Reason: User with same Email already exists. Email: cheaprewardspdx@gmail.com
04-28-2021 @ 04:16:07 - Row :42 - Parsing item.
04-28-2021 @ 04:16:07 - Row :42 - Parsing failed. Reason: User with same Email already exists. Email: thechef101@hotmail.com
04-28-2021 @ 04:16:07 - Row :43 - Parsing item.
04-28-2021 @ 04:16:07 - Row :43 - Parsing failed. Reason: User with same Email already exists. Email: chefdmurphy@gmail.com
04-28-2021 @ 04:16:07 - Row :44 - Parsing item.
04-28-2021 @ 04:16:07 - Row :44 - Parsing failed. Reason: User with same Email already exists. Email: joshuaplaysviola@gmail.com
04-28-2021 @ 04:16:07 - Row :45 - Parsing item.
04-28-2021 @ 04:16:07 - Row :45 - Parsing failed. Reason: User with same Email already exists. Email: Chefshanemac@gmail.com
04-28-2021 @ 04:16:07 - Row :46 - Parsing item.
04-28-2021 @ 04:16:07 - Row :46 - Parsing failed. Reason: User with same Email already exists. Email: asliceofnj@gmail.com
04-28-2021 @ 04:16:07 - Row :47 - Parsing item.
04-28-2021 @ 04:16:07 - Row :47 - Parsing failed. Reason: User with same Email already exists. Email: chiphazewski@gmail.com
04-28-2021 @ 04:16:07 - Row :48 - Parsing item.
04-28-2021 @ 04:16:07 - Row :48 - Parsing failed. Reason: User with same Email already exists. Email: chrispnowlin@gmail.com
04-28-2021 @ 04:16:07 - Row :49 - Parsing item.
04-28-2021 @ 04:16:07 - Row :49 - Parsing failed. Reason: User with same Email already exists. Email: chuppert@midmark.com
04-28-2021 @ 04:16:07 - Row :50 - Parsing item.
04-28-2021 @ 04:16:07 - Row :50 - Parsing failed. Reason: User with same Email already exists. Email: cjpn318@gmail.com
04-28-2021 @ 04:16:07 - Row :51 - Parsing item.
04-28-2021 @ 04:16:07 - Row :51 - Parsing failed. Reason: User with same Email already exists. Email: christophermartensen@gmail.com
04-28-2021 @ 04:16:07 - Row :52 - Parsing item.
04-28-2021 @ 04:16:07 - Row :52 - Parsing failed. Reason: User with same Email already exists. Email: coffeyanthony@gmail.com
04-28-2021 @ 04:16:07 - Row :53 - Parsing item.
04-28-2021 @ 04:16:07 - Row :53 - Parsing failed. Reason: User with same Email already exists. Email: corbettkb@yahoo.com
04-28-2021 @ 04:16:07 - Row :54 - Parsing item.
04-28-2021 @ 04:16:07 - Row :54 - Parsing failed. Reason: User with same Email already exists. Email: cordecker@gmail.com
04-28-2021 @ 04:16:07 - Row :55 - Parsing item.
04-28-2021 @ 04:16:07 - Row :55 - Parsing failed. Reason: User with same Email already exists. Email: cosmicpiepizza@gmail.com
04-28-2021 @ 04:16:07 - Row :56 - Parsing item.
04-28-2021 @ 04:16:07 - Row :56 - Parsing failed. Reason: User with same Email already exists. Email: chad.f.peters@gmail.com
04-28-2021 @ 04:16:07 - Row :57 - Parsing item.
04-28-2021 @ 04:16:07 - Row :57 - Parsing failed. Reason: User with same Email already exists. Email: csewell88@gmail.com
04-28-2021 @ 04:16:07 - Row :58 - Parsing item.
04-28-2021 @ 04:16:07 - Row :58 - Parsing failed. Reason: User with same Email already exists. Email: cskoch88@gmail.com
04-28-2021 @ 04:16:07 - Row :59 - Parsing item.
04-28-2021 @ 04:16:07 - Row :59 - Parsing failed. Reason: User with same Email already exists. Email: cwoflinn@gmail.com
04-28-2021 @ 04:16:07 - Row :60 - Parsing item.
04-28-2021 @ 04:16:07 - Row :60 - Parsing failed. Reason: User with same Email already exists. Email: clarazavani@gmail.com
04-28-2021 @ 04:16:07 - Row :61 - Parsing item.
04-28-2021 @ 04:16:07 - Row :61 - Parsing failed. Reason: User with same Email already exists. Email: d.f.walker01@gmail.com
04-28-2021 @ 04:16:07 - Row :62 - Parsing item.
04-28-2021 @ 04:16:07 - Row :62 - Parsing failed. Reason: User with same Email already exists. Email: dan_lorenzini@hotmail.com
04-28-2021 @ 04:16:07 - Row :63 - Parsing item.
04-28-2021 @ 04:16:07 - Row :63 - Parsing failed. Reason: User with same Email already exists. Email: dannyboy_perez@hotmail.com
04-28-2021 @ 04:16:07 - Row :64 - Parsing item.
04-28-2021 @ 04:16:07 - Row :64 - Parsing failed. Reason: User with same Email already exists. Email: dan@razzanj.com
04-28-2021 @ 04:16:07 - Row :65 - Parsing item.
04-28-2021 @ 04:16:07 - Row :65 - Parsing failed. Reason: User with same Email already exists. Email: davereeves84@gmail.com
04-28-2021 @ 04:16:07 - Row :66 - Parsing item.
04-28-2021 @ 04:16:07 - Row :66 - Parsing failed. Reason: User with same Email already exists. Email: work@workalicious.com
04-28-2021 @ 04:16:07 - Row :67 - Parsing item.
04-28-2021 @ 04:16:07 - Row :67 - Parsing failed. Reason: User with same Email already exists. Email: david-mcintyre@hotmail.com
04-28-2021 @ 04:16:07 - Row :68 - Parsing item.
04-28-2021 @ 04:16:07 - Row :68 - Parsing failed. Reason: User with same Email already exists. Email: david@orthomedctr.com
04-28-2021 @ 04:16:07 - Row :69 - Parsing item.
04-28-2021 @ 04:16:07 - Row :69 - Parsing failed. Reason: User with same Email already exists. Email: dfderay@gmail.com
04-28-2021 @ 04:16:07 - Row :70 - Parsing item.
04-28-2021 @ 04:16:07 - Row :70 - Parsing failed. Reason: User with same Email already exists. Email: daviddyke88@gmail.com
04-28-2021 @ 04:16:07 - Row :71 - Parsing item.
04-28-2021 @ 04:16:07 - Row :71 - Parsing failed. Reason: User with same Email already exists. Email: davidmzucker@gmail.com
04-28-2021 @ 04:16:07 - Row :72 - Parsing item.
04-28-2021 @ 04:16:07 - Row :72 - Parsing failed. Reason: User with same Email already exists. Email: bizarrebrewing@gmail.com
04-28-2021 @ 04:16:07 - Row :73 - Parsing item.
04-28-2021 @ 04:16:07 - Row :73 - Parsing failed. Reason: User with same Email already exists. Email: bcdwilliams@cyg.net
04-28-2021 @ 04:16:07 - Row :74 - Parsing item.
04-28-2021 @ 04:16:07 - Row :74 - Parsing failed. Reason: User with same Email already exists. Email: chrisdegregorio@gmail.com
04-28-2021 @ 04:16:07 - Row :75 - Parsing item.
04-28-2021 @ 04:16:07 - Row :75 - Parsing failed. Reason: User with same Email already exists. Email: muhfaisal90@hotmail.com
04-28-2021 @ 04:16:07 - Row :76 - Parsing item.
04-28-2021 @ 04:16:07 - Row :76 - Parsing failed. Reason: User with same Email already exists. Email: coryrosenberg@gmail.com
04-28-2021 @ 04:16:07 - Row :77 - Parsing item.
04-28-2021 @ 04:16:07 - Row :77 - Parsing failed. Reason: User with same Email already exists. Email: mikejonesphoto@gmail.com
04-28-2021 @ 04:16:07 - Row :78 - Parsing item.
04-28-2021 @ 04:16:07 - Row :78 - Parsing failed. Reason: User with same Email already exists. Email: dimpap800@gmail.com
04-28-2021 @ 04:16:07 - Row :79 - Parsing item.
04-28-2021 @ 04:16:07 - Row :79 - Parsing failed. Reason: User with same Email already exists. Email: djkimmich@gmail.com
04-28-2021 @ 04:16:07 - Row :80 - Parsing item.
04-28-2021 @ 04:16:07 - Row :80 - Parsing failed. Reason: User with same Email already exists. Email: drewbehnke@gmail.com
04-28-2021 @ 04:16:07 - Row :81 - Parsing item.
04-28-2021 @ 04:16:07 - Row :81 - Parsing failed. Reason: User with same Email already exists. Email: drrmrich@yahoo.com
04-28-2021 @ 04:16:07 - Row :82 - Parsing item.
04-28-2021 @ 04:16:07 - Row :82 - Parsing failed. Reason: User with same Email already exists. Email: duaa.khan@rezaid.co.uk
04-28-2021 @ 04:16:07 - Row :83 - Parsing item.
04-28-2021 @ 04:16:07 - Row :83 - Parsing failed. Reason: User with same Email already exists. Email: ecasey42@gmail.com
04-28-2021 @ 04:16:07 - Row :84 - Parsing item.
04-28-2021 @ 04:16:07 - Row :84 - Parsing failed. Reason: User with same Email already exists. Email: efip331@gmail.com
04-28-2021 @ 04:16:07 - Row :85 - Parsing item.
04-28-2021 @ 04:16:07 - Row :85 - Parsing failed. Reason: User with same Email already exists. Email: ejl1956@gmail.com
04-28-2021 @ 04:16:07 - Row :86 - Parsing item.
04-28-2021 @ 04:16:07 - Row :86 - Parsing failed. Reason: User with same Email already exists. Email: emilsevega@hotmail.com
04-28-2021 @ 04:16:07 - Row :87 - Parsing item.
04-28-2021 @ 04:16:07 - Row :87 - Parsing failed. Reason: User with same Email already exists. Email: erica@erica-henderson.com
04-28-2021 @ 04:16:07 - Row :88 - Parsing item.
04-28-2021 @ 04:16:07 - Row :88 - Parsing failed. Reason: User with same Email already exists. Email: erincarmen1@gmail.com
04-28-2021 @ 04:16:07 - Row :89 - Parsing item.
04-28-2021 @ 04:16:07 - Row :89 - Parsing failed. Reason: User with same Email already exists. Email: evanscott5@me.com
04-28-2021 @ 04:16:07 - Row :90 - Parsing item.
04-28-2021 @ 04:16:07 - Row :90 - Parsing failed. Reason: User with same Email already exists. Email: muhfaisal88@hotmail.com
04-28-2021 @ 04:16:07 - Row :91 - Parsing item.
04-28-2021 @ 04:16:07 - Row :91 - Parsing failed. Reason: User with same Email already exists. Email: muhammad.faisal@rezaid.co.uk
04-28-2021 @ 04:16:07 - Row :92 - Parsing item.
04-28-2021 @ 04:16:07 - Row :92 - Parsing failed. Reason: User with same Email already exists. Email: faisal.hameed@rezaid.co.uk
04-28-2021 @ 04:16:07 - Row :93 - Parsing item.
04-28-2021 @ 04:16:07 - Row :93 - Parsing failed. Reason: User with same Email already exists. Email: testtesttest@mailinator.com
04-28-2021 @ 04:16:07 - Row :94 - Parsing item.
04-28-2021 @ 04:16:07 - Row :94 - Parsing failed. Reason: User with same Email already exists. Email: nathan@elevatedgastronomy.com
04-28-2021 @ 04:16:07 - Row :95 - Parsing item.
04-28-2021 @ 04:16:07 - Row :95 - Parsing failed. Reason: User with same Email already exists. Email: 1414glendale@gmail.com
04-28-2021 @ 04:16:07 - Row :96 - Parsing item.
04-28-2021 @ 04:16:07 - Row :96 - Parsing failed. Reason: User with same Email already exists. Email: fluxgroup@gmail.com
04-28-2021 @ 04:16:07 - Row :97 - Parsing item.
04-28-2021 @ 04:16:07 - Row :97 - Parsing failed. Reason: User with same Email already exists. Email: frankorga2479@yahoo.com
04-28-2021 @ 04:16:07 - Row :98 - Parsing item.
04-28-2021 @ 04:16:07 - Row :98 - Parsing failed. Reason: User with same Email already exists. Email: fred@theinterestco.com
04-28-2021 @ 04:16:07 - Row :99 - Parsing item.
04-28-2021 @ 04:16:07 - Row :99 - Parsing failed. Reason: User with same Email already exists. Email: fsccorn@gmail.com
04-28-2021 @ 04:16:07 - Row :100 - Parsing item.
04-28-2021 @ 04:16:07 - Row :100 - Parsing failed. Reason: User with same Email already exists. Email: fscoorn@gmail.com
04-28-2021 @ 04:16:07 - Row :101 - Parsing item.
04-28-2021 @ 04:16:07 - Row :101 - Parsing failed. Reason: User with same Email already exists. Email: gagasgrandmapies@gmail.com
04-28-2021 @ 04:16:07 - Row :102 - Parsing item.
04-28-2021 @ 04:16:07 - Row :102 - Parsing failed. Reason: User with same Email already exists. Email: richard@schooldev.us
04-28-2021 @ 04:16:07 - Row :103 - Parsing item.
04-28-2021 @ 04:16:07 - Row :103 - Parsing failed. Reason: User with same Email already exists. Email: giaramita@gmail.com
04-28-2021 @ 04:16:07 - Row :104 - Parsing item.
04-28-2021 @ 04:16:07 - Row :104 - Parsing failed. Reason: User with same Email already exists. Email: ginnybliss@gmail.com
04-28-2021 @ 04:16:07 - Row :105 - Parsing item.
04-28-2021 @ 04:16:07 - Row :105 - Parsing failed. Reason: User with same Email already exists. Email: go4itanak@gmail.com
04-28-2021 @ 04:16:07 - Row :106 - Parsing item.
04-28-2021 @ 04:16:07 - Row :106 - Parsing failed. Reason: User with same Email already exists. Email: gene.oliva@gmail.com
04-28-2021 @ 04:16:07 - Row :107 - Parsing item.
04-28-2021 @ 04:16:07 - Row :107 - Parsing failed. Reason: User with same Email already exists. Email: danavinson@gmail.com
04-28-2021 @ 04:16:07 - Row :108 - Parsing item.
04-28-2021 @ 04:16:07 - Row :108 - Parsing failed. Reason: User with same Email already exists. Email: gregory.sturgis@gmail.com
04-28-2021 @ 04:16:07 - Row :109 - Parsing item.
04-28-2021 @ 04:16:07 - Row :109 - Parsing failed. Reason: User with same Email already exists. Email: gregoryshope@gmail.com
04-28-2021 @ 04:16:07 - Row :110 - Parsing item.
04-28-2021 @ 04:16:07 - Row :110 - Parsing failed. Reason: User with same Email already exists. Email: gregoryshopd@yahoo.com
04-28-2021 @ 04:16:07 - Row :111 - Parsing item.
04-28-2021 @ 04:16:07 - Row :111 - Parsing failed. Reason: User with same Email already exists. Email: gregoryshope@yahoo.com
04-28-2021 @ 04:16:07 - Row :112 - Parsing item.
04-28-2021 @ 04:16:07 - Row :112 - Parsing failed. Reason: User with same Email already exists. Email: heath.corson@gmail.com
04-28-2021 @ 04:16:07 - Row :113 - Parsing item.
04-28-2021 @ 04:16:07 - Row :113 - Parsing failed. Reason: User with same Email already exists. Email: hdanderson616@gmail.com
04-28-2021 @ 04:16:07 - Row :114 - Parsing item.
04-28-2021 @ 04:16:07 - Row :114 - Parsing failed. Reason: User with same Email already exists. Email: gejeigbri@gmail.com
04-28-2021 @ 04:16:07 - Row :115 - Parsing item.
04-28-2021 @ 04:16:07 - Row :115 - Parsing failed. Reason: User with same Email already exists. Email: adrianatribin@yahoo.com
04-28-2021 @ 04:16:07 - Row :116 - Parsing item.
04-28-2021 @ 04:16:07 - Row :116 - Parsing failed. Reason: User with same Email already exists. Email: hiasad1234@gmail.com
04-28-2021 @ 04:16:07 - Row :117 - Parsing item.
04-28-2021 @ 04:16:07 - Row :117 - Parsing failed. Reason: User with same Email already exists. Email: hiasads123@gmail.com
04-28-2021 @ 04:16:07 - Row :118 - Parsing item.
04-28-2021 @ 04:16:07 - Row :118 - Parsing failed. Reason: User with same Email already exists. Email: Dagstani@gmail.com
04-28-2021 @ 04:16:07 - Row :119 - Parsing item.
04-28-2021 @ 04:16:07 - Row :119 - Parsing failed. Reason: User with same Email already exists. Email: holyhansolo@gmail.com
04-28-2021 @ 04:16:07 - Row :120 - Parsing item.
04-28-2021 @ 04:16:07 - Row :120 - Parsing failed. Reason: User with same Email already exists. Email: honestcrustpizza@gmail.com
04-28-2021 @ 04:16:07 - Row :121 - Parsing item.
04-28-2021 @ 04:16:07 - Row :121 - Parsing failed. Reason: User with same Email already exists. Email: dan@verrazzanopizza.com
04-28-2021 @ 04:16:07 - Row :122 - Parsing item.
04-28-2021 @ 04:16:07 - Row :122 - Parsing failed. Reason: User with same Email already exists. Email: 1hollyberry@att.net
04-28-2021 @ 04:16:07 - Row :123 - Parsing item.
04-28-2021 @ 04:16:07 - Row :123 - Parsing failed. Reason: User with same Email already exists. Email: ianalexandergold@gmail.com
04-28-2021 @ 04:16:07 - Row :124 - Parsing item.
04-28-2021 @ 04:16:07 - Row :124 - Parsing failed. Reason: User with same Email already exists. Email: imaschal@gmail.com
04-28-2021 @ 04:16:07 - Row :125 - Parsing item.
04-28-2021 @ 04:16:07 - Row :125 - Parsing failed. Reason: User with same Email already exists. Email: info@thepastalab.com
04-28-2021 @ 04:16:07 - Row :126 - Parsing item.
04-28-2021 @ 04:16:07 - Row :126 - Parsing failed. Reason: User with same Email already exists. Email: jobermaier1231@gmail.com
04-28-2021 @ 04:16:07 - Row :127 - Parsing item.
04-28-2021 @ 04:16:07 - Row :127 - Parsing failed. Reason: User with same Email already exists. Email: damien@jackknife.beer
04-28-2021 @ 04:16:07 - Row :128 - Parsing item.
04-28-2021 @ 04:16:07 - Row :128 - Parsing failed. Reason: User with same Email already exists. Email: jacobtcarr@outlook.com
04-28-2021 @ 04:16:07 - Row :129 - Parsing item.
04-28-2021 @ 04:16:07 - Row :129 - Parsing failed. Reason: User with same Email already exists. Email: jacopobeni@gmail.com
04-28-2021 @ 04:16:07 - Row :130 - Parsing item.
04-28-2021 @ 04:16:07 - Row :130 - Parsing failed. Reason: User with same Email already exists. Email: jagercola@gmail.com
04-28-2021 @ 04:16:07 - Row :131 - Parsing item.
04-28-2021 @ 04:16:07 - Row :131 - Parsing failed. Reason: User with same Email already exists. Email: josealbertini@gmail.com
04-28-2021 @ 04:16:07 - Row :132 - Parsing item.
04-28-2021 @ 04:16:07 - Row :132 - Parsing failed. Reason: User with same Email already exists. Email: jroajr24@gmail.com
04-28-2021 @ 04:16:07 - Row :133 - Parsing item.
04-28-2021 @ 04:16:07 - Row :133 - Parsing failed. Reason: User with same Email already exists. Email: janepark626@gmail.com
04-28-2021 @ 04:16:07 - Row :134 - Parsing item.
04-28-2021 @ 04:16:07 - Row :134 - Parsing failed. Reason: User with same Email already exists. Email: jared.guzick@yahoo.com
04-28-2021 @ 04:16:07 - Row :135 - Parsing item.
04-28-2021 @ 04:16:07 - Row :135 - Parsing failed. Reason: User with same Email already exists. Email: jaszmom3@gmail.com
04-28-2021 @ 04:16:07 - Row :136 - Parsing item.
04-28-2021 @ 04:16:07 - Row :136 - Parsing failed. Reason: User with same Email already exists. Email: josh@blackbirdwoodfiredpizza.com
04-28-2021 @ 04:16:07 - Row :137 - Parsing item.
04-28-2021 @ 04:16:07 - Row :137 - Parsing failed. Reason: User with same Email already exists. Email: jbiberkraut@gmail.com
04-28-2021 @ 04:16:07 - Row :138 - Parsing item.
04-28-2021 @ 04:16:07 - Row :138 - Parsing failed. Reason: User with same Email already exists. Email: jblakely10@gmail.com
04-28-2021 @ 04:16:07 - Row :139 - Parsing item.
04-28-2021 @ 04:16:07 - Row :139 - Parsing failed. Reason: User with same Email already exists. Email: jeremyriley85@gmail.com
04-28-2021 @ 04:16:07 - Row :140 - Parsing item.
04-28-2021 @ 04:16:07 - Row :140 - Parsing failed. Reason: User with same Email already exists. Email: test78666@gmail.com
04-28-2021 @ 04:16:07 - Row :141 - Parsing item.
04-28-2021 @ 04:16:07 - Row :141 - Parsing failed. Reason: User with same Email already exists. Email: test1t@gmail.com
04-28-2021 @ 04:16:07 - Row :142 - Parsing item.
04-28-2021 @ 04:16:07 - Row :142 - Parsing failed. Reason: User with same Email already exists. Email: jeanhsong@gmail.com
04-28-2021 @ 04:16:07 - Row :143 - Parsing item.
04-28-2021 @ 04:16:07 - Row :143 - Parsing failed. Reason: User with same Email already exists. Email: jeenayk@gmail.com
04-28-2021 @ 04:16:07 - Row :144 - Parsing item.
04-28-2021 @ 04:16:07 - Row :144 - Parsing failed. Reason: User with same Email already exists. Email: jnpiersma@gmail.com
04-28-2021 @ 04:16:07 - Row :145 - Parsing item.
04-28-2021 @ 04:16:07 - Row :145 - Parsing failed. Reason: User with same Email already exists. Email: clausheidejesse@gmail.com
04-28-2021 @ 04:16:07 - Row :146 - Parsing item.
04-28-2021 @ 04:16:07 - Row :146 - Parsing failed. Reason: User with same Email already exists. Email: jstubbe41@gmail.com
04-28-2021 @ 04:16:07 - Row :147 - Parsing item.
04-28-2021 @ 04:16:07 - Row :147 - Parsing failed. Reason: User with same Email already exists. Email: jayson@mastermindtalks.com
04-28-2021 @ 04:16:07 - Row :148 - Parsing item.
04-28-2021 @ 04:16:07 - Row :148 - Parsing failed. Reason: User with same Email already exists. Email: jay@pizzabuzz.com
04-28-2021 @ 04:16:07 - Row :149 - Parsing item.
04-28-2021 @ 04:16:07 - Row :149 - Parsing failed. Reason: User with same Email already exists. Email: john@kindredpizza.com
04-28-2021 @ 04:16:07 - Row :150 - Parsing item.
04-28-2021 @ 04:16:07 - Row :150 - Parsing failed. Reason: User with same Email already exists. Email: jilla21@msn.com
04-28-2021 @ 04:16:07 - Row :151 - Parsing item.
04-28-2021 @ 04:16:07 - Row :151 - Parsing failed. Reason: User with same Email already exists. Email: Jinayj@gmail.com
04-28-2021 @ 04:16:07 - Row :152 - Parsing item.
04-28-2021 @ 04:16:07 - Row :152 - Parsing failed. Reason: User with same Email already exists. Email: gbanar@mac.com
04-28-2021 @ 04:16:07 - Row :153 - Parsing item.
04-28-2021 @ 04:16:07 - Row :153 - Parsing failed. Reason: User with same Email already exists. Email: drbanarbjj@gmail.com
04-28-2021 @ 04:16:07 - Row :154 - Parsing item.
04-28-2021 @ 04:16:07 - Row :154 - Parsing failed. Reason: User with same Email already exists. Email: jiudough215@gmail.com
04-28-2021 @ 04:16:07 - Row :155 - Parsing item.
04-28-2021 @ 04:16:07 - Row :155 - Parsing failed. Reason: User with same Email already exists. Email: jmallendel@gmail.com
04-28-2021 @ 04:16:07 - Row :156 - Parsing item.
04-28-2021 @ 04:16:07 - Row :156 - Parsing failed. Reason: User with same Email already exists. Email: alboizms@gmail.com
04-28-2021 @ 04:16:07 - Row :157 - Parsing item.
04-28-2021 @ 04:16:07 - Row :157 - Parsing failed. Reason: User with same Email already exists. Email: johnwick@gmail.com
04-28-2021 @ 04:16:07 - Row :158 - Parsing item.
04-28-2021 @ 04:16:07 - Row :158 - Parsing failed. Reason: User with same Email already exists. Email: jonbutler84@gmail.com
04-28-2021 @ 04:16:07 - Row :159 - Parsing item.
04-28-2021 @ 04:16:07 - Row :159 - Parsing failed. Reason: User with same Email already exists. Email: joninalbany@gmail.com
04-28-2021 @ 04:16:07 - Row :160 - Parsing item.
04-28-2021 @ 04:16:07 - Row :160 - Parsing failed. Reason: User with same Email already exists. Email: jpvoelksen@gmail.com
04-28-2021 @ 04:16:07 - Row :161 - Parsing item.
04-28-2021 @ 04:16:07 - Row :161 - Parsing failed. Reason: User with same Email already exists. Email: jansanderson70@gmail.com
04-28-2021 @ 04:16:07 - Row :162 - Parsing item.
04-28-2021 @ 04:16:07 - Row :162 - Parsing failed. Reason: User with same Email already exists. Email: jessicaschupack@gmail.com
04-28-2021 @ 04:16:07 - Row :163 - Parsing item.
04-28-2021 @ 04:16:07 - Row :163 - Parsing failed. Reason: User with same Email already exists. Email: test@gmail.com
04-28-2021 @ 04:16:07 - Row :164 - Parsing item.
04-28-2021 @ 04:16:07 - Row :164 - Parsing failed. Reason: User with same Email already exists. Email: junaid123456@gmail.com
04-28-2021 @ 04:16:07 - Row :165 - Parsing item.
04-28-2021 @ 04:16:07 - Row :165 - Parsing failed. Reason: User with same Email already exists. Email: junaiddd1234@gmail.com
04-28-2021 @ 04:16:07 - Row :166 - Parsing item.
04-28-2021 @ 04:16:07 - Row :166 - Parsing failed. Reason: User with same Email already exists. Email: justindray@gmail.com
04-28-2021 @ 04:16:07 - Row :167 - Parsing item.
04-28-2021 @ 04:16:07 - Row :167 - Parsing failed. Reason: User with same Email already exists. Email: jwbluelabel9@gmail.com
04-28-2021 @ 04:16:07 - Row :168 - Parsing item.
04-28-2021 @ 04:16:07 - Row :168 - Parsing failed. Reason: User with same Email already exists. Email: jzplatt@gmail.com
04-28-2021 @ 04:16:07 - Row :169 - Parsing item.
04-28-2021 @ 04:16:07 - Row :169 - Parsing failed. Reason: User with same Email already exists. Email: kagman555@gmail.com
04-28-2021 @ 04:16:07 - Row :170 - Parsing item.
04-28-2021 @ 04:16:07 - Row :170 - Parsing failed. Reason: User with same Email already exists. Email: karen.gin55@gmail.com
04-28-2021 @ 04:16:07 - Row :171 - Parsing item.
04-28-2021 @ 04:16:07 - Row :171 - Parsing failed. Reason: User with same Email already exists. Email: k4artz@gmail.com
04-28-2021 @ 04:16:07 - Row :172 - Parsing item.
04-28-2021 @ 04:16:07 - Row :172 - Parsing failed. Reason: User with same Email already exists. Email: katiecal63@gmail.com
04-28-2021 @ 04:16:07 - Row :173 - Parsing item.
04-28-2021 @ 04:16:07 - Row :173 - Parsing failed. Reason: User with same Email already exists. Email: wilson@wilsonsbread.com
04-28-2021 @ 04:16:07 - Row :174 - Parsing item.
04-28-2021 @ 04:16:07 - Row :174 - Parsing failed. Reason: User with same Email already exists. Email: kgsarafian@gmail.com
04-28-2021 @ 04:16:07 - Row :175 - Parsing item.
04-28-2021 @ 04:16:07 - Row :175 - Parsing failed. Reason: User with same Email already exists. Email: kirw6@hotmail.com
04-28-2021 @ 04:16:07 - Row :176 - Parsing item.
04-28-2021 @ 04:16:07 - Row :176 - Parsing failed. Reason: User with same Email already exists. Email: ken@hamsandwichhospitality.com
04-28-2021 @ 04:16:07 - Row :177 - Parsing item.
04-28-2021 @ 04:16:07 - Row :177 - Parsing failed. Reason: User with same Email already exists. Email: kpradhant@gmail.com
04-28-2021 @ 04:16:07 - Row :178 - Parsing item.
04-28-2021 @ 04:16:07 - Row :178 - Parsing failed. Reason: User with same Email already exists. Email: kylegentry@gmail.com
04-28-2021 @ 04:16:07 - Row :179 - Parsing item.
04-28-2021 @ 04:16:07 - Row :179 - Parsing failed. Reason: User with same Email already exists. Email: lacotter2@gmail.com
04-28-2021 @ 04:16:07 - Row :180 - Parsing item.
04-28-2021 @ 04:16:07 - Row :180 - Parsing failed. Reason: User with same Email already exists. Email: largejustin@gmail.com
04-28-2021 @ 04:16:07 - Row :181 - Parsing item.
04-28-2021 @ 04:16:07 - Row :181 - Parsing failed. Reason: User with same Email already exists. Email: lauracarlsonmn@gmail.com
04-28-2021 @ 04:16:07 - Row :182 - Parsing item.
04-28-2021 @ 04:16:07 - Row :182 - Parsing failed. Reason: User with same Email already exists. Email: lbuchmann@comcast.net
04-28-2021 @ 04:16:07 - Row :183 - Parsing item.
04-28-2021 @ 04:16:07 - Row :183 - Parsing failed. Reason: User with same Email already exists. Email: lilyaanderson@me.com
04-28-2021 @ 04:16:07 - Row :184 - Parsing item.
04-28-2021 @ 04:16:07 - Row :184 - Parsing failed. Reason: User with same Email already exists. Email: linda112450@gmail.com
04-28-2021 @ 04:16:07 - Row :185 - Parsing item.
04-28-2021 @ 04:16:07 - Row :185 - Parsing failed. Reason: User with same Email already exists. Email: linzymay@gmail.com
04-28-2021 @ 04:16:07 - Row :186 - Parsing item.
04-28-2021 @ 04:16:07 - Row :186 - Parsing failed. Reason: User with same Email already exists. Email: lisa@lisashotland.com
04-28-2021 @ 04:16:07 - Row :187 - Parsing item.
04-28-2021 @ 04:16:07 - Row :187 - Parsing failed. Reason: User with same Email already exists. Email: littlebrewguy@gmail.com
04-28-2021 @ 04:16:07 - Row :188 - Parsing item.
04-28-2021 @ 04:16:07 - Row :188 - Parsing failed. Reason: User with same Email already exists. Email: austintanker@gmail.com
04-28-2021 @ 04:16:07 - Row :189 - Parsing item.
04-28-2021 @ 04:16:07 - Row :189 - Parsing failed. Reason: User with same Email already exists. Email: livenew@test.com
04-28-2021 @ 04:16:07 - Row :190 - Parsing item.
04-28-2021 @ 04:16:07 - Row :190 - Parsing failed. Reason: User with same Email already exists. Email: rezaid@debsmail.com
04-28-2021 @ 04:16:07 - Row :191 - Parsing item.
04-28-2021 @ 04:16:07 - Row :191 - Parsing failed. Reason: User with same Email already exists. Email: live@tester.com
04-28-2021 @ 04:16:07 - Row :192 - Parsing item.
04-28-2021 @ 04:16:07 - Row :192 - Parsing failed. Reason: User with same Email already exists. Email: 307pizza@gmail.com
04-28-2021 @ 04:16:07 - Row :193 - Parsing item.
04-28-2021 @ 04:16:07 - Row :193 - Parsing failed. Reason: User with same Email already exists. Email: lorettaramos@gmail.com
04-28-2021 @ 04:16:07 - Row :194 - Parsing item.
04-28-2021 @ 04:16:07 - Row :194 - Parsing failed. Reason: User with same Email already exists. Email: lynn.thelelandgroup@gmail.com
04-28-2021 @ 04:16:07 - Row :195 - Parsing item.
04-28-2021 @ 04:16:07 - Row :195 - Parsing failed. Reason: User with same Email already exists. Email: aa@email-list.online
04-28-2021 @ 04:16:07 - Row :196 - Parsing item.
04-28-2021 @ 04:16:07 - Row :196 - Parsing failed. Reason: User with same Email already exists. Email: mad.k.gold@gmail.com
04-28-2021 @ 04:16:07 - Row :197 - Parsing item.
04-28-2021 @ 04:16:07 - Row :197 - Parsing failed. Reason: User with same Email already exists. Email: salar@maipai.ca
04-28-2021 @ 04:16:07 - Row :198 - Parsing item.
04-28-2021 @ 04:16:07 - Row :198 - Parsing failed. Reason: User with same Email already exists. Email: MARK.D.ANTAL@GMAIL.COM
04-28-2021 @ 04:16:07 - Row :199 - Parsing item.
04-28-2021 @ 04:16:07 - Row :199 - Parsing failed. Reason: User with same Email already exists. Email: markfuller@outlook.com
04-28-2021 @ 04:16:07 - Row :200 - Parsing item.
04-28-2021 @ 04:16:07 - Row :200 - Parsing failed. Reason: User with same Email already exists. Email: marydumont@gmail.com
04-28-2021 @ 04:16:07 - Row :201 - Parsing item.
04-28-2021 @ 04:16:07 - Row :201 - Parsing failed. Reason: User with same Email already exists. Email: matt@avagodigital.com
04-28-2021 @ 04:16:07 - Row :202 - Parsing item.
04-28-2021 @ 04:16:07 - Row :202 - Parsing failed. Reason: User with same Email already exists. Email: matthewjamesduffy@gmail.com
04-28-2021 @ 04:16:07 - Row :203 - Parsing item.
04-28-2021 @ 04:16:07 - Row :203 - Parsing failed. Reason: User with same Email already exists. Email: mattisvs@telenet.be
04-28-2021 @ 04:16:07 - Row :204 - Parsing item.
04-28-2021 @ 04:16:07 - Row :204 - Parsing failed. Reason: User with same Email already exists. Email: mculverchimenti@gmail.com
04-28-2021 @ 04:16:07 - Row :205 - Parsing item.
04-28-2021 @ 04:16:07 - Row :205 - Parsing failed. Reason: User with same Email already exists. Email: mcirinelli@cox.net
04-28-2021 @ 04:16:07 - Row :206 - Parsing item.
04-28-2021 @ 04:16:07 - Row :206 - Parsing failed. Reason: User with same Email already exists. Email: md@theyumyumtree.in
04-28-2021 @ 04:16:07 - Row :207 - Parsing item.
04-28-2021 @ 04:16:07 - Row :207 - Parsing failed. Reason: User with same Email already exists. Email: meanpiespizza@gmail.com
04-28-2021 @ 04:16:07 - Row :208 - Parsing item.
04-28-2021 @ 04:16:07 - Row :208 - Parsing failed. Reason: User with same Email already exists. Email: Melina635@aol.com
04-28-2021 @ 04:16:07 - Row :209 - Parsing item.
04-28-2021 @ 04:16:07 - Row :209 - Parsing failed. Reason: User with same Email already exists. Email: jammu922@gmail.com
04-28-2021 @ 04:16:07 - Row :210 - Parsing item.
04-28-2021 @ 04:16:07 - Row :210 - Parsing failed. Reason: User with same Email already exists. Email: mike@noblepiepizza.com
04-28-2021 @ 04:16:07 - Row :211 - Parsing item.
04-28-2021 @ 04:16:07 - Row :211 - Parsing failed. Reason: User with same Email already exists. Email: Mikedowney17@gmail.com
04-28-2021 @ 04:16:07 - Row :212 - Parsing item.
04-28-2021 @ 04:16:07 - Row :212 - Parsing failed. Reason: User with same Email already exists. Email: mike.hj.rice@gmail.com
04-28-2021 @ 04:16:07 - Row :213 - Parsing item.
04-28-2021 @ 04:16:07 - Row :213 - Parsing failed. Reason: User with same Email already exists. Email: mrmikeoliver@gmail.com
04-28-2021 @ 04:16:07 - Row :214 - Parsing item.
04-28-2021 @ 04:16:07 - Row :214 - Parsing failed. Reason: User with same Email already exists. Email: mike@thecrustpizza.ca
04-28-2021 @ 04:16:07 - Row :215 - Parsing item.
04-28-2021 @ 04:16:07 - Row :215 - Parsing failed. Reason: User with same Email already exists. Email: misterschell@schellz.com
04-28-2021 @ 04:16:07 - Row :216 - Parsing item.
04-28-2021 @ 04:16:07 - Row :216 - Parsing failed. Reason: User with same Email already exists. Email: mohljohn92@gmail.com
04-28-2021 @ 04:16:07 - Row :217 - Parsing item.
04-28-2021 @ 04:16:07 - Row :217 - Parsing failed. Reason: User with same Email already exists. Email: drews.chris@gmail.com
04-28-2021 @ 04:16:07 - Row :218 - Parsing item.
04-28-2021 @ 04:16:07 - Row :218 - Parsing failed. Reason: User with same Email already exists. Email: mariapatti1@yahoo.com
04-28-2021 @ 04:16:07 - Row :219 - Parsing item.
04-28-2021 @ 04:16:07 - Row :219 - Parsing failed. Reason: User with same Email already exists. Email: loxar65642@mailvxin.net
04-28-2021 @ 04:16:07 - Row :220 - Parsing item.
04-28-2021 @ 04:16:07 - Row :220 - Parsing failed. Reason: User with same Email already exists. Email: tedatu@email-list.online11
04-28-2021 @ 04:16:07 - Row :221 - Parsing item.
04-28-2021 @ 04:16:07 - Row :221 - Parsing failed. Reason: User with same Email already exists. Email: tedatu@email-list.online112211
04-28-2021 @ 04:16:07 - Row :222 - Parsing item.
04-28-2021 @ 04:16:07 - Row :222 - Parsing failed. Reason: User with same Email already exists. Email: qqq@debsmail.com
04-28-2021 @ 04:16:07 - Row :223 - Parsing item.
04-28-2021 @ 04:16:07 - Row :223 - Parsing failed. Reason: User with same Email already exists. Email: teda22tu@email-list.online
04-28-2021 @ 04:16:07 - Row :224 - Parsing item.
04-28-2021 @ 04:16:07 - Row :224 - Parsing failed. Reason: User with same Email already exists. Email: tedatu@email-list.online
04-28-2021 @ 04:16:07 - Row :225 - Parsing item.
04-28-2021 @ 04:16:07 - Row :225 - Parsing failed. Reason: User with same Email already exists. Email: tedatu@emssail-list.online
04-28-2021 @ 04:16:07 - Row :226 - Parsing item.
04-28-2021 @ 04:16:07 - Row :226 - Parsing failed. Reason: User with same Email already exists. Email: tedatu@email-list.onlineaaa
04-28-2021 @ 04:16:07 - Row :227 - Parsing item.
04-28-2021 @ 04:16:07 - Row :227 - Parsing failed. Reason: User with same Email already exists. Email: tedatu@email-list.onlinetesting
04-28-2021 @ 04:16:07 - Row :228 - Parsing item.
04-28-2021 @ 04:16:07 - Row :228 - Parsing failed. Reason: User with same Email already exists. Email: neelp3@gmail.com
04-28-2021 @ 04:16:07 - Row :229 - Parsing item.
04-28-2021 @ 04:16:07 - Row :229 - Parsing failed. Reason: User with same Email already exists. Email: neilcline@gmail.com
04-28-2021 @ 04:16:07 - Row :230 - Parsing item.
04-28-2021 @ 04:16:07 - Row :230 - Parsing failed. Reason: User with same Email already exists. Email: james007m@sbcglobal.net
04-28-2021 @ 04:16:07 - Row :231 - Parsing item.
04-28-2021 @ 04:16:07 - Row :231 - Parsing failed. Reason: User with same Email already exists. Email: nikki03@aol.com
04-28-2021 @ 04:16:07 - Row :232 - Parsing item.
04-28-2021 @ 04:16:07 - Row :232 - Parsing failed. Reason: User with same Email already exists. Email: nhawes@asu.edu
04-28-2021 @ 04:16:07 - Row :233 - Parsing item.
04-28-2021 @ 04:16:07 - Row :233 - Parsing failed. Reason: User with same Email already exists. Email: nick@allen.net
04-28-2021 @ 04:16:07 - Row :234 - Parsing item.
04-28-2021 @ 04:16:07 - Row :234 - Parsing failed. Reason: User with same Email already exists. Email: nickmcgregor.chef@gmail.com
04-28-2021 @ 04:16:07 - Row :235 - Parsing item.
04-28-2021 @ 04:16:07 - Row :235 - Parsing failed. Reason: User with same Email already exists. Email: nixoward@gmail.com
04-28-2021 @ 04:16:07 - Row :236 - Parsing item.
04-28-2021 @ 04:16:07 - Row :236 - Parsing failed. Reason: User with same Email already exists. Email: ninisarna@gmail.com
04-28-2021 @ 04:16:07 - Row :237 - Parsing item.
04-28-2021 @ 04:16:07 - Row :237 - Parsing failed. Reason: User with same Email already exists. Email: pcventures538@gmail.com
04-28-2021 @ 04:16:07 - Row :238 - Parsing item.
04-28-2021 @ 04:16:07 - Row :238 - Parsing failed. Reason: User with same Email already exists. Email: pizzazoom2020@gmail.com
04-28-2021 @ 04:16:07 - Row :239 - Parsing item.
04-28-2021 @ 04:16:07 - Row :239 - Parsing failed. Reason: User with same Email already exists. Email: noel.brohner@gmail.com
04-28-2021 @ 04:16:07 - Row :240 - Parsing item.
04-28-2021 @ 04:16:07 - Row :240 - Parsing failed. Reason: User with same Email already exists. Email: odedpf@gmail.com
04-28-2021 @ 04:16:07 - Row :241 - Parsing item.
04-28-2021 @ 04:16:07 - Row :241 - Parsing failed. Reason: User with same Email already exists. Email: scott@ohlol.net
04-28-2021 @ 04:16:07 - Row :242 - Parsing item.
04-28-2021 @ 04:16:07 - Row :242 - Parsing failed. Reason: User with same Email already exists. Email: omikhail@gmail.com
04-28-2021 @ 04:16:07 - Row :243 - Parsing item.
04-28-2021 @ 04:16:07 - Row :243 - Parsing failed. Reason: User with same Email already exists. Email: oskar.montano@gmail.com
04-28-2021 @ 04:16:07 - Row :244 - Parsing item.
04-28-2021 @ 04:16:07 - Row :244 - Parsing failed. Reason: User with same Email already exists. Email: p1zz4pr0@protonmail.com
04-28-2021 @ 04:16:07 - Row :245 - Parsing item.
04-28-2021 @ 04:16:07 - Row :245 - Parsing failed. Reason: User with same Email already exists. Email: hey@brandonsmith.com
04-28-2021 @ 04:16:07 - Row :246 - Parsing item.
04-28-2021 @ 04:16:07 - Row :246 - Parsing failed. Reason: User with same Email already exists. Email: palwashae.malik@rezaid.co.uk
04-28-2021 @ 04:16:07 - Row :247 - Parsing item.
04-28-2021 @ 04:16:07 - Row :247 - Parsing failed. Reason: User with same Email already exists. Email: shaminay+6@gmail.com
04-28-2021 @ 04:16:07 - Row :248 - Parsing item.
04-28-2021 @ 04:16:07 - Row :248 - Parsing failed. Reason: User with same Email already exists. Email: aaa@debsmail.com
04-28-2021 @ 04:16:07 - Row :249 - Parsing item.
04-28-2021 @ 04:16:07 - Row :249 - Parsing failed. Reason: User with same Email already exists. Email: hello@peacer.co.uk
04-28-2021 @ 04:16:07 - Row :250 - Parsing item.
04-28-2021 @ 04:16:07 - Row :250 - Parsing failed. Reason: User with same Email already exists. Email: bwolff2005@hotmail.com
04-28-2021 @ 04:16:07 - Row :251 - Parsing item.
04-28-2021 @ 04:16:07 - Row :251 - Parsing failed. Reason: User with same Email already exists. Email: ordersforelise@gmail.com
04-28-2021 @ 04:16:07 - Row :252 - Parsing item.
04-28-2021 @ 04:16:07 - Row :252 - Parsing failed. Reason: User with same Email already exists. Email: filipporappa@gmail.com
04-28-2021 @ 04:16:07 - Row :253 - Parsing item.
04-28-2021 @ 04:16:07 - Row :253 - Parsing failed. Reason: User with same Email already exists. Email: kimberly.a.griffith@gmail.com
04-28-2021 @ 04:16:07 - Row :254 - Parsing item.
04-28-2021 @ 04:16:07 - Row :254 - Parsing failed. Reason: User with same Email already exists. Email: paololizzeri@outlook.com
04-28-2021 @ 04:16:07 - Row :255 - Parsing item.
04-28-2021 @ 04:16:07 - Row :255 - Parsing failed. Reason: User with same Email already exists. Email: c3concepts@gmail.com
04-28-2021 @ 04:16:07 - Row :256 - Parsing item.
04-28-2021 @ 04:16:07 - Row :256 - Parsing failed. Reason: User with same Email already exists. Email: francisco.sierra412@gmail.com
04-28-2021 @ 04:16:07 - Row :257 - Parsing item.
04-28-2021 @ 04:16:07 - Row :257 - Parsing failed. Reason: User with same Email already exists. Email: rbkeene@gmail.com
04-28-2021 @ 04:16:07 - Row :258 - Parsing item.
04-28-2021 @ 04:16:07 - Row :258 - Parsing failed. Reason: User with same Email already exists. Email: rauccis@gmail.com
04-28-2021 @ 04:16:07 - Row :259 - Parsing item.
04-28-2021 @ 04:16:07 - Row :259 - Parsing failed. Reason: User with same Email already exists. Email: rbennett@msn.com
04-28-2021 @ 04:16:07 - Row :260 - Parsing item.
04-28-2021 @ 04:16:07 - Row :260 - Parsing failed. Reason: User with same Email already exists. Email: rccbcp@gmail.com
04-28-2021 @ 04:16:07 - Row :261 - Parsing item.
04-28-2021 @ 04:16:07 - Row :261 - Parsing failed. Reason: User with same Email already exists. Email: spencer@diomiopasta.com
04-28-2021 @ 04:16:07 - Row :262 - Parsing item.
04-28-2021 @ 04:16:07 - Row :262 - Parsing failed. Reason: User with same Email already exists. Email: restaurant110@yahoo.com
04-28-2021 @ 04:16:07 - Row :263 - Parsing item.
04-28-2021 @ 04:16:07 - Row :263 - Parsing failed. Reason: User with same Email already exists. Email: rezaidtestuser2@gmail.com
04-28-2021 @ 04:16:07 - Row :264 - Parsing item.
04-28-2021 @ 04:16:07 - Row :264 - Parsing failed. Reason: User with same Email already exists. Email: rezaidtestuser3@gmail.com
04-28-2021 @ 04:16:07 - Row :265 - Parsing item.
04-28-2021 @ 04:16:07 - Row :265 - Parsing failed. Reason: User with same Email already exists. Email: rezaiduser4@gmail.com
04-28-2021 @ 04:16:07 - Row :266 - Parsing item.
04-28-2021 @ 04:16:07 - Row :266 - Parsing failed. Reason: User with same Email already exists. Email: hello@rich-howell.com
04-28-2021 @ 04:16:07 - Row :267 - Parsing item.
04-28-2021 @ 04:16:07 - Row :267 - Parsing failed. Reason: User with same Email already exists. Email: riccardopietrobono@gmail.com
04-28-2021 @ 04:16:07 - Row :268 - Parsing item.
04-28-2021 @ 04:16:07 - Row :268 - Parsing failed. Reason: User with same Email already exists. Email: rjessier@gmail.com
04-28-2021 @ 04:16:07 - Row :269 - Parsing item.
04-28-2021 @ 04:16:07 - Row :269 - Parsing failed. Reason: User with same Email already exists. Email: ryandeussing@gmail.com
04-28-2021 @ 04:16:07 - Row :270 - Parsing item.
04-28-2021 @ 04:16:07 - Row :270 - Parsing failed. Reason: User with same Email already exists. Email: ryanhaywoodj@gmail.com
04-28-2021 @ 04:16:07 - Row :271 - Parsing item.
04-28-2021 @ 04:16:07 - Row :271 - Parsing failed. Reason: User with same Email already exists. Email: benjirockwell@gmail.com
04-28-2021 @ 04:16:07 - Row :272 - Parsing item.
04-28-2021 @ 04:16:07 - Row :272 - Parsing failed. Reason: User with same Email already exists. Email: sam@cornellyseattle.com
04-28-2021 @ 04:16:07 - Row :273 - Parsing item.
04-28-2021 @ 04:16:07 - Row :273 - Parsing failed. Reason: User with same Email already exists. Email: saritagallegos@gmail.com
04-28-2021 @ 04:16:07 - Row :274 - Parsing item.
04-28-2021 @ 04:16:07 - Row :274 - Parsing failed. Reason: User with same Email already exists. Email: saschrot@aol.com
04-28-2021 @ 04:16:07 - Row :275 - Parsing item.
04-28-2021 @ 04:16:07 - Row :275 - Parsing failed. Reason: User with same Email already exists. Email: scollingwood31@gmail.com
04-28-2021 @ 04:16:07 - Row :276 - Parsing item.
04-28-2021 @ 04:16:07 - Row :276 - Parsing failed. Reason: User with same Email already exists. Email: scottboxenbaum@gmail.com
04-28-2021 @ 04:16:07 - Row :277 - Parsing item.
04-28-2021 @ 04:16:07 - Row :277 - Parsing failed. Reason: User with same Email already exists. Email: secunda@gmail.com
04-28-2021 @ 04:16:07 - Row :278 - Parsing item.
04-28-2021 @ 04:16:07 - Row :278 - Parsing failed. Reason: User with same Email already exists. Email: akardias@serveautomation.com
04-28-2021 @ 04:16:07 - Row :279 - Parsing item.
04-28-2021 @ 04:16:07 - Row :279 - Parsing failed. Reason: User with same Email already exists. Email: Seth@huxleywallace.com
04-28-2021 @ 04:16:07 - Row :280 - Parsing item.
04-28-2021 @ 04:16:07 - Row :280 - Parsing failed. Reason: User with same Email already exists. Email: testinggggg123@gmail.com
04-28-2021 @ 04:16:07 - Row :281 - Parsing item.
04-28-2021 @ 04:16:07 - Row :281 - Parsing failed. Reason: User with same Email already exists. Email: fishytesting1234@gmail.com
04-28-2021 @ 04:16:07 - Row :282 - Parsing item.
04-28-2021 @ 04:16:07 - Row :282 - Parsing failed. Reason: User with same Email already exists. Email: shaminay.khan@rezaid.co.uk
04-28-2021 @ 04:16:07 - Row :283 - Parsing item.
04-28-2021 @ 04:16:07 - Row :283 - Parsing failed. Reason: User with same Email already exists. Email: testtesttest1234@gmail.com
04-28-2021 @ 04:16:07 - Row :284 - Parsing item.
04-28-2021 @ 04:16:07 - Row :284 - Parsing failed. Reason: User with same Email already exists. Email: testestest1234@gmail.com
04-28-2021 @ 04:16:07 - Row :285 - Parsing item.
04-28-2021 @ 04:16:07 - Row :285 - Parsing failed. Reason: User with same Email already exists. Email: testesting1234@gmail.com
04-28-2021 @ 04:16:07 - Row :286 - Parsing item.
04-28-2021 @ 04:16:07 - Row :286 - Parsing failed. Reason: User with same Email already exists. Email: testtest123456@gmail.com
04-28-2021 @ 04:16:07 - Row :287 - Parsing item.
04-28-2021 @ 04:16:07 - Row :287 - Parsing failed. Reason: User with same Email already exists. Email: testingtest1234@gmail.com
04-28-2021 @ 04:16:07 - Row :288 - Parsing item.
04-28-2021 @ 04:16:07 - Row :288 - Parsing failed. Reason: User with same Email already exists. Email: testtesting1234@gmail.com
04-28-2021 @ 04:16:07 - Row :289 - Parsing item.
04-28-2021 @ 04:16:07 - Row :289 - Parsing failed. Reason: User with same Email already exists. Email: shaminaytestingorder1234@gmail.com
04-28-2021 @ 04:16:07 - Row :290 - Parsing item.
04-28-2021 @ 04:16:07 - Row :290 - Parsing failed. Reason: User with same Email already exists. Email: shaminay+2@gmail.com
04-28-2021 @ 04:16:07 - Row :291 - Parsing item.
04-28-2021 @ 04:16:07 - Row :291 - Parsing failed. Reason: User with same Email already exists. Email: testingshaminay1234@gmail.com
04-28-2021 @ 04:16:07 - Row :292 - Parsing item.
04-28-2021 @ 04:16:07 - Row :292 - Parsing failed. Reason: User with same Email already exists. Email: testingtes12@gmail.com
04-28-2021 @ 04:16:07 - Row :293 - Parsing item.
04-28-2021 @ 04:16:07 - Row :293 - Parsing failed. Reason: User with same Email already exists. Email: testingtes1234@gmail.com
04-28-2021 @ 04:16:07 - Row :294 - Parsing item.
04-28-2021 @ 04:16:07 - Row :294 - Parsing failed. Reason: User with same Email already exists. Email: testinggtm1234@gmail.com
04-28-2021 @ 04:16:07 - Row :295 - Parsing item.
04-28-2021 @ 04:16:07 - Row :295 - Parsing failed. Reason: User with same Email already exists. Email: shaun_howells@hotmail.com
04-28-2021 @ 04:16:07 - Row :296 - Parsing item.
04-28-2021 @ 04:16:07 - Row :296 - Parsing failed. Reason: User with same Email already exists. Email: shilling10@gmail.com
04-28-2021 @ 04:16:07 - Row :297 - Parsing item.
04-28-2021 @ 04:16:07 - Row :297 - Parsing failed. Reason: User with same Email already exists. Email: SteveJMiles@gmail.com
04-28-2021 @ 04:16:07 - Row :298 - Parsing item.
04-28-2021 @ 04:16:07 - Row :298 - Parsing failed. Reason: User with same Email already exists. Email: skardina@verizon.net
04-28-2021 @ 04:16:07 - Row :299 - Parsing item.
04-28-2021 @ 04:16:07 - Row :299 - Parsing failed. Reason: User with same Email already exists. Email: eshepard@slower.net
04-28-2021 @ 04:16:07 - Row :300 - Parsing item.
04-28-2021 @ 04:16:07 - Row :300 - Parsing failed. Reason: User with same Email already exists. Email: rr@gmail.com
04-28-2021 @ 04:16:09 - Preparing for import.
04-28-2021 @ 04:16:09 - Row :301 - Parsing item.
04-28-2021 @ 04:16:09 - Row :301 - Parsing failed. Reason: User with same Email already exists. Email: test1234567@gmail.com
04-28-2021 @ 04:16:09 - Row :302 - Parsing item.
04-28-2021 @ 04:16:09 - Row :302 - Parsing failed. Reason: User with same Email already exists. Email: mail@sundayspizza.com
04-28-2021 @ 04:16:09 - Row :303 - Parsing item.
04-28-2021 @ 04:16:09 - Row :303 - Parsing failed. Reason: User with same Email already exists. Email: scottfmartin@gmail.com
04-28-2021 @ 04:16:09 - Row :304 - Parsing item.
04-28-2021 @ 04:16:09 - Row :304 - Parsing failed. Reason: User with same Email already exists. Email: ingram.nate@gmail.com
04-28-2021 @ 04:16:09 - Row :305 - Parsing item.
04-28-2021 @ 04:16:09 - Row :305 - Parsing failed. Reason: User with same Email already exists. Email: nbhsinchon@gmail.com
04-28-2021 @ 04:16:09 - Row :306 - Parsing item.
04-28-2021 @ 04:16:09 - Row :306 - Parsing failed. Reason: User with same Email already exists. Email: stefan@catapult-management.com
04-28-2021 @ 04:16:09 - Row :307 - Parsing item.
04-28-2021 @ 04:16:09 - Row :307 - Parsing failed. Reason: User with same Email already exists. Email: tulipano.stefano@gmail.com
04-28-2021 @ 04:16:09 - Row :308 - Parsing item.
04-28-2021 @ 04:16:09 - Row :308 - Parsing failed. Reason: User with same Email already exists. Email: jjpizzo69@gmail.com
04-28-2021 @ 04:16:09 - Row :309 - Parsing item.
04-28-2021 @ 04:16:09 - Row :309 - Parsing failed. Reason: User with same Email already exists. Email: mike.r.shafer@gmail.com
04-28-2021 @ 04:16:09 - Row :310 - Parsing item.
04-28-2021 @ 04:16:09 - Row :310 - Parsing failed. Reason: User with same Email already exists. Email: suveersarna@gmail.com
04-28-2021 @ 04:16:09 - Row :311 - Parsing item.
04-28-2021 @ 04:16:09 - Row :311 - Parsing failed. Reason: User with same Email already exists. Email: tony@cuda.org
04-28-2021 @ 04:16:09 - Row :312 - Parsing item.
04-28-2021 @ 04:16:09 - Row :312 - Parsing failed. Reason: User with same Email already exists. Email: testuser2@testuser.com
04-28-2021 @ 04:16:09 - Row :313 - Parsing item.
04-28-2021 @ 04:16:09 - Row :313 - Parsing failed. Reason: User with same Email already exists. Email: shaminay+9@gmail.com
04-28-2021 @ 04:16:09 - Row :314 - Parsing item.
04-28-2021 @ 04:16:09 - Row :314 - Parsing failed. Reason: User with same Email already exists. Email: rezaidmcr@gmail.com
04-28-2021 @ 04:16:09 - Row :315 - Parsing item.
04-28-2021 @ 04:16:09 - Row :315 - Parsing failed. Reason: User with same Email already exists. Email: muhfaisssal88@hotmail.com
04-28-2021 @ 04:16:09 - Row :316 - Parsing item.
04-28-2021 @ 04:16:09 - Row :316 - Parsing failed. Reason: User with same Email already exists. Email: test1234@gmail.com
04-28-2021 @ 04:16:09 - Row :317 - Parsing item.
04-28-2021 @ 04:16:09 - Row :317 - Parsing failed. Reason: User with same Email already exists. Email: test1@gmail.com
04-28-2021 @ 04:16:09 - Row :318 - Parsing item.
04-28-2021 @ 04:16:09 - Row :318 - Parsing failed. Reason: User with same Email already exists. Email: test123456@gmail.com
04-28-2021 @ 04:16:09 - Row :319 - Parsing item.
04-28-2021 @ 04:16:09 - Row :319 - Parsing failed. Reason: User with same Email already exists. Email: test786@gmail.com
04-28-2021 @ 04:16:09 - Row :320 - Parsing item.
04-28-2021 @ 04:16:09 - Row :320 - Parsing failed. Reason: User with same Email already exists. Email: test999@gmail.com
04-28-2021 @ 04:16:09 - Row :321 - Parsing item.
04-28-2021 @ 04:16:09 - Row :321 - Parsing failed. Reason: User with same Email already exists. Email: tesafweght@gmail.com
04-28-2021 @ 04:16:09 - Row :322 - Parsing item.
04-28-2021 @ 04:16:09 - Row :322 - Parsing failed. Reason: User with same Email already exists. Email: shaminay+5@gmail.com
04-28-2021 @ 04:16:09 - Row :323 - Parsing item.
04-28-2021 @ 04:16:09 - Row :323 - Parsing failed. Reason: User with same Email already exists. Email: tedatuten@email-list.online
04-28-2021 @ 04:16:09 - Row :324 - Parsing item.
04-28-2021 @ 04:16:09 - Row :324 - Parsing failed. Reason: User with same Email already exists. Email: shaminaytest+3@gmail.com
04-28-2021 @ 04:16:09 - Row :325 - Parsing item.
04-28-2021 @ 04:16:09 - Row :325 - Parsing failed. Reason: User with same Email already exists. Email: shaminaytest+5@gmail.com
04-28-2021 @ 04:16:09 - Row :326 - Parsing item.
04-28-2021 @ 04:16:09 - Row :326 - Parsing failed. Reason: User with same Email already exists. Email: qaaqq@debsmail.com
04-28-2021 @ 04:16:09 - Row :327 - Parsing item.
04-28-2021 @ 04:16:09 - Row :327 - Parsing failed. Reason: User with same Email already exists. Email: testuser@testuser.com
04-28-2021 @ 04:16:09 - Row :328 - Parsing item.
04-28-2021 @ 04:16:09 - Row :328 - Parsing failed. Reason: User with same Email already exists. Email: testuser@gmail.com
04-28-2021 @ 04:16:09 - Row :329 - Parsing item.
04-28-2021 @ 04:16:09 - Row :329 - Parsing failed. Reason: User with same Email already exists. Email: picktheflick0+5@gmail.com
04-28-2021 @ 04:16:09 - Row :330 - Parsing item.
04-28-2021 @ 04:16:09 - Row :330 - Parsing failed. Reason: User with same Email already exists. Email: teterj2@gmail.com
04-28-2021 @ 04:16:09 - Row :331 - Parsing item.
04-28-2021 @ 04:16:09 - Row :331 - Parsing failed. Reason: User with same Email already exists. Email: test123@gmail.com
04-28-2021 @ 04:16:09 - Row :332 - Parsing item.
04-28-2021 @ 04:16:09 - Row :332 - Parsing failed. Reason: User with same Email already exists. Email: sthayse@aol.com
04-28-2021 @ 04:16:09 - Row :333 - Parsing item.
04-28-2021 @ 04:16:09 - Row :333 - Parsing failed. Reason: User with same Email already exists. Email: billydeanm@gmail.com
04-28-2021 @ 04:16:09 - Row :334 - Parsing item.
04-28-2021 @ 04:16:09 - Row :334 - Parsing failed. Reason: User with same Email already exists. Email: brandonrutherford28@gmail.com
04-28-2021 @ 04:16:09 - Row :335 - Parsing item.
04-28-2021 @ 04:16:09 - Row :335 - Parsing failed. Reason: User with same Email already exists. Email: thezaman162@aol.com
04-28-2021 @ 04:16:09 - Row :336 - Parsing item.
04-28-2021 @ 04:16:09 - Row :336 - Parsing failed. Reason: User with same Email already exists. Email: tony.bass@kingarthurflour.com
04-28-2021 @ 04:16:09 - Row :337 - Parsing item.
04-28-2021 @ 04:16:09 - Row :337 - Parsing failed. Reason: User with same Email already exists. Email: rachel.milne85@gmail.com
04-28-2021 @ 04:16:09 - Row :338 - Parsing item.
04-28-2021 @ 04:16:09 - Row :338 - Parsing failed. Reason: User with same Email already exists. Email: travisjheitkamp@gmail.com
04-28-2021 @ 04:16:09 - Row :339 - Parsing item.
04-28-2021 @ 04:16:09 - Row :339 - Parsing failed. Reason: User with same Email already exists. Email: runawaygray@gmail.com
04-28-2021 @ 04:16:09 - Row :340 - Parsing item.
04-28-2021 @ 04:16:09 - Row :340 - Parsing failed. Reason: User with same Email already exists. Email: tyepalonen@gmail.com
04-28-2021 @ 04:16:09 - Row :341 - Parsing item.
04-28-2021 @ 04:16:09 - Row :341 - Parsing failed. Reason: User with same Email already exists. Email: valsafran@yahoo.com
04-28-2021 @ 04:16:09 - Row :342 - Parsing item.
04-28-2021 @ 04:16:09 - Row :342 - Parsing failed. Reason: User with same Email already exists. Email: varuntuli@gmail.com
04-28-2021 @ 04:16:09 - Row :343 - Parsing item.
04-28-2021 @ 04:16:09 - Row :343 - Parsing failed. Reason: User with same Email already exists. Email: vince@gaetanosonline.com
04-28-2021 @ 04:16:09 - Row :344 - Parsing item.
04-28-2021 @ 04:16:09 - Row :344 - Parsing failed. Reason: User with same Email already exists. Email: vincegiuliano@yahoo.com
04-28-2021 @ 04:16:09 - Row :345 - Parsing item.
04-28-2021 @ 04:16:09 - Row :345 - Parsing failed. Reason: User with same Email already exists. Email: waqasgcu1@gmail.com
04-28-2021 @ 04:16:09 - Row :346 - Parsing item.
04-28-2021 @ 04:16:09 - Row :346 - Parsing failed. Reason: User with same Email already exists. Email: wavehook@gmail.com
04-28-2021 @ 04:16:09 - Row :347 - Parsing item.
04-28-2021 @ 04:16:09 - Row :347 - Parsing failed. Reason: User with same Email already exists. Email: test12345@gmail.com
04-28-2021 @ 04:16:09 - Row :348 - Parsing item.
04-28-2021 @ 04:16:09 - Row :348 - Parsing failed. Reason: User with same Email already exists. Email: p_hasbargen@msn.com
04-28-2021 @ 04:16:09 - Row :349 - Parsing item.
04-28-2021 @ 04:16:09 - Row :349 - Parsing failed. Reason: User with same Email already exists. Email: Jpgreen6@gmail.com
04-28-2021 @ 04:16:09 - Row :350 - Parsing item.
04-28-2021 @ 04:16:09 - Row :350 - Parsing failed. Reason: User with same Email already exists. Email: woodmang@hotmail.co.uk
04-28-2021 @ 04:16:09 - ---[ Import ended at 2021-04-28 11:16:09]---
