07-14-2021 @ 01:08:30 - ---[ New import started at 2021-07-14 08:08:30 ] PHP Memory: 512 MB, WP Memory: 40 MB
07-14-2021 @ 01:08:30 - Preparing for import.
07-14-2021 @ 01:08:30 - Row :1 - Parsing item.
07-14-2021 @ 01:08:30 - Row :1 - Processing item.
07-14-2021 @ 01:08:30 - Processing users.
07-14-2021 @ 01:08:30 - > &#8220;509&#8221;User imported successfully. ID:509
07-14-2021 @ 01:08:30 - > Finished importing user 509
07-14-2021 @ 01:08:30 - Row :1 - User imported successfully.
07-14-2021 @ 01:08:30 - Row :2 - Parsing item.
07-14-2021 @ 01:08:30 - Row :2 - Processing item.
07-14-2021 @ 01:08:30 - Processing users.
07-14-2021 @ 01:08:30 - > &#8220;510&#8221;User imported successfully. ID:510
07-14-2021 @ 01:08:30 - > Finished importing user 510
07-14-2021 @ 01:08:30 - Row :2 - User imported successfully.
07-14-2021 @ 01:08:30 - Row :3 - Parsing item.
07-14-2021 @ 01:08:30 - Row :3 - Processing item.
07-14-2021 @ 01:08:30 - Processing users.
07-14-2021 @ 01:08:30 - > &#8220;511&#8221;User imported successfully. ID:511
07-14-2021 @ 01:08:30 - > Finished importing user 511
07-14-2021 @ 01:08:30 - Row :3 - User imported successfully.
07-14-2021 @ 01:08:30 - Row :4 - Parsing item.
07-14-2021 @ 01:08:30 - Row :4 - Processing item.
07-14-2021 @ 01:08:30 - Processing users.
07-14-2021 @ 01:08:30 - > &#8220;512&#8221;User imported successfully. ID:512
07-14-2021 @ 01:08:30 - > Finished importing user 512
07-14-2021 @ 01:08:30 - Row :4 - User imported successfully.
07-14-2021 @ 01:08:30 - Row :5 - Parsing item.
07-14-2021 @ 01:08:30 - Row :5 - Processing item.
07-14-2021 @ 01:08:30 - Processing users.
07-14-2021 @ 01:08:30 - > &#8220;513&#8221;User imported successfully. ID:513
07-14-2021 @ 01:08:30 - > Finished importing user 513
07-14-2021 @ 01:08:30 - Row :5 - User imported successfully.
07-14-2021 @ 01:08:30 - ---[ Import ended at 2021-07-14 08:08:30]---
